[1.143s] Invoking command in '/home/kristoffer/ros2_ws/src/lab01_pkg': PYTHONPATH=/home/kristoffer/ros2_ws/build/lab01_pkg/prefix_override:/home/kristoffer/ros2_ws/install/lab01_pkg/lib/python3.10/site-packages:${PYTHONPATH} /usr/bin/python3 setup.py egg_info --egg-base ../../build/lab01_pkg build --build-base /home/kristoffer/ros2_ws/build/lab01_pkg/build install --record /home/kristoffer/ros2_ws/build/lab01_pkg/install.log --single-version-externally-managed
[1.334s] running egg_info
[1.335s] creating ../../build/lab01_pkg/lab01_pkg.egg-info
[1.335s] writing ../../build/lab01_pkg/lab01_pkg.egg-info/PKG-INFO
[1.335s] writing dependency_links to ../../build/lab01_pkg/lab01_pkg.egg-info/dependency_links.txt
[1.335s] writing entry points to ../../build/lab01_pkg/lab01_pkg.egg-info/entry_points.txt
[1.336s] writing requirements to ../../build/lab01_pkg/lab01_pkg.egg-info/requires.txt
[1.336s] writing top-level names to ../../build/lab01_pkg/lab01_pkg.egg-info/top_level.txt
[1.336s] writing manifest file '../../build/lab01_pkg/lab01_pkg.egg-info/SOURCES.txt'
[1.337s] reading manifest file '../../build/lab01_pkg/lab01_pkg.egg-info/SOURCES.txt'
[1.338s] writing manifest file '../../build/lab01_pkg/lab01_pkg.egg-info/SOURCES.txt'
[1.338s] running build
[1.338s] running build_py
[1.338s] creating /home/kristoffer/ros2_ws/build/lab01_pkg/build
[1.338s] creating /home/kristoffer/ros2_ws/build/lab01_pkg/build/lib
[1.338s] creating /home/kristoffer/ros2_ws/build/lab01_pkg/build/lib/lab01_pkg
[1.338s] copying lab01_pkg/controller.py -> /home/kristoffer/ros2_ws/build/lab01_pkg/build/lib/lab01_pkg
[1.338s] copying lab01_pkg/__init__.py -> /home/kristoffer/ros2_ws/build/lab01_pkg/build/lib/lab01_pkg
[1.339s] running install
[1.339s] /usr/lib/python3/dist-packages/setuptools/command/install.py:34: SetuptoolsDeprecationWarning: setup.py install is deprecated. Use build and pip and other standards-based tools.
[1.339s]   warnings.warn(
[1.339s] running install_lib
[1.340s] creating /home/kristoffer/ros2_ws/install/lab01_pkg/lib/python3.10/site-packages/lab01_pkg
[1.340s] copying /home/kristoffer/ros2_ws/build/lab01_pkg/build/lib/lab01_pkg/controller.py -> /home/kristoffer/ros2_ws/install/lab01_pkg/lib/python3.10/site-packages/lab01_pkg
[1.340s] copying /home/kristoffer/ros2_ws/build/lab01_pkg/build/lib/lab01_pkg/__init__.py -> /home/kristoffer/ros2_ws/install/lab01_pkg/lib/python3.10/site-packages/lab01_pkg
[1.341s] byte-compiling /home/kristoffer/ros2_ws/install/lab01_pkg/lib/python3.10/site-packages/lab01_pkg/controller.py to controller.cpython-310.pyc
[1.341s] byte-compiling /home/kristoffer/ros2_ws/install/lab01_pkg/lib/python3.10/site-packages/lab01_pkg/__init__.py to __init__.cpython-310.pyc
[1.341s] running install_data
[1.342s] creating /home/kristoffer/ros2_ws/install/lab01_pkg/share/ament_index
[1.342s] creating /home/kristoffer/ros2_ws/install/lab01_pkg/share/ament_index/resource_index
[1.342s] creating /home/kristoffer/ros2_ws/install/lab01_pkg/share/ament_index/resource_index/packages
[1.342s] copying resource/lab01_pkg -> /home/kristoffer/ros2_ws/install/lab01_pkg/share/ament_index/resource_index/packages
[1.342s] copying package.xml -> /home/kristoffer/ros2_ws/install/lab01_pkg/share/lab01_pkg
[1.342s] running install_egg_info
[1.344s] Copying ../../build/lab01_pkg/lab01_pkg.egg-info to /home/kristoffer/ros2_ws/install/lab01_pkg/lib/python3.10/site-packages/lab01_pkg-0.0.0-py3.10.egg-info
[1.344s] running install_scripts
[1.362s] Installing controller script to /home/kristoffer/ros2_ws/install/lab01_pkg/lib/lab01_pkg
[1.363s] writing list of installed files to '/home/kristoffer/ros2_ws/build/lab01_pkg/install.log'
[1.397s] Invoked command in '/home/kristoffer/ros2_ws/src/lab01_pkg' returned '0': PYTHONPATH=/home/kristoffer/ros2_ws/build/lab01_pkg/prefix_override:/home/kristoffer/ros2_ws/install/lab01_pkg/lib/python3.10/site-packages:${PYTHONPATH} /usr/bin/python3 setup.py egg_info --egg-base ../../build/lab01_pkg build --build-base /home/kristoffer/ros2_ws/build/lab01_pkg/build install --record /home/kristoffer/ros2_ws/build/lab01_pkg/install.log --single-version-externally-managed
