[0.045s] Invoking command in '/home/kristoffer/ros2_ws/build/turtlesim': CMAKE_PREFIX_PATH=/opt/ros/humble /usr/bin/cmake /home/kristoffer/ros2_ws/src/ros_tutorials/turtlesim -DCMAKE_INSTALL_PREFIX=/home/kristoffer/ros2_ws/install/turtlesim
[0.152s] -- The C compiler identification is GNU 11.4.0
[0.210s] -- The CXX compiler identification is GNU 11.4.0
[0.217s] -- Detecting C compiler ABI info
[0.290s] -- Detecting C compiler ABI info - done
[0.308s] -- Check for working C compiler: /usr/bin/cc - skipped
[0.309s] -- Detecting C compile features
[0.310s] -- Detecting C compile features - done
[0.318s] -- Detecting CXX compiler ABI info
[0.430s] -- Detecting CXX compiler ABI info - done
[0.448s] -- Check for working CXX compiler: /usr/bin/c++ - skipped
[0.449s] -- Detecting CXX compile features
[0.450s] -- Detecting CXX compile features - done
[0.458s] -- Found ament_cmake: 1.3.5 (/opt/ros/humble/share/ament_cmake/cmake)
[0.759s] -- Found Python3: /usr/bin/python3.10 (found version "3.10.12") found components: Interpreter 
[0.893s] -- Found ament_index_cpp: 1.4.0 (/opt/ros/humble/share/ament_index_cpp/cmake)
[0.898s] -- Found geometry_msgs: 4.2.3 (/opt/ros/humble/share/geometry_msgs/cmake)
[0.968s] -- Found rosidl_generator_c: 3.1.5 (/opt/ros/humble/share/rosidl_generator_c/cmake)
[0.974s] -- Found rosidl_adapter: 3.1.5 (/opt/ros/humble/share/rosidl_adapter/cmake)
[0.983s] -- Found rosidl_generator_cpp: 3.1.5 (/opt/ros/humble/share/rosidl_generator_cpp/cmake)
[0.997s] -- Using all available rosidl_typesupport_c: rosidl_typesupport_fastrtps_c;rosidl_typesupport_introspection_c
[1.017s] -- Using all available rosidl_typesupport_cpp: rosidl_typesupport_fastrtps_cpp;rosidl_typesupport_introspection_cpp
[1.139s] -- Found rclcpp: 16.0.6 (/opt/ros/humble/share/rclcpp/cmake)
[1.197s] -- Found rmw_implementation_cmake: 6.1.1 (/opt/ros/humble/share/rmw_implementation_cmake/cmake)
[1.200s] -- Found rmw_fastrtps_cpp: 6.2.4 (/opt/ros/humble/share/rmw_fastrtps_cpp/cmake)
[1.370s] -- Found OpenSSL: /usr/lib/x86_64-linux-gnu/libcrypto.so (found version "3.0.2")  
[1.422s] -- Found FastRTPS: /opt/ros/humble/include  
[1.492s] -- Using RMW implementation 'rmw_fastrtps_cpp' as default
[1.501s] -- Looking for pthread.h
[1.613s] -- Looking for pthread.h - found
[1.613s] -- Performing Test CMAKE_HAVE_LIBC_PTHREAD
[1.713s] -- Performing Test CMAKE_HAVE_LIBC_PTHREAD - Success
[1.715s] -- Found Threads: TRUE  
[1.842s] -- Found rclcpp_action: 16.0.6 (/opt/ros/humble/share/rclcpp_action/cmake)
[1.933s] -- Found rosidl_default_generators: 1.2.0 (/opt/ros/humble/share/rosidl_default_generators/cmake)
[1.942s] -- Found std_srvs: 4.2.3 (/opt/ros/humble/share/std_srvs/cmake)
[2.446s] -- Found ament_cmake_ros: 0.10.0 (/opt/ros/humble/share/ament_cmake_ros/cmake)
[2.982s] -- Using all available rosidl_typesupport_c: rosidl_typesupport_fastrtps_c;rosidl_typesupport_introspection_c
[3.151s] -- Using all available rosidl_typesupport_cpp: rosidl_typesupport_fastrtps_cpp;rosidl_typesupport_introspection_cpp
[3.198s] -- Found PythonInterp: /usr/bin/python3 (found suitable version "3.10.12", minimum required is "3.6") 
[3.200s] -- Found python_cmake_module: 0.10.0 (/opt/ros/humble/share/python_cmake_module/cmake)
[3.247s] -- Found PythonLibs: /usr/lib/x86_64-linux-gnu/libpython3.10.so (found suitable version "3.10.12", minimum required is "3.5") 
[3.247s] -- Using PYTHON_EXECUTABLE: /usr/bin/python3
[3.247s] -- Using PYTHON_INCLUDE_DIRS: /usr/include/python3.10
[3.247s] -- Using PYTHON_LIBRARIES: /usr/lib/x86_64-linux-gnu/libpython3.10.so
[3.266s] -- Found PythonExtra: .so  
[3.316s] -- Configuring done
[3.379s] -- Generating done
[3.382s] -- Build files have been written to: /home/kristoffer/ros2_ws/build/turtlesim
[3.396s] Invoked command in '/home/kristoffer/ros2_ws/build/turtlesim' returned '0': CMAKE_PREFIX_PATH=/opt/ros/humble /usr/bin/cmake /home/kristoffer/ros2_ws/src/ros_tutorials/turtlesim -DCMAKE_INSTALL_PREFIX=/home/kristoffer/ros2_ws/install/turtlesim
[3.398s] Invoking command in '/home/kristoffer/ros2_ws/build/turtlesim': CMAKE_PREFIX_PATH=/opt/ros/humble /usr/bin/cmake --build /home/kristoffer/ros2_ws/build/turtlesim -- -j12 -l12
[3.497s] [  1%] [34m[1mGenerating C code for ROS interfaces[0m
[3.523s] [  1%] Built target ament_cmake_python_copy_turtlesim
[3.528s] [  2%] [34m[1mGenerating C++ code for ROS interfaces[0m
[3.749s] running egg_info
[3.750s] creating turtlesim.egg-info
[3.750s] writing turtlesim.egg-info/PKG-INFO
[3.750s] writing dependency_links to turtlesim.egg-info/dependency_links.txt
[3.750s] writing top-level names to turtlesim.egg-info/top_level.txt
[3.751s] writing manifest file 'turtlesim.egg-info/SOURCES.txt'
[3.752s] reading manifest file 'turtlesim.egg-info/SOURCES.txt'
[3.753s] writing manifest file 'turtlesim.egg-info/SOURCES.txt'
[3.783s] [  2%] Built target ament_cmake_python_build_turtlesim_egg
[4.286s] [  2%] Built target turtlesim__cpp
[4.300s] [  3%] [34m[1mGenerating C++ type support for eProsima Fast-RTPS[0m
[4.303s] [  4%] [34m[1mGenerating C++ type support dispatch for ROS interfaces[0m
[4.314s] [  5%] [34m[1mGenerating C++ introspection for ROS interfaces[0m
[4.373s] [  7%] [32mBuilding C object CMakeFiles/turtlesim__rosidl_generator_c.dir/rosidl_generator_c/turtlesim/msg/detail/pose__functions.c.o[0m
[4.373s] [  7%] [32mBuilding C object CMakeFiles/turtlesim__rosidl_generator_c.dir/rosidl_generator_c/turtlesim/msg/detail/color__functions.c.o[0m
[4.373s] [ 10%] [32mBuilding C object CMakeFiles/turtlesim__rosidl_generator_c.dir/rosidl_generator_c/turtlesim/action/detail/rotate_absolute__functions.c.o[0m
[4.373s] [ 10%] [32mBuilding C object CMakeFiles/turtlesim__rosidl_generator_c.dir/rosidl_generator_c/turtlesim/srv/detail/kill__functions.c.o[0m
[4.373s] [ 10%] [32mBuilding C object CMakeFiles/turtlesim__rosidl_generator_c.dir/rosidl_generator_c/turtlesim/srv/detail/set_pen__functions.c.o[0m
[4.375s] [ 12%] [32mBuilding C object CMakeFiles/turtlesim__rosidl_generator_c.dir/rosidl_generator_c/turtlesim/srv/detail/spawn__functions.c.o[0m
[4.375s] [ 12%] [32mBuilding C object CMakeFiles/turtlesim__rosidl_generator_c.dir/rosidl_generator_c/turtlesim/srv/detail/teleport_relative__functions.c.o[0m
[4.375s] [ 13%] [32mBuilding C object CMakeFiles/turtlesim__rosidl_generator_c.dir/rosidl_generator_c/turtlesim/srv/detail/teleport_absolute__functions.c.o[0m
[4.510s] [ 14%] [32m[1mLinking C shared library libturtlesim__rosidl_generator_c.so[0m
[4.552s] [ 14%] Built target turtlesim__rosidl_generator_c
[4.564s] [ 16%] [34m[1mGenerating C type support dispatch for ROS interfaces[0m
[4.564s] [ 16%] [34m[1mGenerating C type support for eProsima Fast-RTPS[0m
[4.564s] [ 17%] [34m[1mGenerating C introspection for ROS interfaces[0m
[4.796s] [ 22%] [32mBuilding CXX object CMakeFiles/turtlesim__rosidl_typesupport_cpp.dir/rosidl_typesupport_cpp/turtlesim/msg/pose__type_support.cpp.o[0m
[4.796s] [ 22%] [32mBuilding CXX object CMakeFiles/turtlesim__rosidl_typesupport_cpp.dir/rosidl_typesupport_cpp/turtlesim/srv/set_pen__type_support.cpp.o[0m
[4.796s] [ 22%] [32mBuilding CXX object CMakeFiles/turtlesim__rosidl_typesupport_cpp.dir/rosidl_typesupport_cpp/turtlesim/srv/kill__type_support.cpp.o[0m
[4.797s] [ 23%] [32mBuilding CXX object CMakeFiles/turtlesim__rosidl_typesupport_cpp.dir/rosidl_typesupport_cpp/turtlesim/action/rotate_absolute__type_support.cpp.o[0m
[4.797s] [ 23%] [32mBuilding CXX object CMakeFiles/turtlesim__rosidl_typesupport_cpp.dir/rosidl_typesupport_cpp/turtlesim/srv/teleport_absolute__type_support.cpp.o[0m
[4.797s] [ 23%] [32mBuilding CXX object CMakeFiles/turtlesim__rosidl_typesupport_cpp.dir/rosidl_typesupport_cpp/turtlesim/msg/color__type_support.cpp.o[0m
[4.797s] [ 24%] [32mBuilding CXX object CMakeFiles/turtlesim__rosidl_typesupport_cpp.dir/rosidl_typesupport_cpp/turtlesim/srv/spawn__type_support.cpp.o[0m
[5.173s] [ 25%] [32mBuilding CXX object CMakeFiles/turtlesim__rosidl_typesupport_cpp.dir/rosidl_typesupport_cpp/turtlesim/srv/teleport_relative__type_support.cpp.o[0m
[5.196s] [ 26%] [32mBuilding CXX object CMakeFiles/turtlesim__rosidl_typesupport_introspection_cpp.dir/rosidl_typesupport_introspection_cpp/turtlesim/action/detail/rotate_absolute__type_support.cpp.o[0m
[5.198s] [ 27%] [32mBuilding CXX object CMakeFiles/turtlesim__rosidl_typesupport_introspection_cpp.dir/rosidl_typesupport_introspection_cpp/turtlesim/msg/detail/color__type_support.cpp.o[0m
[5.201s] [ 28%] [32mBuilding CXX object CMakeFiles/turtlesim__rosidl_typesupport_introspection_cpp.dir/rosidl_typesupport_introspection_cpp/turtlesim/msg/detail/pose__type_support.cpp.o[0m
[5.206s] [ 29%] [32mBuilding CXX object CMakeFiles/turtlesim__rosidl_typesupport_introspection_cpp.dir/rosidl_typesupport_introspection_cpp/turtlesim/srv/detail/kill__type_support.cpp.o[0m
[5.207s] [ 30%] [32mBuilding CXX object CMakeFiles/turtlesim__rosidl_typesupport_introspection_cpp.dir/rosidl_typesupport_introspection_cpp/turtlesim/srv/detail/set_pen__type_support.cpp.o[0m
[5.208s] [ 31%] [32mBuilding CXX object CMakeFiles/turtlesim__rosidl_typesupport_introspection_cpp.dir/rosidl_typesupport_introspection_cpp/turtlesim/srv/detail/spawn__type_support.cpp.o[0m
[5.214s] [ 32%] [32mBuilding CXX object CMakeFiles/turtlesim__rosidl_typesupport_c.dir/rosidl_typesupport_c/turtlesim/action/rotate_absolute__type_support.cpp.o[0m
[5.224s] [ 33%] [32mBuilding CXX object CMakeFiles/turtlesim__rosidl_typesupport_fastrtps_cpp.dir/rosidl_typesupport_fastrtps_cpp/turtlesim/action/detail/dds_fastrtps/rotate_absolute__type_support.cpp.o[0m
[5.288s] [ 34%] [32mBuilding CXX object CMakeFiles/turtlesim__rosidl_typesupport_c.dir/rosidl_typesupport_c/turtlesim/msg/color__type_support.cpp.o[0m
[5.339s] [ 35%] [32mBuilding CXX object CMakeFiles/turtlesim__rosidl_typesupport_c.dir/rosidl_typesupport_c/turtlesim/msg/pose__type_support.cpp.o[0m
[5.391s] [ 36%] [32mBuilding CXX object CMakeFiles/turtlesim__rosidl_typesupport_c.dir/rosidl_typesupport_c/turtlesim/srv/kill__type_support.cpp.o[0m
[5.432s] [ 37%] [32mBuilding CXX object CMakeFiles/turtlesim__rosidl_typesupport_introspection_cpp.dir/rosidl_typesupport_introspection_cpp/turtlesim/srv/detail/teleport_absolute__type_support.cpp.o[0m
[5.446s] [ 38%] [32mBuilding CXX object CMakeFiles/turtlesim__rosidl_typesupport_c.dir/rosidl_typesupport_c/turtlesim/srv/set_pen__type_support.cpp.o[0m
[5.498s] [ 39%] [32mBuilding CXX object CMakeFiles/turtlesim__rosidl_typesupport_c.dir/rosidl_typesupport_c/turtlesim/srv/spawn__type_support.cpp.o[0m
[5.533s] [ 40%] [32m[1mLinking CXX shared library libturtlesim__rosidl_typesupport_cpp.so[0m
[5.547s] [ 41%] [32mBuilding CXX object CMakeFiles/turtlesim__rosidl_typesupport_c.dir/rosidl_typesupport_c/turtlesim/srv/teleport_absolute__type_support.cpp.o[0m
[5.598s] [ 42%] [32mBuilding CXX object CMakeFiles/turtlesim__rosidl_typesupport_c.dir/rosidl_typesupport_c/turtlesim/srv/teleport_relative__type_support.cpp.o[0m
[5.604s] [ 42%] Built target turtlesim__rosidl_typesupport_cpp
[5.622s] [ 43%] [34m[1mGenerating include/turtlesim/moc_turtle_frame.cpp[0m
[5.658s] [ 44%] [32m[1mLinking CXX shared library libturtlesim__rosidl_typesupport_c.so[0m
[5.674s] [ 45%] [32mBuilding C object CMakeFiles/turtlesim__rosidl_typesupport_introspection_c.dir/rosidl_typesupport_introspection_c/turtlesim/action/detail/rotate_absolute__type_support.c.o[0m
[5.708s] [ 46%] [32mBuilding CXX object CMakeFiles/turtlesim__rosidl_typesupport_fastrtps_c.dir/rosidl_typesupport_fastrtps_c/turtlesim/action/detail/rotate_absolute__type_support_c.cpp.o[0m
[5.712s] [ 47%] [32mBuilding CXX object CMakeFiles/turtlesim__rosidl_typesupport_fastrtps_cpp.dir/rosidl_typesupport_fastrtps_cpp/turtlesim/msg/detail/dds_fastrtps/color__type_support.cpp.o[0m
[5.724s] [ 48%] [32mBuilding CXX object CMakeFiles/turtlesim_node.dir/src/turtlesim.cpp.o[0m
[5.727s] [ 49%] [32mBuilding CXX object CMakeFiles/turtlesim__rosidl_typesupport_introspection_cpp.dir/rosidl_typesupport_introspection_cpp/turtlesim/srv/detail/teleport_relative__type_support.cpp.o[0m
[5.732s] [ 49%] Built target turtlesim__rosidl_typesupport_c
[5.742s] [ 50%] [32mBuilding CXX object CMakeFiles/turtlesim_node.dir/src/turtle.cpp.o[0m
[5.746s] [ 51%] [32mBuilding C object CMakeFiles/turtlesim__rosidl_typesupport_introspection_c.dir/rosidl_typesupport_introspection_c/turtlesim/msg/detail/color__type_support.c.o[0m
[5.756s] [ 52%] [32mBuilding C object CMakeFiles/turtlesim__rosidl_typesupport_introspection_c.dir/rosidl_typesupport_introspection_c/turtlesim/msg/detail/pose__type_support.c.o[0m
[5.763s] [ 53%] [32mBuilding C object CMakeFiles/turtlesim__rosidl_typesupport_introspection_c.dir/rosidl_typesupport_introspection_c/turtlesim/srv/detail/kill__type_support.c.o[0m
[5.767s] [ 54%] [32mBuilding CXX object CMakeFiles/turtlesim__rosidl_typesupport_fastrtps_c.dir/rosidl_typesupport_fastrtps_c/turtlesim/msg/detail/color__type_support_c.cpp.o[0m
[5.797s] [ 55%] [32mBuilding C object CMakeFiles/turtlesim__rosidl_typesupport_introspection_c.dir/rosidl_typesupport_introspection_c/turtlesim/srv/detail/set_pen__type_support.c.o[0m
[5.808s] [ 56%] [32mBuilding C object CMakeFiles/turtlesim__rosidl_typesupport_introspection_c.dir/rosidl_typesupport_introspection_c/turtlesim/srv/detail/spawn__type_support.c.o[0m
[5.820s] [ 57%] [32mBuilding C object CMakeFiles/turtlesim__rosidl_typesupport_introspection_c.dir/rosidl_typesupport_introspection_c/turtlesim/srv/detail/teleport_absolute__type_support.c.o[0m
[5.853s] [ 58%] [32mBuilding C object CMakeFiles/turtlesim__rosidl_typesupport_introspection_c.dir/rosidl_typesupport_introspection_c/turtlesim/srv/detail/teleport_relative__type_support.c.o[0m
[5.864s] [ 59%] [32mBuilding CXX object CMakeFiles/turtlesim__rosidl_typesupport_fastrtps_c.dir/rosidl_typesupport_fastrtps_c/turtlesim/msg/detail/pose__type_support_c.cpp.o[0m
[5.876s] [ 60%] [32mBuilding CXX object CMakeFiles/turtlesim__rosidl_typesupport_fastrtps_c.dir/rosidl_typesupport_fastrtps_c/turtlesim/srv/detail/kill__type_support_c.cpp.o[0m
[5.909s] [ 61%] [32m[1mLinking C shared library libturtlesim__rosidl_typesupport_introspection_c.so[0m
[5.963s] [ 61%] Built target turtlesim__rosidl_typesupport_introspection_c
[5.992s] [ 62%] [32mBuilding CXX object CMakeFiles/turtle_teleop_key.dir/tutorials/teleop_turtle_key.cpp.o[0m
[6.001s] [ 63%] [32mBuilding CXX object CMakeFiles/draw_square.dir/tutorials/draw_square.cpp.o[0m
[6.048s] [ 64%] [32mBuilding CXX object CMakeFiles/turtlesim__rosidl_typesupport_fastrtps_cpp.dir/rosidl_typesupport_fastrtps_cpp/turtlesim/msg/detail/dds_fastrtps/pose__type_support.cpp.o[0m
[6.067s] [ 65%] [32mBuilding CXX object CMakeFiles/turtlesim__rosidl_typesupport_fastrtps_cpp.dir/rosidl_typesupport_fastrtps_cpp/turtlesim/srv/detail/dds_fastrtps/kill__type_support.cpp.o[0m
[6.228s] [ 67%] [32mBuilding CXX object CMakeFiles/turtlesim__rosidl_typesupport_fastrtps_c.dir/rosidl_typesupport_fastrtps_c/turtlesim/srv/detail/set_pen__type_support_c.cpp.o[0m
[6.228s] [ 67%] [32mBuilding CXX object CMakeFiles/turtlesim__rosidl_typesupport_fastrtps_cpp.dir/rosidl_typesupport_fastrtps_cpp/turtlesim/srv/detail/dds_fastrtps/set_pen__type_support.cpp.o[0m
[6.230s] [ 68%] [32mBuilding CXX object CMakeFiles/turtlesim__rosidl_typesupport_fastrtps_c.dir/rosidl_typesupport_fastrtps_c/turtlesim/srv/detail/spawn__type_support_c.cpp.o[0m
[6.265s] [ 69%] [32m[1mLinking CXX shared library libturtlesim__rosidl_typesupport_introspection_cpp.so[0m
[6.294s] [ 70%] [32mBuilding CXX object CMakeFiles/turtlesim__rosidl_typesupport_fastrtps_c.dir/rosidl_typesupport_fastrtps_c/turtlesim/srv/detail/teleport_absolute__type_support_c.cpp.o[0m
[6.365s] [ 71%] [32mBuilding CXX object CMakeFiles/turtlesim__rosidl_typesupport_fastrtps_c.dir/rosidl_typesupport_fastrtps_c/turtlesim/srv/detail/teleport_relative__type_support_c.cpp.o[0m
[6.440s] [ 71%] Built target turtlesim__rosidl_typesupport_introspection_cpp
[6.477s] [ 72%] [32mBuilding CXX object CMakeFiles/mimic.dir/tutorials/mimic.cpp.o[0m
[6.605s] [ 73%] [32mBuilding CXX object CMakeFiles/turtlesim__rosidl_typesupport_fastrtps_cpp.dir/rosidl_typesupport_fastrtps_cpp/turtlesim/srv/detail/dds_fastrtps/spawn__type_support.cpp.o[0m
[6.650s] [ 74%] [32mBuilding CXX object CMakeFiles/turtlesim__rosidl_typesupport_fastrtps_cpp.dir/rosidl_typesupport_fastrtps_cpp/turtlesim/srv/detail/dds_fastrtps/teleport_absolute__type_support.cpp.o[0m
[6.686s] [ 75%] [32mBuilding CXX object CMakeFiles/turtlesim__rosidl_typesupport_fastrtps_cpp.dir/rosidl_typesupport_fastrtps_cpp/turtlesim/srv/detail/dds_fastrtps/teleport_relative__type_support.cpp.o[0m
[6.712s] [ 76%] [32mBuilding CXX object CMakeFiles/turtlesim_node.dir/src/turtle_frame.cpp.o[0m
[6.792s] [ 77%] [32mBuilding CXX object CMakeFiles/turtlesim_node.dir/include/turtlesim/moc_turtle_frame.cpp.o[0m
[6.888s] [ 78%] [32m[1mLinking CXX shared library libturtlesim__rosidl_typesupport_fastrtps_c.so[0m
[7.071s] [ 78%] Built target turtlesim__rosidl_typesupport_fastrtps_c
[7.241s] [ 79%] [32m[1mLinking CXX shared library libturtlesim__rosidl_typesupport_fastrtps_cpp.so[0m
[7.361s] [ 79%] Built target turtlesim__rosidl_typesupport_fastrtps_cpp
[7.386s] [ 79%] Built target turtlesim
[7.411s] [ 80%] [34m[1mGenerating Python code for ROS interfaces[0m
[8.978s] [ 80%] Built target turtlesim__py
[9.007s] [ 84%] [32mBuilding C object CMakeFiles/turtlesim__rosidl_generator_py.dir/rosidl_generator_py/turtlesim/msg/_pose_s.c.o[0m
[9.008s] [ 84%] [32mBuilding C object CMakeFiles/turtlesim__rosidl_generator_py.dir/rosidl_generator_py/turtlesim/msg/_color_s.c.o[0m
[9.008s] [ 85%] [32mBuilding C object CMakeFiles/turtlesim__rosidl_generator_py.dir/rosidl_generator_py/turtlesim/srv/_set_pen_s.c.o[0m
[9.008s] [ 85%] [32mBuilding C object CMakeFiles/turtlesim__rosidl_generator_py.dir/rosidl_generator_py/turtlesim/srv/_kill_s.c.o[0m
[9.008s] [ 85%] [32mBuilding C object CMakeFiles/turtlesim__rosidl_generator_py.dir/rosidl_generator_py/turtlesim/action/_rotate_absolute_s.c.o[0m
[9.166s] [ 86%] [32mBuilding C object CMakeFiles/turtlesim__rosidl_generator_py.dir/rosidl_generator_py/turtlesim/srv/_teleport_absolute_s.c.o[0m
[9.166s] [ 87%] [32mBuilding C object CMakeFiles/turtlesim__rosidl_generator_py.dir/rosidl_generator_py/turtlesim/srv/_spawn_s.c.o[0m
[9.169s] [ 88%] [32mBuilding C object CMakeFiles/turtlesim__rosidl_generator_py.dir/rosidl_generator_py/turtlesim/srv/_teleport_relative_s.c.o[0m
[9.327s] [ 89%] [32m[1mLinking C shared library rosidl_generator_py/turtlesim/libturtlesim__rosidl_generator_py.so[0m
[9.388s] [ 89%] Built target turtlesim__rosidl_generator_py
[9.417s] [ 91%] [32mBuilding C object CMakeFiles/turtlesim__rosidl_typesupport_fastrtps_c__pyext.dir/rosidl_generator_py/turtlesim/_turtlesim_s.ep.rosidl_typesupport_fastrtps_c.c.o[0m
[9.418s] [ 91%] [32mBuilding C object CMakeFiles/turtlesim__rosidl_typesupport_introspection_c__pyext.dir/rosidl_generator_py/turtlesim/_turtlesim_s.ep.rosidl_typesupport_introspection_c.c.o[0m
[9.422s] [ 92%] [32mBuilding C object CMakeFiles/turtlesim__rosidl_typesupport_c__pyext.dir/rosidl_generator_py/turtlesim/_turtlesim_s.ep.rosidl_typesupport_c.c.o[0m
[9.662s] [ 94%] [32m[1mLinking C shared library rosidl_generator_py/turtlesim/turtlesim_s__rosidl_typesupport_introspection_c.cpython-310-x86_64-linux-gnu.so[0m
[9.663s] [ 94%] [32m[1mLinking C shared library rosidl_generator_py/turtlesim/turtlesim_s__rosidl_typesupport_fastrtps_c.cpython-310-x86_64-linux-gnu.so[0m
[9.672s] [ 95%] [32m[1mLinking C shared library rosidl_generator_py/turtlesim/turtlesim_s__rosidl_typesupport_c.cpython-310-x86_64-linux-gnu.so[0m
[9.726s] [ 95%] Built target turtlesim__rosidl_typesupport_introspection_c__pyext
[9.728s] [ 95%] Built target turtlesim__rosidl_typesupport_fastrtps_c__pyext
[9.740s] [ 95%] Built target turtlesim__rosidl_typesupport_c__pyext
[13.438s] [ 96%] [32m[1mLinking CXX executable turtle_teleop_key[0m
[13.825s] [ 96%] Built target turtle_teleop_key
[15.451s] [ 97%] [32m[1mLinking CXX executable mimic[0m
[16.029s] [ 97%] Built target mimic
[16.066s] [ 98%] [32m[1mLinking CXX executable draw_square[0m
[16.713s] [ 98%] Built target draw_square
[19.344s] [100%] [32m[1mLinking CXX executable turtlesim_node[0m
[21.730s] [100%] Built target turtlesim_node
[21.763s] Invoked command in '/home/kristoffer/ros2_ws/build/turtlesim' returned '0': CMAKE_PREFIX_PATH=/opt/ros/humble /usr/bin/cmake --build /home/kristoffer/ros2_ws/build/turtlesim -- -j12 -l12
[22.153s] Invoking command in '/home/kristoffer/ros2_ws/build/turtlesim': CMAKE_PREFIX_PATH=/opt/ros/humble /usr/bin/cmake --install /home/kristoffer/ros2_ws/build/turtlesim
[22.161s] -- Install configuration: ""
[22.161s] -- Installing: /home/kristoffer/ros2_ws/install/turtlesim/share/ament_index/resource_index/rosidl_interfaces/turtlesim
[22.161s] -- Installing: /home/kristoffer/ros2_ws/install/turtlesim/include/turtlesim/turtlesim
[22.161s] -- Installing: /home/kristoffer/ros2_ws/install/turtlesim/include/turtlesim/turtlesim/msg
[22.161s] -- Installing: /home/kristoffer/ros2_ws/install/turtlesim/include/turtlesim/turtlesim/msg/rosidl_generator_c__visibility_control.h
[22.162s] -- Installing: /home/kristoffer/ros2_ws/install/turtlesim/include/turtlesim/turtlesim/msg/detail
[22.162s] -- Installing: /home/kristoffer/ros2_ws/install/turtlesim/include/turtlesim/turtlesim/msg/detail/pose__type_support.h
[22.162s] -- Installing: /home/kristoffer/ros2_ws/install/turtlesim/include/turtlesim/turtlesim/msg/detail/pose__functions.c
[22.162s] -- Installing: /home/kristoffer/ros2_ws/install/turtlesim/include/turtlesim/turtlesim/msg/detail/color__functions.h
[22.162s] -- Installing: /home/kristoffer/ros2_ws/install/turtlesim/include/turtlesim/turtlesim/msg/detail/pose__struct.h
[22.162s] -- Installing: /home/kristoffer/ros2_ws/install/turtlesim/include/turtlesim/turtlesim/msg/detail/color__functions.c
[22.162s] -- Installing: /home/kristoffer/ros2_ws/install/turtlesim/include/turtlesim/turtlesim/msg/detail/color__type_support.h
[22.162s] -- Installing: /home/kristoffer/ros2_ws/install/turtlesim/include/turtlesim/turtlesim/msg/detail/color__struct.h
[22.163s] -- Installing: /home/kristoffer/ros2_ws/install/turtlesim/include/turtlesim/turtlesim/msg/detail/pose__functions.h
[22.163s] -- Installing: /home/kristoffer/ros2_ws/install/turtlesim/include/turtlesim/turtlesim/msg/color.h
[22.163s] -- Installing: /home/kristoffer/ros2_ws/install/turtlesim/include/turtlesim/turtlesim/msg/pose.h
[22.163s] -- Installing: /home/kristoffer/ros2_ws/install/turtlesim/include/turtlesim/turtlesim/srv
[22.163s] -- Installing: /home/kristoffer/ros2_ws/install/turtlesim/include/turtlesim/turtlesim/srv/teleport_relative.h
[22.164s] -- Installing: /home/kristoffer/ros2_ws/install/turtlesim/include/turtlesim/turtlesim/srv/teleport_absolute.h
[22.164s] -- Installing: /home/kristoffer/ros2_ws/install/turtlesim/include/turtlesim/turtlesim/srv/spawn.h
[22.164s] -- Installing: /home/kristoffer/ros2_ws/install/turtlesim/include/turtlesim/turtlesim/srv/detail
[22.164s] -- Installing: /home/kristoffer/ros2_ws/install/turtlesim/include/turtlesim/turtlesim/srv/detail/kill__type_support.h
[22.164s] -- Installing: /home/kristoffer/ros2_ws/install/turtlesim/include/turtlesim/turtlesim/srv/detail/spawn__functions.c
[22.164s] -- Installing: /home/kristoffer/ros2_ws/install/turtlesim/include/turtlesim/turtlesim/srv/detail/spawn__functions.h
[22.164s] -- Installing: /home/kristoffer/ros2_ws/install/turtlesim/include/turtlesim/turtlesim/srv/detail/set_pen__struct.h
[22.165s] -- Installing: /home/kristoffer/ros2_ws/install/turtlesim/include/turtlesim/turtlesim/srv/detail/spawn__struct.h
[22.165s] -- Installing: /home/kristoffer/ros2_ws/install/turtlesim/include/turtlesim/turtlesim/srv/detail/set_pen__functions.c
[22.165s] -- Installing: /home/kristoffer/ros2_ws/install/turtlesim/include/turtlesim/turtlesim/srv/detail/kill__functions.h
[22.165s] -- Installing: /home/kristoffer/ros2_ws/install/turtlesim/include/turtlesim/turtlesim/srv/detail/teleport_absolute__type_support.h
[22.165s] -- Installing: /home/kristoffer/ros2_ws/install/turtlesim/include/turtlesim/turtlesim/srv/detail/spawn__type_support.h
[22.165s] -- Installing: /home/kristoffer/ros2_ws/install/turtlesim/include/turtlesim/turtlesim/srv/detail/kill__struct.h
[22.165s] -- Installing: /home/kristoffer/ros2_ws/install/turtlesim/include/turtlesim/turtlesim/srv/detail/set_pen__functions.h
[22.165s] -- Installing: /home/kristoffer/ros2_ws/install/turtlesim/include/turtlesim/turtlesim/srv/detail/kill__functions.c
[22.166s] -- Installing: /home/kristoffer/ros2_ws/install/turtlesim/include/turtlesim/turtlesim/srv/detail/teleport_relative__struct.h
[22.166s] -- Installing: /home/kristoffer/ros2_ws/install/turtlesim/include/turtlesim/turtlesim/srv/detail/teleport_absolute__struct.h
[22.166s] -- Installing: /home/kristoffer/ros2_ws/install/turtlesim/include/turtlesim/turtlesim/srv/detail/teleport_relative__functions.c
[22.166s] -- Installing: /home/kristoffer/ros2_ws/install/turtlesim/include/turtlesim/turtlesim/srv/detail/teleport_absolute__functions.c
[22.166s] -- Installing: /home/kristoffer/ros2_ws/install/turtlesim/include/turtlesim/turtlesim/srv/detail/set_pen__type_support.h
[22.166s] -- Installing: /home/kristoffer/ros2_ws/install/turtlesim/include/turtlesim/turtlesim/srv/detail/teleport_absolute__functions.h
[22.166s] -- Installing: /home/kristoffer/ros2_ws/install/turtlesim/include/turtlesim/turtlesim/srv/detail/teleport_relative__functions.h
[22.167s] -- Installing: /home/kristoffer/ros2_ws/install/turtlesim/include/turtlesim/turtlesim/srv/detail/teleport_relative__type_support.h
[22.167s] -- Installing: /home/kristoffer/ros2_ws/install/turtlesim/include/turtlesim/turtlesim/srv/kill.h
[22.167s] -- Installing: /home/kristoffer/ros2_ws/install/turtlesim/include/turtlesim/turtlesim/srv/set_pen.h
[22.167s] -- Installing: /home/kristoffer/ros2_ws/install/turtlesim/include/turtlesim/turtlesim/action
[22.167s] -- Installing: /home/kristoffer/ros2_ws/install/turtlesim/include/turtlesim/turtlesim/action/detail
[22.167s] -- Installing: /home/kristoffer/ros2_ws/install/turtlesim/include/turtlesim/turtlesim/action/detail/rotate_absolute__functions.c
[22.167s] -- Installing: /home/kristoffer/ros2_ws/install/turtlesim/include/turtlesim/turtlesim/action/detail/rotate_absolute__type_support.h
[22.167s] -- Installing: /home/kristoffer/ros2_ws/install/turtlesim/include/turtlesim/turtlesim/action/detail/rotate_absolute__struct.h
[22.167s] -- Installing: /home/kristoffer/ros2_ws/install/turtlesim/include/turtlesim/turtlesim/action/detail/rotate_absolute__functions.h
[22.168s] -- Installing: /home/kristoffer/ros2_ws/install/turtlesim/include/turtlesim/turtlesim/action/rotate_absolute.h
[22.168s] -- Installing: /home/kristoffer/ros2_ws/install/turtlesim/share/turtlesim/environment/library_path.sh
[22.168s] -- Installing: /home/kristoffer/ros2_ws/install/turtlesim/share/turtlesim/environment/library_path.dsv
[22.168s] -- Installing: /home/kristoffer/ros2_ws/install/turtlesim/lib/libturtlesim__rosidl_generator_c.so
[22.168s] -- Set runtime path of "/home/kristoffer/ros2_ws/install/turtlesim/lib/libturtlesim__rosidl_generator_c.so" to ""
[22.168s] -- Up-to-date: /home/kristoffer/ros2_ws/install/turtlesim/include/turtlesim/turtlesim
[22.168s] -- Up-to-date: /home/kristoffer/ros2_ws/install/turtlesim/include/turtlesim/turtlesim/msg
[22.169s] -- Up-to-date: /home/kristoffer/ros2_ws/install/turtlesim/include/turtlesim/turtlesim/msg/detail
[22.169s] -- Installing: /home/kristoffer/ros2_ws/install/turtlesim/include/turtlesim/turtlesim/msg/detail/pose__rosidl_typesupport_fastrtps_c.h
[22.169s] -- Installing: /home/kristoffer/ros2_ws/install/turtlesim/include/turtlesim/turtlesim/msg/detail/color__rosidl_typesupport_fastrtps_c.h
[22.169s] -- Installing: /home/kristoffer/ros2_ws/install/turtlesim/include/turtlesim/turtlesim/msg/rosidl_typesupport_fastrtps_c__visibility_control.h
[22.169s] -- Up-to-date: /home/kristoffer/ros2_ws/install/turtlesim/include/turtlesim/turtlesim/srv
[22.169s] -- Up-to-date: /home/kristoffer/ros2_ws/install/turtlesim/include/turtlesim/turtlesim/srv/detail
[22.169s] -- Installing: /home/kristoffer/ros2_ws/install/turtlesim/include/turtlesim/turtlesim/srv/detail/kill__rosidl_typesupport_fastrtps_c.h
[22.169s] -- Installing: /home/kristoffer/ros2_ws/install/turtlesim/include/turtlesim/turtlesim/srv/detail/teleport_absolute__rosidl_typesupport_fastrtps_c.h
[22.170s] -- Installing: /home/kristoffer/ros2_ws/install/turtlesim/include/turtlesim/turtlesim/srv/detail/teleport_relative__rosidl_typesupport_fastrtps_c.h
[22.170s] -- Installing: /home/kristoffer/ros2_ws/install/turtlesim/include/turtlesim/turtlesim/srv/detail/spawn__rosidl_typesupport_fastrtps_c.h
[22.170s] -- Installing: /home/kristoffer/ros2_ws/install/turtlesim/include/turtlesim/turtlesim/srv/detail/set_pen__rosidl_typesupport_fastrtps_c.h
[22.170s] -- Up-to-date: /home/kristoffer/ros2_ws/install/turtlesim/include/turtlesim/turtlesim/action
[22.170s] -- Up-to-date: /home/kristoffer/ros2_ws/install/turtlesim/include/turtlesim/turtlesim/action/detail
[22.170s] -- Installing: /home/kristoffer/ros2_ws/install/turtlesim/include/turtlesim/turtlesim/action/detail/rotate_absolute__rosidl_typesupport_fastrtps_c.h
[22.170s] -- Installing: /home/kristoffer/ros2_ws/install/turtlesim/lib/libturtlesim__rosidl_typesupport_fastrtps_c.so
[22.170s] -- Set runtime path of "/home/kristoffer/ros2_ws/install/turtlesim/lib/libturtlesim__rosidl_typesupport_fastrtps_c.so" to ""
[22.171s] -- Up-to-date: /home/kristoffer/ros2_ws/install/turtlesim/include/turtlesim/turtlesim
[22.171s] -- Up-to-date: /home/kristoffer/ros2_ws/install/turtlesim/include/turtlesim/turtlesim/msg
[22.171s] -- Up-to-date: /home/kristoffer/ros2_ws/install/turtlesim/include/turtlesim/turtlesim/msg/detail
[22.171s] -- Installing: /home/kristoffer/ros2_ws/install/turtlesim/include/turtlesim/turtlesim/msg/detail/color__struct.hpp
[22.171s] -- Installing: /home/kristoffer/ros2_ws/install/turtlesim/include/turtlesim/turtlesim/msg/detail/pose__struct.hpp
[22.171s] -- Installing: /home/kristoffer/ros2_ws/install/turtlesim/include/turtlesim/turtlesim/msg/detail/pose__builder.hpp
[22.172s] -- Installing: /home/kristoffer/ros2_ws/install/turtlesim/include/turtlesim/turtlesim/msg/detail/pose__traits.hpp
[22.172s] -- Installing: /home/kristoffer/ros2_ws/install/turtlesim/include/turtlesim/turtlesim/msg/detail/color__builder.hpp
[22.172s] -- Installing: /home/kristoffer/ros2_ws/install/turtlesim/include/turtlesim/turtlesim/msg/detail/color__traits.hpp
[22.172s] -- Installing: /home/kristoffer/ros2_ws/install/turtlesim/include/turtlesim/turtlesim/msg/pose.hpp
[22.172s] -- Installing: /home/kristoffer/ros2_ws/install/turtlesim/include/turtlesim/turtlesim/msg/color.hpp
[22.173s] -- Up-to-date: /home/kristoffer/ros2_ws/install/turtlesim/include/turtlesim/turtlesim/srv
[22.173s] -- Installing: /home/kristoffer/ros2_ws/install/turtlesim/include/turtlesim/turtlesim/srv/spawn.hpp
[22.173s] -- Up-to-date: /home/kristoffer/ros2_ws/install/turtlesim/include/turtlesim/turtlesim/srv/detail
[22.173s] -- Installing: /home/kristoffer/ros2_ws/install/turtlesim/include/turtlesim/turtlesim/srv/detail/spawn__builder.hpp
[22.174s] -- Installing: /home/kristoffer/ros2_ws/install/turtlesim/include/turtlesim/turtlesim/srv/detail/set_pen__struct.hpp
[22.174s] -- Installing: /home/kristoffer/ros2_ws/install/turtlesim/include/turtlesim/turtlesim/srv/detail/kill__builder.hpp
[22.174s] -- Installing: /home/kristoffer/ros2_ws/install/turtlesim/include/turtlesim/turtlesim/srv/detail/kill__struct.hpp
[22.174s] -- Installing: /home/kristoffer/ros2_ws/install/turtlesim/include/turtlesim/turtlesim/srv/detail/spawn__traits.hpp
[22.174s] -- Installing: /home/kristoffer/ros2_ws/install/turtlesim/include/turtlesim/turtlesim/srv/detail/teleport_relative__traits.hpp
[22.175s] -- Installing: /home/kristoffer/ros2_ws/install/turtlesim/include/turtlesim/turtlesim/srv/detail/spawn__struct.hpp
[22.175s] -- Installing: /home/kristoffer/ros2_ws/install/turtlesim/include/turtlesim/turtlesim/srv/detail/teleport_absolute__traits.hpp
[22.175s] -- Installing: /home/kristoffer/ros2_ws/install/turtlesim/include/turtlesim/turtlesim/srv/detail/set_pen__builder.hpp
[22.176s] -- Installing: /home/kristoffer/ros2_ws/install/turtlesim/include/turtlesim/turtlesim/srv/detail/teleport_absolute__builder.hpp
[22.176s] -- Installing: /home/kristoffer/ros2_ws/install/turtlesim/include/turtlesim/turtlesim/srv/detail/kill__traits.hpp
[22.176s] -- Installing: /home/kristoffer/ros2_ws/install/turtlesim/include/turtlesim/turtlesim/srv/detail/teleport_relative__struct.hpp
[22.176s] -- Installing: /home/kristoffer/ros2_ws/install/turtlesim/include/turtlesim/turtlesim/srv/detail/teleport_absolute__struct.hpp
[22.177s] -- Installing: /home/kristoffer/ros2_ws/install/turtlesim/include/turtlesim/turtlesim/srv/detail/set_pen__traits.hpp
[22.177s] -- Installing: /home/kristoffer/ros2_ws/install/turtlesim/include/turtlesim/turtlesim/srv/detail/teleport_relative__builder.hpp
[22.177s] -- Installing: /home/kristoffer/ros2_ws/install/turtlesim/include/turtlesim/turtlesim/srv/teleport_absolute.hpp
[22.177s] -- Installing: /home/kristoffer/ros2_ws/install/turtlesim/include/turtlesim/turtlesim/srv/teleport_relative.hpp
[22.177s] -- Installing: /home/kristoffer/ros2_ws/install/turtlesim/include/turtlesim/turtlesim/srv/kill.hpp
[22.178s] -- Installing: /home/kristoffer/ros2_ws/install/turtlesim/include/turtlesim/turtlesim/srv/set_pen.hpp
[22.178s] -- Up-to-date: /home/kristoffer/ros2_ws/install/turtlesim/include/turtlesim/turtlesim/action
[22.178s] -- Installing: /home/kristoffer/ros2_ws/install/turtlesim/include/turtlesim/turtlesim/action/rotate_absolute.hpp
[22.178s] -- Up-to-date: /home/kristoffer/ros2_ws/install/turtlesim/include/turtlesim/turtlesim/action/detail
[22.179s] -- Installing: /home/kristoffer/ros2_ws/install/turtlesim/include/turtlesim/turtlesim/action/detail/rotate_absolute__traits.hpp
[22.179s] -- Installing: /home/kristoffer/ros2_ws/install/turtlesim/include/turtlesim/turtlesim/action/detail/rotate_absolute__struct.hpp
[22.179s] -- Installing: /home/kristoffer/ros2_ws/install/turtlesim/include/turtlesim/turtlesim/action/detail/rotate_absolute__builder.hpp
[22.179s] -- Up-to-date: /home/kristoffer/ros2_ws/install/turtlesim/include/turtlesim/turtlesim
[22.180s] -- Up-to-date: /home/kristoffer/ros2_ws/install/turtlesim/include/turtlesim/turtlesim/msg
[22.180s] -- Up-to-date: /home/kristoffer/ros2_ws/install/turtlesim/include/turtlesim/turtlesim/msg/detail
[22.180s] -- Installing: /home/kristoffer/ros2_ws/install/turtlesim/include/turtlesim/turtlesim/msg/detail/color__rosidl_typesupport_fastrtps_cpp.hpp
[22.180s] -- Installing: /home/kristoffer/ros2_ws/install/turtlesim/include/turtlesim/turtlesim/msg/detail/dds_fastrtps
[22.181s] -- Installing: /home/kristoffer/ros2_ws/install/turtlesim/include/turtlesim/turtlesim/msg/detail/pose__rosidl_typesupport_fastrtps_cpp.hpp
[22.181s] -- Installing: /home/kristoffer/ros2_ws/install/turtlesim/include/turtlesim/turtlesim/msg/rosidl_typesupport_fastrtps_cpp__visibility_control.h
[22.181s] -- Up-to-date: /home/kristoffer/ros2_ws/install/turtlesim/include/turtlesim/turtlesim/srv
[22.181s] -- Up-to-date: /home/kristoffer/ros2_ws/install/turtlesim/include/turtlesim/turtlesim/srv/detail
[22.181s] -- Installing: /home/kristoffer/ros2_ws/install/turtlesim/include/turtlesim/turtlesim/srv/detail/dds_fastrtps
[22.182s] -- Installing: /home/kristoffer/ros2_ws/install/turtlesim/include/turtlesim/turtlesim/srv/detail/kill__rosidl_typesupport_fastrtps_cpp.hpp
[22.182s] -- Installing: /home/kristoffer/ros2_ws/install/turtlesim/include/turtlesim/turtlesim/srv/detail/set_pen__rosidl_typesupport_fastrtps_cpp.hpp
[22.182s] -- Installing: /home/kristoffer/ros2_ws/install/turtlesim/include/turtlesim/turtlesim/srv/detail/teleport_absolute__rosidl_typesupport_fastrtps_cpp.hpp
[22.182s] -- Installing: /home/kristoffer/ros2_ws/install/turtlesim/include/turtlesim/turtlesim/srv/detail/spawn__rosidl_typesupport_fastrtps_cpp.hpp
[22.183s] -- Installing: /home/kristoffer/ros2_ws/install/turtlesim/include/turtlesim/turtlesim/srv/detail/teleport_relative__rosidl_typesupport_fastrtps_cpp.hpp
[22.183s] -- Up-to-date: /home/kristoffer/ros2_ws/install/turtlesim/include/turtlesim/turtlesim/action
[22.183s] -- Up-to-date: /home/kristoffer/ros2_ws/install/turtlesim/include/turtlesim/turtlesim/action/detail
[22.184s] -- Installing: /home/kristoffer/ros2_ws/install/turtlesim/include/turtlesim/turtlesim/action/detail/dds_fastrtps
[22.184s] -- Installing: /home/kristoffer/ros2_ws/install/turtlesim/include/turtlesim/turtlesim/action/detail/rotate_absolute__rosidl_typesupport_fastrtps_cpp.hpp
[22.184s] -- Installing: /home/kristoffer/ros2_ws/install/turtlesim/lib/libturtlesim__rosidl_typesupport_fastrtps_cpp.so
[22.184s] -- Set runtime path of "/home/kristoffer/ros2_ws/install/turtlesim/lib/libturtlesim__rosidl_typesupport_fastrtps_cpp.so" to ""
[22.184s] -- Up-to-date: /home/kristoffer/ros2_ws/install/turtlesim/include/turtlesim/turtlesim
[22.185s] -- Up-to-date: /home/kristoffer/ros2_ws/install/turtlesim/include/turtlesim/turtlesim/msg
[22.185s] -- Up-to-date: /home/kristoffer/ros2_ws/install/turtlesim/include/turtlesim/turtlesim/msg/detail
[22.185s] -- Installing: /home/kristoffer/ros2_ws/install/turtlesim/include/turtlesim/turtlesim/msg/detail/pose__type_support.c
[22.185s] -- Installing: /home/kristoffer/ros2_ws/install/turtlesim/include/turtlesim/turtlesim/msg/detail/color__type_support.c
[22.185s] -- Installing: /home/kristoffer/ros2_ws/install/turtlesim/include/turtlesim/turtlesim/msg/detail/pose__rosidl_typesupport_introspection_c.h
[22.186s] -- Installing: /home/kristoffer/ros2_ws/install/turtlesim/include/turtlesim/turtlesim/msg/detail/color__rosidl_typesupport_introspection_c.h
[22.186s] -- Installing: /home/kristoffer/ros2_ws/install/turtlesim/include/turtlesim/turtlesim/msg/rosidl_typesupport_introspection_c__visibility_control.h
[22.186s] -- Up-to-date: /home/kristoffer/ros2_ws/install/turtlesim/include/turtlesim/turtlesim/srv
[22.186s] -- Up-to-date: /home/kristoffer/ros2_ws/install/turtlesim/include/turtlesim/turtlesim/srv/detail
[22.187s] -- Installing: /home/kristoffer/ros2_ws/install/turtlesim/include/turtlesim/turtlesim/srv/detail/spawn__type_support.c
[22.187s] -- Installing: /home/kristoffer/ros2_ws/install/turtlesim/include/turtlesim/turtlesim/srv/detail/spawn__rosidl_typesupport_introspection_c.h
[22.187s] -- Installing: /home/kristoffer/ros2_ws/install/turtlesim/include/turtlesim/turtlesim/srv/detail/kill__rosidl_typesupport_introspection_c.h
[22.187s] -- Installing: /home/kristoffer/ros2_ws/install/turtlesim/include/turtlesim/turtlesim/srv/detail/teleport_relative__type_support.c
[22.188s] -- Installing: /home/kristoffer/ros2_ws/install/turtlesim/include/turtlesim/turtlesim/srv/detail/teleport_absolute__type_support.c
[22.188s] -- Installing: /home/kristoffer/ros2_ws/install/turtlesim/include/turtlesim/turtlesim/srv/detail/set_pen__rosidl_typesupport_introspection_c.h
[22.188s] -- Installing: /home/kristoffer/ros2_ws/install/turtlesim/include/turtlesim/turtlesim/srv/detail/kill__type_support.c
[22.188s] -- Installing: /home/kristoffer/ros2_ws/install/turtlesim/include/turtlesim/turtlesim/srv/detail/teleport_relative__rosidl_typesupport_introspection_c.h
[22.188s] -- Installing: /home/kristoffer/ros2_ws/install/turtlesim/include/turtlesim/turtlesim/srv/detail/teleport_absolute__rosidl_typesupport_introspection_c.h
[22.189s] -- Installing: /home/kristoffer/ros2_ws/install/turtlesim/include/turtlesim/turtlesim/srv/detail/set_pen__type_support.c
[22.189s] -- Up-to-date: /home/kristoffer/ros2_ws/install/turtlesim/include/turtlesim/turtlesim/action
[22.189s] -- Up-to-date: /home/kristoffer/ros2_ws/install/turtlesim/include/turtlesim/turtlesim/action/detail
[22.189s] -- Installing: /home/kristoffer/ros2_ws/install/turtlesim/include/turtlesim/turtlesim/action/detail/rotate_absolute__type_support.c
[22.190s] -- Installing: /home/kristoffer/ros2_ws/install/turtlesim/include/turtlesim/turtlesim/action/detail/rotate_absolute__rosidl_typesupport_introspection_c.h
[22.190s] -- Installing: /home/kristoffer/ros2_ws/install/turtlesim/lib/libturtlesim__rosidl_typesupport_introspection_c.so
[22.190s] -- Set runtime path of "/home/kristoffer/ros2_ws/install/turtlesim/lib/libturtlesim__rosidl_typesupport_introspection_c.so" to ""
[22.190s] -- Installing: /home/kristoffer/ros2_ws/install/turtlesim/lib/libturtlesim__rosidl_typesupport_c.so
[22.190s] -- Set runtime path of "/home/kristoffer/ros2_ws/install/turtlesim/lib/libturtlesim__rosidl_typesupport_c.so" to ""
[22.191s] -- Up-to-date: /home/kristoffer/ros2_ws/install/turtlesim/include/turtlesim/turtlesim
[22.191s] -- Up-to-date: /home/kristoffer/ros2_ws/install/turtlesim/include/turtlesim/turtlesim/msg
[22.191s] -- Up-to-date: /home/kristoffer/ros2_ws/install/turtlesim/include/turtlesim/turtlesim/msg/detail
[22.191s] -- Installing: /home/kristoffer/ros2_ws/install/turtlesim/include/turtlesim/turtlesim/msg/detail/pose__rosidl_typesupport_introspection_cpp.hpp
[22.191s] -- Installing: /home/kristoffer/ros2_ws/install/turtlesim/include/turtlesim/turtlesim/msg/detail/color__rosidl_typesupport_introspection_cpp.hpp
[22.192s] -- Installing: /home/kristoffer/ros2_ws/install/turtlesim/include/turtlesim/turtlesim/msg/detail/color__type_support.cpp
[22.192s] -- Installing: /home/kristoffer/ros2_ws/install/turtlesim/include/turtlesim/turtlesim/msg/detail/pose__type_support.cpp
[22.192s] -- Up-to-date: /home/kristoffer/ros2_ws/install/turtlesim/include/turtlesim/turtlesim/srv
[22.192s] -- Up-to-date: /home/kristoffer/ros2_ws/install/turtlesim/include/turtlesim/turtlesim/srv/detail
[22.192s] -- Installing: /home/kristoffer/ros2_ws/install/turtlesim/include/turtlesim/turtlesim/srv/detail/spawn__rosidl_typesupport_introspection_cpp.hpp
[22.192s] -- Installing: /home/kristoffer/ros2_ws/install/turtlesim/include/turtlesim/turtlesim/srv/detail/set_pen__type_support.cpp
[22.192s] -- Installing: /home/kristoffer/ros2_ws/install/turtlesim/include/turtlesim/turtlesim/srv/detail/kill__rosidl_typesupport_introspection_cpp.hpp
[22.193s] -- Installing: /home/kristoffer/ros2_ws/install/turtlesim/include/turtlesim/turtlesim/srv/detail/spawn__type_support.cpp
[22.193s] -- Installing: /home/kristoffer/ros2_ws/install/turtlesim/include/turtlesim/turtlesim/srv/detail/teleport_relative__type_support.cpp
[22.193s] -- Installing: /home/kristoffer/ros2_ws/install/turtlesim/include/turtlesim/turtlesim/srv/detail/teleport_relative__rosidl_typesupport_introspection_cpp.hpp
[22.193s] -- Installing: /home/kristoffer/ros2_ws/install/turtlesim/include/turtlesim/turtlesim/srv/detail/set_pen__rosidl_typesupport_introspection_cpp.hpp
[22.193s] -- Installing: /home/kristoffer/ros2_ws/install/turtlesim/include/turtlesim/turtlesim/srv/detail/teleport_absolute__rosidl_typesupport_introspection_cpp.hpp
[22.193s] -- Installing: /home/kristoffer/ros2_ws/install/turtlesim/include/turtlesim/turtlesim/srv/detail/kill__type_support.cpp
[22.193s] -- Installing: /home/kristoffer/ros2_ws/install/turtlesim/include/turtlesim/turtlesim/srv/detail/teleport_absolute__type_support.cpp
[22.194s] -- Up-to-date: /home/kristoffer/ros2_ws/install/turtlesim/include/turtlesim/turtlesim/action
[22.194s] -- Up-to-date: /home/kristoffer/ros2_ws/install/turtlesim/include/turtlesim/turtlesim/action/detail
[22.194s] -- Installing: /home/kristoffer/ros2_ws/install/turtlesim/include/turtlesim/turtlesim/action/detail/rotate_absolute__type_support.cpp
[22.194s] -- Installing: /home/kristoffer/ros2_ws/install/turtlesim/include/turtlesim/turtlesim/action/detail/rotate_absolute__rosidl_typesupport_introspection_cpp.hpp
[22.194s] -- Installing: /home/kristoffer/ros2_ws/install/turtlesim/lib/libturtlesim__rosidl_typesupport_introspection_cpp.so
[22.194s] -- Set runtime path of "/home/kristoffer/ros2_ws/install/turtlesim/lib/libturtlesim__rosidl_typesupport_introspection_cpp.so" to ""
[22.194s] -- Installing: /home/kristoffer/ros2_ws/install/turtlesim/lib/libturtlesim__rosidl_typesupport_cpp.so
[22.194s] -- Set runtime path of "/home/kristoffer/ros2_ws/install/turtlesim/lib/libturtlesim__rosidl_typesupport_cpp.so" to ""
[22.194s] -- Installing: /home/kristoffer/ros2_ws/install/turtlesim/share/turtlesim/environment/pythonpath.sh
[22.194s] -- Installing: /home/kristoffer/ros2_ws/install/turtlesim/share/turtlesim/environment/pythonpath.dsv
[22.194s] -- Installing: /home/kristoffer/ros2_ws/install/turtlesim/local/lib/python3.10/dist-packages/turtlesim-1.4.2-py3.10.egg-info
[22.194s] -- Installing: /home/kristoffer/ros2_ws/install/turtlesim/local/lib/python3.10/dist-packages/turtlesim-1.4.2-py3.10.egg-info/PKG-INFO
[22.194s] -- Installing: /home/kristoffer/ros2_ws/install/turtlesim/local/lib/python3.10/dist-packages/turtlesim-1.4.2-py3.10.egg-info/SOURCES.txt
[22.194s] -- Installing: /home/kristoffer/ros2_ws/install/turtlesim/local/lib/python3.10/dist-packages/turtlesim-1.4.2-py3.10.egg-info/top_level.txt
[22.194s] -- Installing: /home/kristoffer/ros2_ws/install/turtlesim/local/lib/python3.10/dist-packages/turtlesim-1.4.2-py3.10.egg-info/dependency_links.txt
[22.194s] -- Installing: /home/kristoffer/ros2_ws/install/turtlesim/local/lib/python3.10/dist-packages/turtlesim
[22.195s] -- Installing: /home/kristoffer/ros2_ws/install/turtlesim/local/lib/python3.10/dist-packages/turtlesim/_turtlesim_s.ep.rosidl_typesupport_c.c
[22.195s] -- Installing: /home/kristoffer/ros2_ws/install/turtlesim/local/lib/python3.10/dist-packages/turtlesim/_turtlesim_s.ep.rosidl_typesupport_fastrtps_c.c
[22.195s] -- Installing: /home/kristoffer/ros2_ws/install/turtlesim/local/lib/python3.10/dist-packages/turtlesim/msg
[22.195s] -- Installing: /home/kristoffer/ros2_ws/install/turtlesim/local/lib/python3.10/dist-packages/turtlesim/msg/_color_s.c
[22.195s] -- Installing: /home/kristoffer/ros2_ws/install/turtlesim/local/lib/python3.10/dist-packages/turtlesim/msg/__init__.py
[22.195s] -- Installing: /home/kristoffer/ros2_ws/install/turtlesim/local/lib/python3.10/dist-packages/turtlesim/msg/_color.py
[22.195s] -- Installing: /home/kristoffer/ros2_ws/install/turtlesim/local/lib/python3.10/dist-packages/turtlesim/msg/_pose.py
[22.195s] -- Installing: /home/kristoffer/ros2_ws/install/turtlesim/local/lib/python3.10/dist-packages/turtlesim/msg/_pose_s.c
[22.195s] -- Installing: /home/kristoffer/ros2_ws/install/turtlesim/local/lib/python3.10/dist-packages/turtlesim/turtlesim_s__rosidl_typesupport_c.cpython-310-x86_64-linux-gnu.so
[22.195s] -- Installing: /home/kristoffer/ros2_ws/install/turtlesim/local/lib/python3.10/dist-packages/turtlesim/turtlesim_s__rosidl_typesupport_introspection_c.cpython-310-x86_64-linux-gnu.so
[22.195s] -- Installing: /home/kristoffer/ros2_ws/install/turtlesim/local/lib/python3.10/dist-packages/turtlesim/libturtlesim__rosidl_generator_py.so
[22.195s] -- Installing: /home/kristoffer/ros2_ws/install/turtlesim/local/lib/python3.10/dist-packages/turtlesim/__init__.py
[22.195s] -- Installing: /home/kristoffer/ros2_ws/install/turtlesim/local/lib/python3.10/dist-packages/turtlesim/_turtlesim_s.ep.rosidl_typesupport_introspection_c.c
[22.195s] -- Installing: /home/kristoffer/ros2_ws/install/turtlesim/local/lib/python3.10/dist-packages/turtlesim/srv
[22.195s] -- Installing: /home/kristoffer/ros2_ws/install/turtlesim/local/lib/python3.10/dist-packages/turtlesim/srv/_teleport_relative_s.c
[22.195s] -- Installing: /home/kristoffer/ros2_ws/install/turtlesim/local/lib/python3.10/dist-packages/turtlesim/srv/_set_pen_s.c
[22.195s] -- Installing: /home/kristoffer/ros2_ws/install/turtlesim/local/lib/python3.10/dist-packages/turtlesim/srv/_kill_s.c
[22.195s] -- Installing: /home/kristoffer/ros2_ws/install/turtlesim/local/lib/python3.10/dist-packages/turtlesim/srv/_teleport_absolute.py
[22.196s] -- Installing: /home/kristoffer/ros2_ws/install/turtlesim/local/lib/python3.10/dist-packages/turtlesim/srv/_set_pen.py
[22.196s] -- Installing: /home/kristoffer/ros2_ws/install/turtlesim/local/lib/python3.10/dist-packages/turtlesim/srv/_teleport_absolute_s.c
[22.196s] -- Installing: /home/kristoffer/ros2_ws/install/turtlesim/local/lib/python3.10/dist-packages/turtlesim/srv/_teleport_relative.py
[22.196s] -- Installing: /home/kristoffer/ros2_ws/install/turtlesim/local/lib/python3.10/dist-packages/turtlesim/srv/_spawn.py
[22.196s] -- Installing: /home/kristoffer/ros2_ws/install/turtlesim/local/lib/python3.10/dist-packages/turtlesim/srv/__init__.py
[22.196s] -- Installing: /home/kristoffer/ros2_ws/install/turtlesim/local/lib/python3.10/dist-packages/turtlesim/srv/_kill.py
[22.196s] -- Installing: /home/kristoffer/ros2_ws/install/turtlesim/local/lib/python3.10/dist-packages/turtlesim/srv/_spawn_s.c
[22.196s] -- Installing: /home/kristoffer/ros2_ws/install/turtlesim/local/lib/python3.10/dist-packages/turtlesim/turtlesim_s__rosidl_typesupport_fastrtps_c.cpython-310-x86_64-linux-gnu.so
[22.196s] -- Installing: /home/kristoffer/ros2_ws/install/turtlesim/local/lib/python3.10/dist-packages/turtlesim/action
[22.196s] -- Installing: /home/kristoffer/ros2_ws/install/turtlesim/local/lib/python3.10/dist-packages/turtlesim/action/_rotate_absolute_s.c
[22.196s] -- Installing: /home/kristoffer/ros2_ws/install/turtlesim/local/lib/python3.10/dist-packages/turtlesim/action/_rotate_absolute.py
[22.196s] -- Installing: /home/kristoffer/ros2_ws/install/turtlesim/local/lib/python3.10/dist-packages/turtlesim/action/__init__.py
[22.235s] Listing '/home/kristoffer/ros2_ws/install/turtlesim/local/lib/python3.10/dist-packages/turtlesim'...
[22.235s] Compiling '/home/kristoffer/ros2_ws/install/turtlesim/local/lib/python3.10/dist-packages/turtlesim/__init__.py'...
[22.235s] Listing '/home/kristoffer/ros2_ws/install/turtlesim/local/lib/python3.10/dist-packages/turtlesim/action'...
[22.235s] Compiling '/home/kristoffer/ros2_ws/install/turtlesim/local/lib/python3.10/dist-packages/turtlesim/action/__init__.py'...
[22.235s] Compiling '/home/kristoffer/ros2_ws/install/turtlesim/local/lib/python3.10/dist-packages/turtlesim/action/_rotate_absolute.py'...
[22.235s] Listing '/home/kristoffer/ros2_ws/install/turtlesim/local/lib/python3.10/dist-packages/turtlesim/msg'...
[22.235s] Compiling '/home/kristoffer/ros2_ws/install/turtlesim/local/lib/python3.10/dist-packages/turtlesim/msg/__init__.py'...
[22.235s] Compiling '/home/kristoffer/ros2_ws/install/turtlesim/local/lib/python3.10/dist-packages/turtlesim/msg/_color.py'...
[22.235s] Compiling '/home/kristoffer/ros2_ws/install/turtlesim/local/lib/python3.10/dist-packages/turtlesim/msg/_pose.py'...
[22.235s] Listing '/home/kristoffer/ros2_ws/install/turtlesim/local/lib/python3.10/dist-packages/turtlesim/srv'...
[22.235s] Compiling '/home/kristoffer/ros2_ws/install/turtlesim/local/lib/python3.10/dist-packages/turtlesim/srv/__init__.py'...
[22.236s] Compiling '/home/kristoffer/ros2_ws/install/turtlesim/local/lib/python3.10/dist-packages/turtlesim/srv/_kill.py'...
[22.236s] Compiling '/home/kristoffer/ros2_ws/install/turtlesim/local/lib/python3.10/dist-packages/turtlesim/srv/_set_pen.py'...
[22.236s] Compiling '/home/kristoffer/ros2_ws/install/turtlesim/local/lib/python3.10/dist-packages/turtlesim/srv/_spawn.py'...
[22.236s] Compiling '/home/kristoffer/ros2_ws/install/turtlesim/local/lib/python3.10/dist-packages/turtlesim/srv/_teleport_absolute.py'...
[22.236s] Compiling '/home/kristoffer/ros2_ws/install/turtlesim/local/lib/python3.10/dist-packages/turtlesim/srv/_teleport_relative.py'...
[22.240s] -- Installing: /home/kristoffer/ros2_ws/install/turtlesim/local/lib/python3.10/dist-packages/turtlesim/turtlesim_s__rosidl_typesupport_fastrtps_c.cpython-310-x86_64-linux-gnu.so
[22.240s] -- Set runtime path of "/home/kristoffer/ros2_ws/install/turtlesim/local/lib/python3.10/dist-packages/turtlesim/turtlesim_s__rosidl_typesupport_fastrtps_c.cpython-310-x86_64-linux-gnu.so" to ""
[22.241s] -- Installing: /home/kristoffer/ros2_ws/install/turtlesim/local/lib/python3.10/dist-packages/turtlesim/turtlesim_s__rosidl_typesupport_introspection_c.cpython-310-x86_64-linux-gnu.so
[22.241s] -- Set runtime path of "/home/kristoffer/ros2_ws/install/turtlesim/local/lib/python3.10/dist-packages/turtlesim/turtlesim_s__rosidl_typesupport_introspection_c.cpython-310-x86_64-linux-gnu.so" to ""
[22.241s] -- Installing: /home/kristoffer/ros2_ws/install/turtlesim/local/lib/python3.10/dist-packages/turtlesim/turtlesim_s__rosidl_typesupport_c.cpython-310-x86_64-linux-gnu.so
[22.242s] -- Set runtime path of "/home/kristoffer/ros2_ws/install/turtlesim/local/lib/python3.10/dist-packages/turtlesim/turtlesim_s__rosidl_typesupport_c.cpython-310-x86_64-linux-gnu.so" to ""
[22.242s] -- Installing: /home/kristoffer/ros2_ws/install/turtlesim/lib/libturtlesim__rosidl_generator_py.so
[22.242s] -- Set runtime path of "/home/kristoffer/ros2_ws/install/turtlesim/lib/libturtlesim__rosidl_generator_py.so" to ""
[22.243s] -- Installing: /home/kristoffer/ros2_ws/install/turtlesim/share/turtlesim/action/RotateAbsolute.idl
[22.243s] -- Installing: /home/kristoffer/ros2_ws/install/turtlesim/share/turtlesim/msg/Color.idl
[22.243s] -- Installing: /home/kristoffer/ros2_ws/install/turtlesim/share/turtlesim/msg/Pose.idl
[22.243s] -- Installing: /home/kristoffer/ros2_ws/install/turtlesim/share/turtlesim/srv/Kill.idl
[22.243s] -- Installing: /home/kristoffer/ros2_ws/install/turtlesim/share/turtlesim/srv/SetPen.idl
[22.244s] -- Installing: /home/kristoffer/ros2_ws/install/turtlesim/share/turtlesim/srv/Spawn.idl
[22.244s] -- Installing: /home/kristoffer/ros2_ws/install/turtlesim/share/turtlesim/srv/TeleportAbsolute.idl
[22.244s] -- Installing: /home/kristoffer/ros2_ws/install/turtlesim/share/turtlesim/srv/TeleportRelative.idl
[22.244s] -- Installing: /home/kristoffer/ros2_ws/install/turtlesim/share/turtlesim/action/RotateAbsolute.action
[22.244s] -- Installing: /home/kristoffer/ros2_ws/install/turtlesim/share/turtlesim/msg/Color.msg
[22.244s] -- Installing: /home/kristoffer/ros2_ws/install/turtlesim/share/turtlesim/msg/Pose.msg
[22.245s] -- Installing: /home/kristoffer/ros2_ws/install/turtlesim/share/turtlesim/srv/Kill.srv
[22.245s] -- Installing: /home/kristoffer/ros2_ws/install/turtlesim/share/turtlesim/srv/Kill_Request.msg
[22.245s] -- Installing: /home/kristoffer/ros2_ws/install/turtlesim/share/turtlesim/srv/Kill_Response.msg
[22.245s] -- Installing: /home/kristoffer/ros2_ws/install/turtlesim/share/turtlesim/srv/SetPen.srv
[22.245s] -- Installing: /home/kristoffer/ros2_ws/install/turtlesim/share/turtlesim/srv/SetPen_Request.msg
[22.245s] -- Installing: /home/kristoffer/ros2_ws/install/turtlesim/share/turtlesim/srv/SetPen_Response.msg
[22.246s] -- Installing: /home/kristoffer/ros2_ws/install/turtlesim/share/turtlesim/srv/Spawn.srv
[22.246s] -- Installing: /home/kristoffer/ros2_ws/install/turtlesim/share/turtlesim/srv/Spawn_Request.msg
[22.246s] -- Installing: /home/kristoffer/ros2_ws/install/turtlesim/share/turtlesim/srv/Spawn_Response.msg
[22.246s] -- Installing: /home/kristoffer/ros2_ws/install/turtlesim/share/turtlesim/srv/TeleportAbsolute.srv
[22.246s] -- Installing: /home/kristoffer/ros2_ws/install/turtlesim/share/turtlesim/srv/TeleportAbsolute_Request.msg
[22.247s] -- Installing: /home/kristoffer/ros2_ws/install/turtlesim/share/turtlesim/srv/TeleportAbsolute_Response.msg
[22.247s] -- Installing: /home/kristoffer/ros2_ws/install/turtlesim/share/turtlesim/srv/TeleportRelative.srv
[22.247s] -- Installing: /home/kristoffer/ros2_ws/install/turtlesim/share/turtlesim/srv/TeleportRelative_Request.msg
[22.247s] -- Installing: /home/kristoffer/ros2_ws/install/turtlesim/share/turtlesim/srv/TeleportRelative_Response.msg
[22.247s] -- Installing: /home/kristoffer/ros2_ws/install/turtlesim/lib/turtlesim/turtlesim_node
[22.258s] -- Set runtime path of "/home/kristoffer/ros2_ws/install/turtlesim/lib/turtlesim/turtlesim_node" to ""
[22.259s] -- Installing: /home/kristoffer/ros2_ws/install/turtlesim/lib/turtlesim/turtle_teleop_key
[22.261s] -- Set runtime path of "/home/kristoffer/ros2_ws/install/turtlesim/lib/turtlesim/turtle_teleop_key" to ""
[22.261s] -- Installing: /home/kristoffer/ros2_ws/install/turtlesim/lib/turtlesim/draw_square
[22.266s] -- Set runtime path of "/home/kristoffer/ros2_ws/install/turtlesim/lib/turtlesim/draw_square" to ""
[22.267s] -- Installing: /home/kristoffer/ros2_ws/install/turtlesim/lib/turtlesim/mimic
[22.271s] -- Set runtime path of "/home/kristoffer/ros2_ws/install/turtlesim/lib/turtlesim/mimic" to ""
[22.272s] -- Installing: /home/kristoffer/ros2_ws/install/turtlesim/share/turtlesim/images
[22.272s] -- Installing: /home/kristoffer/ros2_ws/install/turtlesim/share/turtlesim/images/rolling.png
[22.272s] -- Installing: /home/kristoffer/ros2_ws/install/turtlesim/share/turtlesim/images/ardent.png
[22.272s] -- Installing: /home/kristoffer/ros2_ws/install/turtlesim/share/turtlesim/images/crystal.png
[22.272s] -- Installing: /home/kristoffer/ros2_ws/install/turtlesim/share/turtlesim/images/galactic.png
[22.272s] -- Installing: /home/kristoffer/ros2_ws/install/turtlesim/share/turtlesim/images/bouncy.png
[22.272s] -- Installing: /home/kristoffer/ros2_ws/install/turtlesim/share/turtlesim/images/dashing.png
[22.272s] -- Installing: /home/kristoffer/ros2_ws/install/turtlesim/share/turtlesim/images/eloquent.png
[22.273s] -- Installing: /home/kristoffer/ros2_ws/install/turtlesim/share/turtlesim/images/humble.png
[22.273s] -- Installing: /home/kristoffer/ros2_ws/install/turtlesim/share/turtlesim/images/foxy.png
[22.273s] -- Installing: /home/kristoffer/ros2_ws/install/turtlesim/share/turtlesim/launch
[22.273s] -- Installing: /home/kristoffer/ros2_ws/install/turtlesim/share/turtlesim/launch/multisim.launch.py
[22.273s] -- Installing: /home/kristoffer/ros2_ws/install/turtlesim/share/ament_index/resource_index/package_run_dependencies/turtlesim
[22.274s] -- Installing: /home/kristoffer/ros2_ws/install/turtlesim/share/ament_index/resource_index/parent_prefix_path/turtlesim
[22.274s] -- Installing: /home/kristoffer/ros2_ws/install/turtlesim/share/turtlesim/environment/ament_prefix_path.sh
[22.274s] -- Installing: /home/kristoffer/ros2_ws/install/turtlesim/share/turtlesim/environment/ament_prefix_path.dsv
[22.274s] -- Installing: /home/kristoffer/ros2_ws/install/turtlesim/share/turtlesim/environment/path.sh
[22.274s] -- Installing: /home/kristoffer/ros2_ws/install/turtlesim/share/turtlesim/environment/path.dsv
[22.274s] -- Installing: /home/kristoffer/ros2_ws/install/turtlesim/share/turtlesim/local_setup.bash
[22.275s] -- Installing: /home/kristoffer/ros2_ws/install/turtlesim/share/turtlesim/local_setup.sh
[22.275s] -- Installing: /home/kristoffer/ros2_ws/install/turtlesim/share/turtlesim/local_setup.zsh
[22.275s] -- Installing: /home/kristoffer/ros2_ws/install/turtlesim/share/turtlesim/local_setup.dsv
[22.275s] -- Installing: /home/kristoffer/ros2_ws/install/turtlesim/share/turtlesim/package.dsv
[22.275s] -- Installing: /home/kristoffer/ros2_ws/install/turtlesim/share/ament_index/resource_index/packages/turtlesim
[22.276s] -- Installing: /home/kristoffer/ros2_ws/install/turtlesim/share/turtlesim/cmake/export_turtlesim__rosidl_generator_cExport.cmake
[22.276s] -- Installing: /home/kristoffer/ros2_ws/install/turtlesim/share/turtlesim/cmake/export_turtlesim__rosidl_generator_cExport-noconfig.cmake
[22.276s] -- Installing: /home/kristoffer/ros2_ws/install/turtlesim/share/turtlesim/cmake/export_turtlesim__rosidl_typesupport_fastrtps_cExport.cmake
[22.276s] -- Installing: /home/kristoffer/ros2_ws/install/turtlesim/share/turtlesim/cmake/export_turtlesim__rosidl_typesupport_fastrtps_cExport-noconfig.cmake
[22.276s] -- Installing: /home/kristoffer/ros2_ws/install/turtlesim/share/turtlesim/cmake/export_turtlesim__rosidl_generator_cppExport.cmake
[22.277s] -- Installing: /home/kristoffer/ros2_ws/install/turtlesim/share/turtlesim/cmake/export_turtlesim__rosidl_typesupport_fastrtps_cppExport.cmake
[22.277s] -- Installing: /home/kristoffer/ros2_ws/install/turtlesim/share/turtlesim/cmake/export_turtlesim__rosidl_typesupport_fastrtps_cppExport-noconfig.cmake
[22.277s] -- Installing: /home/kristoffer/ros2_ws/install/turtlesim/share/turtlesim/cmake/turtlesim__rosidl_typesupport_introspection_cExport.cmake
[22.277s] -- Installing: /home/kristoffer/ros2_ws/install/turtlesim/share/turtlesim/cmake/turtlesim__rosidl_typesupport_introspection_cExport-noconfig.cmake
[22.277s] -- Installing: /home/kristoffer/ros2_ws/install/turtlesim/share/turtlesim/cmake/turtlesim__rosidl_typesupport_cExport.cmake
[22.278s] -- Installing: /home/kristoffer/ros2_ws/install/turtlesim/share/turtlesim/cmake/turtlesim__rosidl_typesupport_cExport-noconfig.cmake
[22.278s] -- Installing: /home/kristoffer/ros2_ws/install/turtlesim/share/turtlesim/cmake/turtlesim__rosidl_typesupport_introspection_cppExport.cmake
[22.278s] -- Installing: /home/kristoffer/ros2_ws/install/turtlesim/share/turtlesim/cmake/turtlesim__rosidl_typesupport_introspection_cppExport-noconfig.cmake
[22.278s] -- Installing: /home/kristoffer/ros2_ws/install/turtlesim/share/turtlesim/cmake/turtlesim__rosidl_typesupport_cppExport.cmake
[22.278s] -- Installing: /home/kristoffer/ros2_ws/install/turtlesim/share/turtlesim/cmake/turtlesim__rosidl_typesupport_cppExport-noconfig.cmake
[22.279s] -- Installing: /home/kristoffer/ros2_ws/install/turtlesim/share/turtlesim/cmake/export_turtlesim__rosidl_generator_pyExport.cmake
[22.279s] -- Installing: /home/kristoffer/ros2_ws/install/turtlesim/share/turtlesim/cmake/export_turtlesim__rosidl_generator_pyExport-noconfig.cmake
[22.279s] -- Installing: /home/kristoffer/ros2_ws/install/turtlesim/share/turtlesim/cmake/rosidl_cmake-extras.cmake
[22.279s] -- Installing: /home/kristoffer/ros2_ws/install/turtlesim/share/turtlesim/cmake/ament_cmake_export_dependencies-extras.cmake
[22.279s] -- Installing: /home/kristoffer/ros2_ws/install/turtlesim/share/turtlesim/cmake/ament_cmake_export_include_directories-extras.cmake
[22.280s] -- Installing: /home/kristoffer/ros2_ws/install/turtlesim/share/turtlesim/cmake/ament_cmake_export_libraries-extras.cmake
[22.280s] -- Installing: /home/kristoffer/ros2_ws/install/turtlesim/share/turtlesim/cmake/ament_cmake_export_targets-extras.cmake
[22.280s] -- Installing: /home/kristoffer/ros2_ws/install/turtlesim/share/turtlesim/cmake/rosidl_cmake_export_typesupport_targets-extras.cmake
[22.280s] -- Installing: /home/kristoffer/ros2_ws/install/turtlesim/share/turtlesim/cmake/rosidl_cmake_export_typesupport_libraries-extras.cmake
[22.280s] -- Installing: /home/kristoffer/ros2_ws/install/turtlesim/share/turtlesim/cmake/turtlesimConfig.cmake
[22.280s] -- Installing: /home/kristoffer/ros2_ws/install/turtlesim/share/turtlesim/cmake/turtlesimConfig-version.cmake
[22.281s] -- Installing: /home/kristoffer/ros2_ws/install/turtlesim/share/turtlesim/package.xml
[22.284s] Invoked command in '/home/kristoffer/ros2_ws/build/turtlesim' returned '0': CMAKE_PREFIX_PATH=/opt/ros/humble /usr/bin/cmake --install /home/kristoffer/ros2_ws/build/turtlesim
