[1.012s] Invoking command in '/workspaces/SESARS_Labs/src/ros2_ws/src/lab01_pkg': PYTHONPATH=/workspaces/SESARS_Labs/src/ros2_ws/build/lab01_pkg/prefix_override:/workspaces/SESARS_Labs/src/ros2_ws/install/lab01_pkg/lib/python3.10/site-packages:${PYTHONPATH} /usr/bin/python3 setup.py egg_info --egg-base ../../build/lab01_pkg build --build-base /workspaces/SESARS_Labs/src/ros2_ws/build/lab01_pkg/build install --record /workspaces/SESARS_Labs/src/ros2_ws/build/lab01_pkg/install.log --single-version-externally-managed
[1.193s] running egg_info
[1.194s] writing ../../build/lab01_pkg/lab01_pkg.egg-info/PKG-INFO
[1.194s] writing dependency_links to ../../build/lab01_pkg/lab01_pkg.egg-info/dependency_links.txt
[1.194s] writing entry points to ../../build/lab01_pkg/lab01_pkg.egg-info/entry_points.txt
[1.194s] writing requirements to ../../build/lab01_pkg/lab01_pkg.egg-info/requires.txt
[1.194s] writing top-level names to ../../build/lab01_pkg/lab01_pkg.egg-info/top_level.txt
[1.196s] reading manifest file '../../build/lab01_pkg/lab01_pkg.egg-info/SOURCES.txt'
[1.197s] writing manifest file '../../build/lab01_pkg/lab01_pkg.egg-info/SOURCES.txt'
[1.197s] running build
[1.197s] running build_py
[1.197s] copying lab01_pkg/localization.py -> /workspaces/SESARS_Labs/src/ros2_ws/build/lab01_pkg/build/lib/lab01_pkg
[1.197s] running install
[1.197s] /usr/lib/python3/dist-packages/setuptools/command/install.py:34: SetuptoolsDeprecationWarning: setup.py install is deprecated. Use build and pip and other standards-based tools.
[1.197s]   warnings.warn(
[1.198s] running install_lib
[1.199s] copying /workspaces/SESARS_Labs/src/ros2_ws/build/lab01_pkg/build/lib/lab01_pkg/localization.py -> /workspaces/SESARS_Labs/src/ros2_ws/install/lab01_pkg/lib/python3.10/site-packages/lab01_pkg
[1.200s] byte-compiling /workspaces/SESARS_Labs/src/ros2_ws/install/lab01_pkg/lib/python3.10/site-packages/lab01_pkg/localization.py to localization.cpython-310.pyc
[1.201s] running install_data
[1.201s] running install_egg_info
[1.203s] removing '/workspaces/SESARS_Labs/src/ros2_ws/install/lab01_pkg/lib/python3.10/site-packages/lab01_pkg-0.0.0-py3.10.egg-info' (and everything under it)
[1.203s] Copying ../../build/lab01_pkg/lab01_pkg.egg-info to /workspaces/SESARS_Labs/src/ros2_ws/install/lab01_pkg/lib/python3.10/site-packages/lab01_pkg-0.0.0-py3.10.egg-info
[1.204s] running install_scripts
[1.224s] Installing controller script to /workspaces/SESARS_Labs/src/ros2_ws/install/lab01_pkg/lib/lab01_pkg
[1.225s] Installing localization script to /workspaces/SESARS_Labs/src/ros2_ws/install/lab01_pkg/lib/lab01_pkg
[1.225s] writing list of installed files to '/workspaces/SESARS_Labs/src/ros2_ws/build/lab01_pkg/install.log'
[1.261s] Invoked command in '/workspaces/SESARS_Labs/src/ros2_ws/src/lab01_pkg' returned '0': PYTHONPATH=/workspaces/SESARS_Labs/src/ros2_ws/build/lab01_pkg/prefix_override:/workspaces/SESARS_Labs/src/ros2_ws/install/lab01_pkg/lib/python3.10/site-packages:${PYTHONPATH} /usr/bin/python3 setup.py egg_info --egg-base ../../build/lab01_pkg build --build-base /workspaces/SESARS_Labs/src/ros2_ws/build/lab01_pkg/build install --record /workspaces/SESARS_Labs/src/ros2_ws/build/lab01_pkg/install.log --single-version-externally-managed
