[0.982s] Invoking command in '/workspaces/SESARS_Labs/src/ros2_ws/src/py_pubsub': PYTHONPATH=/workspaces/SESARS_Labs/src/ros2_ws/build/py_pubsub/prefix_override:/workspaces/SESARS_Labs/src/ros2_ws/install/py_pubsub/lib/python3.10/site-packages:${PYTHONPATH} /usr/bin/python3 setup.py egg_info --egg-base ../../build/py_pubsub build --build-base /workspaces/SESARS_Labs/src/ros2_ws/build/py_pubsub/build install --record /workspaces/SESARS_Labs/src/ros2_ws/build/py_pubsub/install.log --single-version-externally-managed
[1.162s] running egg_info
[1.163s] writing ../../build/py_pubsub/py_pubsub.egg-info/PKG-INFO
[1.163s] writing dependency_links to ../../build/py_pubsub/py_pubsub.egg-info/dependency_links.txt
[1.164s] writing entry points to ../../build/py_pubsub/py_pubsub.egg-info/entry_points.txt
[1.164s] writing requirements to ../../build/py_pubsub/py_pubsub.egg-info/requires.txt
[1.164s] writing top-level names to ../../build/py_pubsub/py_pubsub.egg-info/top_level.txt
[1.166s] reading manifest file '../../build/py_pubsub/py_pubsub.egg-info/SOURCES.txt'
[1.167s] writing manifest file '../../build/py_pubsub/py_pubsub.egg-info/SOURCES.txt'
[1.167s] running build
[1.167s] running build_py
[1.167s] running install
[1.168s] /usr/lib/python3/dist-packages/setuptools/command/install.py:34: SetuptoolsDeprecationWarning: setup.py install is deprecated. Use build and pip and other standards-based tools.
[1.168s]   warnings.warn(
[1.168s] running install_lib
[1.171s] running install_data
[1.171s] running install_egg_info
[1.173s] removing '/workspaces/SESARS_Labs/src/ros2_ws/install/py_pubsub/lib/python3.10/site-packages/py_pubsub-0.0.0-py3.10.egg-info' (and everything under it)
[1.173s] Copying ../../build/py_pubsub/py_pubsub.egg-info to /workspaces/SESARS_Labs/src/ros2_ws/install/py_pubsub/lib/python3.10/site-packages/py_pubsub-0.0.0-py3.10.egg-info
[1.174s] running install_scripts
[1.196s] Installing listener script to /workspaces/SESARS_Labs/src/ros2_ws/install/py_pubsub/lib/py_pubsub
[1.196s] Installing talker script to /workspaces/SESARS_Labs/src/ros2_ws/install/py_pubsub/lib/py_pubsub
[1.197s] writing list of installed files to '/workspaces/SESARS_Labs/src/ros2_ws/build/py_pubsub/install.log'
[1.231s] Invoked command in '/workspaces/SESARS_Labs/src/ros2_ws/src/py_pubsub' returned '0': PYTHONPATH=/workspaces/SESARS_Labs/src/ros2_ws/build/py_pubsub/prefix_override:/workspaces/SESARS_Labs/src/ros2_ws/install/py_pubsub/lib/python3.10/site-packages:${PYTHONPATH} /usr/bin/python3 setup.py egg_info --egg-base ../../build/py_pubsub build --build-base /workspaces/SESARS_Labs/src/ros2_ws/build/py_pubsub/build install --record /workspaces/SESARS_Labs/src/ros2_ws/build/py_pubsub/install.log --single-version-externally-managed
