[1.002s] Invoking command in '/workspaces/SESARS_Labs/src/ros2_ws/src/lab01_pkg': PYTHONPATH=/workspaces/SESARS_Labs/src/ros2_ws/build/lab01_pkg/prefix_override:/workspaces/SESARS_Labs/src/ros2_ws/install/lab01_pkg/lib/python3.10/site-packages:${PYTHONPATH} /usr/bin/python3 setup.py egg_info --egg-base ../../build/lab01_pkg build --build-base /workspaces/SESARS_Labs/src/ros2_ws/build/lab01_pkg/build install --record /workspaces/SESARS_Labs/src/ros2_ws/build/lab01_pkg/install.log --single-version-externally-managed
[1.176s] running egg_info
[1.177s] creating ../../build/lab01_pkg/lab01_pkg.egg-info
[1.177s] writing ../../build/lab01_pkg/lab01_pkg.egg-info/PKG-INFO
[1.177s] writing dependency_links to ../../build/lab01_pkg/lab01_pkg.egg-info/dependency_links.txt
[1.177s] writing entry points to ../../build/lab01_pkg/lab01_pkg.egg-info/entry_points.txt
[1.178s] writing requirements to ../../build/lab01_pkg/lab01_pkg.egg-info/requires.txt
[1.178s] writing top-level names to ../../build/lab01_pkg/lab01_pkg.egg-info/top_level.txt
[1.178s] writing manifest file '../../build/lab01_pkg/lab01_pkg.egg-info/SOURCES.txt'
[1.178s] reading manifest file '../../build/lab01_pkg/lab01_pkg.egg-info/SOURCES.txt'
[1.179s] writing manifest file '../../build/lab01_pkg/lab01_pkg.egg-info/SOURCES.txt'
[1.179s] running build
[1.179s] running build_py
[1.179s] creating /workspaces/SESARS_Labs/src/ros2_ws/build/lab01_pkg/build
[1.179s] creating /workspaces/SESARS_Labs/src/ros2_ws/build/lab01_pkg/build/lib
[1.179s] creating /workspaces/SESARS_Labs/src/ros2_ws/build/lab01_pkg/build/lib/lab01_pkg
[1.180s] copying lab01_pkg/controller.py -> /workspaces/SESARS_Labs/src/ros2_ws/build/lab01_pkg/build/lib/lab01_pkg
[1.180s] copying lab01_pkg/__init__.py -> /workspaces/SESARS_Labs/src/ros2_ws/build/lab01_pkg/build/lib/lab01_pkg
[1.180s] running install
[1.180s] running install_lib
[1.180s] /usr/lib/python3/dist-packages/setuptools/command/install.py:34: SetuptoolsDeprecationWarning: setup.py install is deprecated. Use build and pip and other standards-based tools.
[1.181s]   warnings.warn(
[1.182s] creating /workspaces/SESARS_Labs/src/ros2_ws/install/lab01_pkg/lib/python3.10/site-packages/lab01_pkg
[1.182s] copying /workspaces/SESARS_Labs/src/ros2_ws/build/lab01_pkg/build/lib/lab01_pkg/controller.py -> /workspaces/SESARS_Labs/src/ros2_ws/install/lab01_pkg/lib/python3.10/site-packages/lab01_pkg
[1.182s] copying /workspaces/SESARS_Labs/src/ros2_ws/build/lab01_pkg/build/lib/lab01_pkg/__init__.py -> /workspaces/SESARS_Labs/src/ros2_ws/install/lab01_pkg/lib/python3.10/site-packages/lab01_pkg
[1.182s] byte-compiling /workspaces/SESARS_Labs/src/ros2_ws/install/lab01_pkg/lib/python3.10/site-packages/lab01_pkg/controller.py to controller.cpython-310.pyc
[1.183s] byte-compiling /workspaces/SESARS_Labs/src/ros2_ws/install/lab01_pkg/lib/python3.10/site-packages/lab01_pkg/__init__.py to __init__.cpython-310.pyc
[1.183s] running install_data
[1.183s] creating /workspaces/SESARS_Labs/src/ros2_ws/install/lab01_pkg/share/ament_index
[1.183s] creating /workspaces/SESARS_Labs/src/ros2_ws/install/lab01_pkg/share/ament_index/resource_index
[1.184s] creating /workspaces/SESARS_Labs/src/ros2_ws/install/lab01_pkg/share/ament_index/resource_index/packages
[1.184s] copying resource/lab01_pkg -> /workspaces/SESARS_Labs/src/ros2_ws/install/lab01_pkg/share/ament_index/resource_index/packages
[1.184s] copying package.xml -> /workspaces/SESARS_Labs/src/ros2_ws/install/lab01_pkg/share/lab01_pkg
[1.184s] running install_egg_info
[1.185s] Copying ../../build/lab01_pkg/lab01_pkg.egg-info to /workspaces/SESARS_Labs/src/ros2_ws/install/lab01_pkg/lib/python3.10/site-packages/lab01_pkg-0.0.0-py3.10.egg-info
[1.186s] running install_scripts
[1.203s] Installing controller script to /workspaces/SESARS_Labs/src/ros2_ws/install/lab01_pkg/lib/lab01_pkg
[1.203s] writing list of installed files to '/workspaces/SESARS_Labs/src/ros2_ws/build/lab01_pkg/install.log'
[1.247s] Invoked command in '/workspaces/SESARS_Labs/src/ros2_ws/src/lab01_pkg' returned '0': PYTHONPATH=/workspaces/SESARS_Labs/src/ros2_ws/build/lab01_pkg/prefix_override:/workspaces/SESARS_Labs/src/ros2_ws/install/lab01_pkg/lib/python3.10/site-packages:${PYTHONPATH} /usr/bin/python3 setup.py egg_info --egg-base ../../build/lab01_pkg build --build-base /workspaces/SESARS_Labs/src/ros2_ws/build/lab01_pkg/build install --record /workspaces/SESARS_Labs/src/ros2_ws/build/lab01_pkg/install.log --single-version-externally-managed
