[0.937s] Invoking command in '/workspaces/SESARS_Labs/src/ros2_ws/src/py_pubsub': PYTHONPATH=/workspaces/SESARS_Labs/src/ros2_ws/build/py_pubsub/prefix_override:/workspaces/SESARS_Labs/src/ros2_ws/install/py_pubsub/lib/python3.10/site-packages:${PYTHONPATH} /usr/bin/python3 setup.py egg_info --egg-base ../../build/py_pubsub build --build-base /workspaces/SESARS_Labs/src/ros2_ws/build/py_pubsub/build install --record /workspaces/SESARS_Labs/src/ros2_ws/build/py_pubsub/install.log --single-version-externally-managed
[1.117s] running egg_info
[1.118s] creating ../../build/py_pubsub/py_pubsub.egg-info
[1.118s] writing ../../build/py_pubsub/py_pubsub.egg-info/PKG-INFO
[1.118s] writing dependency_links to ../../build/py_pubsub/py_pubsub.egg-info/dependency_links.txt
[1.118s] writing entry points to ../../build/py_pubsub/py_pubsub.egg-info/entry_points.txt
[1.119s] writing requirements to ../../build/py_pubsub/py_pubsub.egg-info/requires.txt
[1.119s] writing top-level names to ../../build/py_pubsub/py_pubsub.egg-info/top_level.txt
[1.119s] writing manifest file '../../build/py_pubsub/py_pubsub.egg-info/SOURCES.txt'
[1.120s] reading manifest file '../../build/py_pubsub/py_pubsub.egg-info/SOURCES.txt'
[1.120s] writing manifest file '../../build/py_pubsub/py_pubsub.egg-info/SOURCES.txt'
[1.121s] running build
[1.121s] running build_py
[1.121s] creating /workspaces/SESARS_Labs/src/ros2_ws/build/py_pubsub/build
[1.121s] creating /workspaces/SESARS_Labs/src/ros2_ws/build/py_pubsub/build/lib
[1.121s] creating /workspaces/SESARS_Labs/src/ros2_ws/build/py_pubsub/build/lib/py_pubsub
[1.121s] copying py_pubsub/publisher_member_function.py -> /workspaces/SESARS_Labs/src/ros2_ws/build/py_pubsub/build/lib/py_pubsub
[1.121s] copying py_pubsub/__init__.py -> /workspaces/SESARS_Labs/src/ros2_ws/build/py_pubsub/build/lib/py_pubsub
[1.121s] copying py_pubsub/subscriber_member_function.py -> /workspaces/SESARS_Labs/src/ros2_ws/build/py_pubsub/build/lib/py_pubsub
[1.122s] running install
[1.122s] /usr/lib/python3/dist-packages/setuptools/command/install.py:34: SetuptoolsDeprecationWarning: setup.py install is deprecated. Use build and pip and other standards-based tools.
[1.122s]   warnings.warn(
[1.122s] running install_lib
[1.123s] creating /workspaces/SESARS_Labs/src/ros2_ws/install/py_pubsub/lib/python3.10/site-packages/py_pubsub
[1.123s] copying /workspaces/SESARS_Labs/src/ros2_ws/build/py_pubsub/build/lib/py_pubsub/publisher_member_function.py -> /workspaces/SESARS_Labs/src/ros2_ws/install/py_pubsub/lib/python3.10/site-packages/py_pubsub
[1.123s] copying /workspaces/SESARS_Labs/src/ros2_ws/build/py_pubsub/build/lib/py_pubsub/__init__.py -> /workspaces/SESARS_Labs/src/ros2_ws/install/py_pubsub/lib/python3.10/site-packages/py_pubsub
[1.123s] copying /workspaces/SESARS_Labs/src/ros2_ws/build/py_pubsub/build/lib/py_pubsub/subscriber_member_function.py -> /workspaces/SESARS_Labs/src/ros2_ws/install/py_pubsub/lib/python3.10/site-packages/py_pubsub
[1.124s] byte-compiling /workspaces/SESARS_Labs/src/ros2_ws/install/py_pubsub/lib/python3.10/site-packages/py_pubsub/publisher_member_function.py to publisher_member_function.cpython-310.pyc
[1.125s] byte-compiling /workspaces/SESARS_Labs/src/ros2_ws/install/py_pubsub/lib/python3.10/site-packages/py_pubsub/__init__.py to __init__.cpython-310.pyc
[1.125s] byte-compiling /workspaces/SESARS_Labs/src/ros2_ws/install/py_pubsub/lib/python3.10/site-packages/py_pubsub/subscriber_member_function.py to subscriber_member_function.cpython-310.pyc
[1.125s] running install_data
[1.125s] creating /workspaces/SESARS_Labs/src/ros2_ws/install/py_pubsub/share/ament_index
[1.125s] creating /workspaces/SESARS_Labs/src/ros2_ws/install/py_pubsub/share/ament_index/resource_index
[1.126s] creating /workspaces/SESARS_Labs/src/ros2_ws/install/py_pubsub/share/ament_index/resource_index/packages
[1.126s] copying resource/py_pubsub -> /workspaces/SESARS_Labs/src/ros2_ws/install/py_pubsub/share/ament_index/resource_index/packages
[1.126s] copying package.xml -> /workspaces/SESARS_Labs/src/ros2_ws/install/py_pubsub/share/py_pubsub
[1.126s] running install_egg_info
[1.127s] Copying ../../build/py_pubsub/py_pubsub.egg-info to /workspaces/SESARS_Labs/src/ros2_ws/install/py_pubsub/lib/python3.10/site-packages/py_pubsub-0.0.0-py3.10.egg-info
[1.128s] running install_scripts
[1.146s] Installing listener script to /workspaces/SESARS_Labs/src/ros2_ws/install/py_pubsub/lib/py_pubsub
[1.146s] Installing talker script to /workspaces/SESARS_Labs/src/ros2_ws/install/py_pubsub/lib/py_pubsub
[1.146s] writing list of installed files to '/workspaces/SESARS_Labs/src/ros2_ws/build/py_pubsub/install.log'
[1.232s] Invoked command in '/workspaces/SESARS_Labs/src/ros2_ws/src/py_pubsub' returned '0': PYTHONPATH=/workspaces/SESARS_Labs/src/ros2_ws/build/py_pubsub/prefix_override:/workspaces/SESARS_Labs/src/ros2_ws/install/py_pubsub/lib/python3.10/site-packages:${PYTHONPATH} /usr/bin/python3 setup.py egg_info --egg-base ../../build/py_pubsub build --build-base /workspaces/SESARS_Labs/src/ros2_ws/build/py_pubsub/build install --record /workspaces/SESARS_Labs/src/ros2_ws/build/py_pubsub/install.log --single-version-externally-managed
