[1.040s] Invoking command in '/workspaces/SESARS_Labs/src/ros2_ws/src/lab01_pkg': PYTHONPATH=/workspaces/SESARS_Labs/src/ros2_ws/build/lab01_pkg/prefix_override:/workspaces/SESARS_Labs/src/ros2_ws/install/lab01_pkg/lib/python3.10/site-packages:${PYTHONPATH} /usr/bin/python3 setup.py egg_info --egg-base ../../build/lab01_pkg build --build-base /workspaces/SESARS_Labs/src/ros2_ws/build/lab01_pkg/build install --record /workspaces/SESARS_Labs/src/ros2_ws/build/lab01_pkg/install.log --single-version-externally-managed
[1.224s] running egg_info
[1.224s] writing ../../build/lab01_pkg/lab01_pkg.egg-info/PKG-INFO
[1.224s] writing dependency_links to ../../build/lab01_pkg/lab01_pkg.egg-info/dependency_links.txt
[1.225s] writing entry points to ../../build/lab01_pkg/lab01_pkg.egg-info/entry_points.txt
[1.225s] writing requirements to ../../build/lab01_pkg/lab01_pkg.egg-info/requires.txt
[1.225s] writing top-level names to ../../build/lab01_pkg/lab01_pkg.egg-info/top_level.txt
[1.227s] reading manifest file '../../build/lab01_pkg/lab01_pkg.egg-info/SOURCES.txt'
[1.227s] writing manifest file '../../build/lab01_pkg/lab01_pkg.egg-info/SOURCES.txt'
[1.227s] running build
[1.227s] running build_py
[1.228s] copying lab01_pkg/controller.py -> /workspaces/SESARS_Labs/src/ros2_ws/build/lab01_pkg/build/lib/lab01_pkg
[1.228s] running install
[1.228s] /usr/lib/python3/dist-packages/setuptools/command/install.py:34: SetuptoolsDeprecationWarning: setup.py install is deprecated. Use build and pip and other standards-based tools.
[1.228s]   warnings.warn(
[1.228s] running install_lib
[1.230s] copying /workspaces/SESARS_Labs/src/ros2_ws/build/lab01_pkg/build/lib/lab01_pkg/controller.py -> /workspaces/SESARS_Labs/src/ros2_ws/install/lab01_pkg/lib/python3.10/site-packages/lab01_pkg
[1.231s] byte-compiling /workspaces/SESARS_Labs/src/ros2_ws/install/lab01_pkg/lib/python3.10/site-packages/lab01_pkg/controller.py to controller.cpython-310.pyc
[1.232s] running install_data
[1.232s] running install_egg_info
[1.234s] removing '/workspaces/SESARS_Labs/src/ros2_ws/install/lab01_pkg/lib/python3.10/site-packages/lab01_pkg-0.0.0-py3.10.egg-info' (and everything under it)
[1.234s] Copying ../../build/lab01_pkg/lab01_pkg.egg-info to /workspaces/SESARS_Labs/src/ros2_ws/install/lab01_pkg/lib/python3.10/site-packages/lab01_pkg-0.0.0-py3.10.egg-info
[1.236s] running install_scripts
[1.254s] Installing controller script to /workspaces/SESARS_Labs/src/ros2_ws/install/lab01_pkg/lib/lab01_pkg
[1.255s] writing list of installed files to '/workspaces/SESARS_Labs/src/ros2_ws/build/lab01_pkg/install.log'
[1.290s] Invoked command in '/workspaces/SESARS_Labs/src/ros2_ws/src/lab01_pkg' returned '0': PYTHONPATH=/workspaces/SESARS_Labs/src/ros2_ws/build/lab01_pkg/prefix_override:/workspaces/SESARS_Labs/src/ros2_ws/install/lab01_pkg/lib/python3.10/site-packages:${PYTHONPATH} /usr/bin/python3 setup.py egg_info --egg-base ../../build/lab01_pkg build --build-base /workspaces/SESARS_Labs/src/ros2_ws/build/lab01_pkg/build install --record /workspaces/SESARS_Labs/src/ros2_ws/build/lab01_pkg/install.log --single-version-externally-managed
