[1.044s] Invoking command in '/home/kristoffer/ros2_ws/src/py_pubsub': PYTHONPATH=/home/kristoffer/ros2_ws/build/py_pubsub/prefix_override:/home/kristoffer/ros2_ws/install/py_pubsub/lib/python3.10/site-packages:${PYTHONPATH} /usr/bin/python3 setup.py egg_info --egg-base ../../build/py_pubsub build --build-base /home/kristoffer/ros2_ws/build/py_pubsub/build install --record /home/kristoffer/ros2_ws/build/py_pubsub/install.log --single-version-externally-managed
[1.248s] running egg_info
[1.248s] writing ../../build/py_pubsub/py_pubsub.egg-info/PKG-INFO
[1.249s] writing dependency_links to ../../build/py_pubsub/py_pubsub.egg-info/dependency_links.txt
[1.249s] writing entry points to ../../build/py_pubsub/py_pubsub.egg-info/entry_points.txt
[1.249s] writing requirements to ../../build/py_pubsub/py_pubsub.egg-info/requires.txt
[1.249s] writing top-level names to ../../build/py_pubsub/py_pubsub.egg-info/top_level.txt
[1.251s] reading manifest file '../../build/py_pubsub/py_pubsub.egg-info/SOURCES.txt'
[1.251s] writing manifest file '../../build/py_pubsub/py_pubsub.egg-info/SOURCES.txt'
[1.252s] running build
[1.252s] running build_py
[1.252s] running install
[1.252s] /usr/lib/python3/dist-packages/setuptools/command/install.py:34: SetuptoolsDeprecationWarning: setup.py install is deprecated. Use build and pip and other standards-based tools.
[1.252s]   warnings.warn(
[1.252s] running install_lib
[1.253s] running install_data
[1.254s] running install_egg_info
[1.256s] removing '/home/kristoffer/ros2_ws/install/py_pubsub/lib/python3.10/site-packages/py_pubsub-0.0.0-py3.10.egg-info' (and everything under it)
[1.257s] Copying ../../build/py_pubsub/py_pubsub.egg-info to /home/kristoffer/ros2_ws/install/py_pubsub/lib/python3.10/site-packages/py_pubsub-0.0.0-py3.10.egg-info
[1.258s] running install_scripts
[1.279s] Installing listener script to /home/kristoffer/ros2_ws/install/py_pubsub/lib/py_pubsub
[1.279s] Installing talker script to /home/kristoffer/ros2_ws/install/py_pubsub/lib/py_pubsub
[1.279s] writing list of installed files to '/home/kristoffer/ros2_ws/build/py_pubsub/install.log'
[1.315s] Invoked command in '/home/kristoffer/ros2_ws/src/py_pubsub' returned '0': PYTHONPATH=/home/kristoffer/ros2_ws/build/py_pubsub/prefix_override:/home/kristoffer/ros2_ws/install/py_pubsub/lib/python3.10/site-packages:${PYTHONPATH} /usr/bin/python3 setup.py egg_info --egg-base ../../build/py_pubsub build --build-base /home/kristoffer/ros2_ws/build/py_pubsub/build install --record /home/kristoffer/ros2_ws/build/py_pubsub/install.log --single-version-externally-managed
