[0.562s] Invoking command in '/workspaces/SESARS_Labs/src/ros2_ws/build/turtlesim': CMAKE_PREFIX_PATH=${CMAKE_PREFIX_PATH}:/workspaces/SESARS_Labs/src/ros2_ws/install/py_pubsub:/workspaces/SESARS_Labs/src/ros2_ws/install/lab01_pkg:/opt/ros/humble /usr/bin/cmake /workspaces/SESARS_Labs/src/ros2_ws/src/ros_tutorials/turtlesim -DCMAKE_INSTALL_PREFIX=/workspaces/SESARS_Labs/src/ros2_ws/install/turtlesim
[0.648s] -- The C compiler identification is GNU 11.4.0
[0.734s] -- The CXX compiler identification is GNU 11.4.0
[0.743s] -- Detecting C compiler ABI info
[0.831s] -- Detecting C compiler ABI info - done
[0.838s] -- Check for working C compiler: /usr/bin/cc - skipped
[0.838s] -- Detecting C compile features
[0.839s] -- Detecting C compile features - done
[0.842s] -- Detecting CXX compiler ABI info
[0.952s] -- Detecting CXX compiler ABI info - done
[0.959s] -- Check for working CXX compiler: /usr/bin/c++ - skipped
[0.960s] -- Detecting CXX compile features
[0.960s] -- Detecting CXX compile features - done
[0.965s] -- Found ament_cmake: 1.3.5 (/opt/ros/humble/share/ament_cmake/cmake)
[1.141s] -- Found Python3: /usr/bin/python3.10 (found version "3.10.12") found components: Interpreter 
[1.241s] -- Found ament_index_cpp: 1.4.0 (/opt/ros/humble/share/ament_index_cpp/cmake)
[1.244s] -- Found geometry_msgs: 4.2.3 (/opt/ros/humble/share/geometry_msgs/cmake)
[1.283s] -- Found rosidl_generator_c: 3.1.5 (/opt/ros/humble/share/rosidl_generator_c/cmake)
[1.288s] -- Found rosidl_adapter: 3.1.5 (/opt/ros/humble/share/rosidl_adapter/cmake)
[1.298s] -- Found rosidl_generator_cpp: 3.1.5 (/opt/ros/humble/share/rosidl_generator_cpp/cmake)
[1.312s] -- Using all available rosidl_typesupport_c: rosidl_typesupport_fastrtps_c;rosidl_typesupport_introspection_c
[1.333s] -- Using all available rosidl_typesupport_cpp: rosidl_typesupport_fastrtps_cpp;rosidl_typesupport_introspection_cpp
[1.463s] -- Found rclcpp: 16.0.6 (/opt/ros/humble/share/rclcpp/cmake)
[1.522s] -- Found rmw_implementation_cmake: 6.1.1 (/opt/ros/humble/share/rmw_implementation_cmake/cmake)
[1.525s] -- Found rmw_fastrtps_cpp: 6.2.4 (/opt/ros/humble/share/rmw_fastrtps_cpp/cmake)
[1.674s] -- Found OpenSSL: /usr/lib/x86_64-linux-gnu/libcrypto.so (found version "3.0.2")  
[1.697s] -- Found FastRTPS: /opt/ros/humble/include  
[1.743s] -- Using RMW implementation 'rmw_fastrtps_cpp' as default
[1.754s] -- Looking for pthread.h
[1.912s] -- Looking for pthread.h - found
[1.913s] -- Performing Test CMAKE_HAVE_LIBC_PTHREAD
[2.020s] -- Performing Test CMAKE_HAVE_LIBC_PTHREAD - Success
[2.021s] -- Found Threads: TRUE  
[2.153s] -- Found rclcpp_action: 16.0.6 (/opt/ros/humble/share/rclcpp_action/cmake)
[2.247s] -- Found rosidl_default_generators: 1.2.0 (/opt/ros/humble/share/rosidl_default_generators/cmake)
[2.257s] -- Found std_srvs: 4.2.3 (/opt/ros/humble/share/std_srvs/cmake)
[2.688s] -- Found ament_cmake_ros: 0.10.0 (/opt/ros/humble/share/ament_cmake_ros/cmake)
[3.228s] -- Using all available rosidl_typesupport_c: rosidl_typesupport_fastrtps_c;rosidl_typesupport_introspection_c
[3.432s] -- Using all available rosidl_typesupport_cpp: rosidl_typesupport_fastrtps_cpp;rosidl_typesupport_introspection_cpp
[3.450s] -- Found PythonInterp: /usr/bin/python3 (found suitable version "3.10.12", minimum required is "3.6") 
[3.455s] -- Found python_cmake_module: 0.10.0 (/opt/ros/humble/share/python_cmake_module/cmake)
[3.492s] -- Found PythonLibs: /usr/lib/x86_64-linux-gnu/libpython3.10.so (found suitable version "3.10.12", minimum required is "3.5") 
[3.492s] -- Using PYTHON_EXECUTABLE: /usr/bin/python3
[3.493s] -- Using PYTHON_INCLUDE_DIRS: /usr/include/python3.10
[3.493s] -- Using PYTHON_LIBRARIES: /usr/lib/x86_64-linux-gnu/libpython3.10.so
[3.532s] -- Found PythonExtra: .so  
[3.658s] -- Configuring done
[3.745s] -- Generating done
[3.749s] -- Build files have been written to: /workspaces/SESARS_Labs/src/ros2_ws/build/turtlesim
[3.762s] Invoked command in '/workspaces/SESARS_Labs/src/ros2_ws/build/turtlesim' returned '0': CMAKE_PREFIX_PATH=${CMAKE_PREFIX_PATH}:/workspaces/SESARS_Labs/src/ros2_ws/install/py_pubsub:/workspaces/SESARS_Labs/src/ros2_ws/install/lab01_pkg:/opt/ros/humble /usr/bin/cmake /workspaces/SESARS_Labs/src/ros2_ws/src/ros_tutorials/turtlesim -DCMAKE_INSTALL_PREFIX=/workspaces/SESARS_Labs/src/ros2_ws/install/turtlesim
[3.765s] Invoking command in '/workspaces/SESARS_Labs/src/ros2_ws/build/turtlesim': CMAKE_PREFIX_PATH=${CMAKE_PREFIX_PATH}:/workspaces/SESARS_Labs/src/ros2_ws/install/py_pubsub:/workspaces/SESARS_Labs/src/ros2_ws/install/lab01_pkg:/opt/ros/humble /usr/bin/cmake --build /workspaces/SESARS_Labs/src/ros2_ws/build/turtlesim -- -j12 -l12
[3.846s] [  1%] [34m[1mGenerating C code for ROS interfaces[0m
[3.852s] [  2%] [34m[1mGenerating C++ code for ROS interfaces[0m
[3.869s] [  2%] Built target ament_cmake_python_copy_turtlesim
[4.093s] running egg_info
[4.093s] creating turtlesim.egg-info
[4.093s] writing turtlesim.egg-info/PKG-INFO
[4.094s] writing dependency_links to turtlesim.egg-info/dependency_links.txt
[4.094s] writing top-level names to turtlesim.egg-info/top_level.txt
[4.094s] writing manifest file 'turtlesim.egg-info/SOURCES.txt'
[4.096s] reading manifest file 'turtlesim.egg-info/SOURCES.txt'
[4.096s] writing manifest file 'turtlesim.egg-info/SOURCES.txt'
[4.132s] [  2%] Built target ament_cmake_python_build_turtlesim_egg
[4.672s] [  2%] Built target turtlesim__cpp
[4.685s] [  4%] [34m[1mGenerating C++ introspection for ROS interfaces[0m
[4.686s] [  4%] [34m[1mGenerating C++ type support dispatch for ROS interfaces[0m
[4.692s] [  5%] [34m[1mGenerating C++ type support for eProsima Fast-RTPS[0m
[4.788s] [  7%] [32mBuilding C object CMakeFiles/turtlesim__rosidl_generator_c.dir/rosidl_generator_c/turtlesim/msg/detail/color__functions.c.o[0m
[4.789s] [  7%] [32mBuilding C object CMakeFiles/turtlesim__rosidl_generator_c.dir/rosidl_generator_c/turtlesim/action/detail/rotate_absolute__functions.c.o[0m
[4.789s] [  9%] [32mBuilding C object CMakeFiles/turtlesim__rosidl_generator_c.dir/rosidl_generator_c/turtlesim/srv/detail/kill__functions.c.o[0m
[4.789s] [  9%] [32mBuilding C object CMakeFiles/turtlesim__rosidl_generator_c.dir/rosidl_generator_c/turtlesim/srv/detail/teleport_absolute__functions.c.o[0m
[4.789s] [ 10%] [32mBuilding C object CMakeFiles/turtlesim__rosidl_generator_c.dir/rosidl_generator_c/turtlesim/msg/detail/pose__functions.c.o[0m
[4.791s] [ 12%] [32mBuilding C object CMakeFiles/turtlesim__rosidl_generator_c.dir/rosidl_generator_c/turtlesim/srv/detail/teleport_relative__functions.c.o[0m
[4.791s] [ 12%] [32mBuilding C object CMakeFiles/turtlesim__rosidl_generator_c.dir/rosidl_generator_c/turtlesim/srv/detail/spawn__functions.c.o[0m
[4.792s] [ 13%] [32mBuilding C object CMakeFiles/turtlesim__rosidl_generator_c.dir/rosidl_generator_c/turtlesim/srv/detail/set_pen__functions.c.o[0m
[4.940s] [ 14%] [32m[1mLinking C shared library libturtlesim__rosidl_generator_c.so[0m
[4.983s] [ 14%] Built target turtlesim__rosidl_generator_c
[4.994s] [ 17%] [34m[1mGenerating C type support dispatch for ROS interfaces[0m
[4.994s] [ 17%] [34m[1mGenerating C type support for eProsima Fast-RTPS[0m
[4.994s] [ 17%] [34m[1mGenerating C introspection for ROS interfaces[0m
[5.237s] [ 20%] [32mBuilding CXX object CMakeFiles/turtlesim__rosidl_typesupport_cpp.dir/rosidl_typesupport_cpp/turtlesim/msg/pose__type_support.cpp.o[0m
[5.237s] [ 20%] [32mBuilding CXX object CMakeFiles/turtlesim__rosidl_typesupport_cpp.dir/rosidl_typesupport_cpp/turtlesim/action/rotate_absolute__type_support.cpp.o[0m
[5.237s] [ 20%] [32mBuilding CXX object CMakeFiles/turtlesim__rosidl_typesupport_cpp.dir/rosidl_typesupport_cpp/turtlesim/msg/color__type_support.cpp.o[0m
[5.238s] [ 22%] [32mBuilding CXX object CMakeFiles/turtlesim__rosidl_typesupport_cpp.dir/rosidl_typesupport_cpp/turtlesim/srv/teleport_absolute__type_support.cpp.o[0m
[5.238s] [ 22%] [32mBuilding CXX object CMakeFiles/turtlesim__rosidl_typesupport_cpp.dir/rosidl_typesupport_cpp/turtlesim/srv/kill__type_support.cpp.o[0m
[5.238s] [ 23%] [32mBuilding CXX object CMakeFiles/turtlesim__rosidl_typesupport_cpp.dir/rosidl_typesupport_cpp/turtlesim/srv/spawn__type_support.cpp.o[0m
[5.240s] [ 24%] [32mBuilding CXX object CMakeFiles/turtlesim__rosidl_typesupport_cpp.dir/rosidl_typesupport_cpp/turtlesim/srv/set_pen__type_support.cpp.o[0m
[5.697s] [ 25%] [32mBuilding CXX object CMakeFiles/turtlesim__rosidl_typesupport_cpp.dir/rosidl_typesupport_cpp/turtlesim/srv/teleport_relative__type_support.cpp.o[0m
[5.719s] [ 26%] [32mBuilding CXX object CMakeFiles/turtlesim__rosidl_typesupport_introspection_cpp.dir/rosidl_typesupport_introspection_cpp/turtlesim/msg/detail/color__type_support.cpp.o[0m
[5.723s] [ 27%] [32mBuilding CXX object CMakeFiles/turtlesim__rosidl_typesupport_introspection_cpp.dir/rosidl_typesupport_introspection_cpp/turtlesim/action/detail/rotate_absolute__type_support.cpp.o[0m
[5.738s] [ 28%] [32mBuilding CXX object CMakeFiles/turtlesim__rosidl_typesupport_introspection_cpp.dir/rosidl_typesupport_introspection_cpp/turtlesim/msg/detail/pose__type_support.cpp.o[0m
[5.750s] [ 29%] [32mBuilding CXX object CMakeFiles/turtlesim__rosidl_typesupport_introspection_cpp.dir/rosidl_typesupport_introspection_cpp/turtlesim/srv/detail/kill__type_support.cpp.o[0m
[5.768s] [ 30%] [32mBuilding CXX object CMakeFiles/turtlesim__rosidl_typesupport_introspection_cpp.dir/rosidl_typesupport_introspection_cpp/turtlesim/srv/detail/spawn__type_support.cpp.o[0m
[5.770s] [ 31%] [32mBuilding CXX object CMakeFiles/turtlesim__rosidl_typesupport_introspection_cpp.dir/rosidl_typesupport_introspection_cpp/turtlesim/srv/detail/set_pen__type_support.cpp.o[0m
[5.785s] [ 32%] [32mBuilding CXX object CMakeFiles/turtlesim__rosidl_typesupport_c.dir/rosidl_typesupport_c/turtlesim/action/rotate_absolute__type_support.cpp.o[0m
[5.790s] [ 33%] [32mBuilding CXX object CMakeFiles/turtlesim__rosidl_typesupport_fastrtps_cpp.dir/rosidl_typesupport_fastrtps_cpp/turtlesim/action/detail/dds_fastrtps/rotate_absolute__type_support.cpp.o[0m
[5.950s] [ 34%] [32mBuilding CXX object CMakeFiles/turtlesim__rosidl_typesupport_c.dir/rosidl_typesupport_c/turtlesim/msg/color__type_support.cpp.o[0m
[6.000s] [ 35%] [32mBuilding CXX object CMakeFiles/turtlesim__rosidl_typesupport_fastrtps_cpp.dir/rosidl_typesupport_fastrtps_cpp/turtlesim/msg/detail/dds_fastrtps/color__type_support.cpp.o[0m
[6.055s] [ 36%] [32mBuilding CXX object CMakeFiles/turtlesim__rosidl_typesupport_c.dir/rosidl_typesupport_c/turtlesim/msg/pose__type_support.cpp.o[0m
[6.126s] [ 37%] [32mBuilding CXX object CMakeFiles/turtlesim__rosidl_typesupport_c.dir/rosidl_typesupport_c/turtlesim/srv/kill__type_support.cpp.o[0m
[6.153s] [ 38%] [32m[1mLinking CXX shared library libturtlesim__rosidl_typesupport_cpp.so[0m
[6.163s] [ 39%] [32mBuilding C object CMakeFiles/turtlesim__rosidl_typesupport_introspection_c.dir/rosidl_typesupport_introspection_c/turtlesim/action/detail/rotate_absolute__type_support.c.o[0m
[6.191s] [ 40%] [32mBuilding CXX object CMakeFiles/turtlesim__rosidl_typesupport_c.dir/rosidl_typesupport_c/turtlesim/srv/set_pen__type_support.cpp.o[0m
[6.240s] [ 40%] Built target turtlesim__rosidl_typesupport_cpp
[6.258s] [ 41%] [32mBuilding CXX object CMakeFiles/turtlesim__rosidl_typesupport_fastrtps_c.dir/rosidl_typesupport_fastrtps_c/turtlesim/action/detail/rotate_absolute__type_support_c.cpp.o[0m
[6.260s] [ 42%] [32mBuilding C object CMakeFiles/turtlesim__rosidl_typesupport_introspection_c.dir/rosidl_typesupport_introspection_c/turtlesim/msg/detail/color__type_support.c.o[0m
[6.261s] [ 43%] [32mBuilding CXX object CMakeFiles/turtlesim__rosidl_typesupport_c.dir/rosidl_typesupport_c/turtlesim/srv/spawn__type_support.cpp.o[0m
[6.270s] [ 44%] [34m[1mGenerating include/turtlesim/moc_turtle_frame.cpp[0m
[6.337s] [ 45%] [32mBuilding CXX object CMakeFiles/turtlesim__rosidl_typesupport_c.dir/rosidl_typesupport_c/turtlesim/srv/teleport_absolute__type_support.cpp.o[0m
[6.352s] [ 46%] [32mBuilding C object CMakeFiles/turtlesim__rosidl_typesupport_introspection_c.dir/rosidl_typesupport_introspection_c/turtlesim/msg/detail/pose__type_support.c.o[0m
[6.355s] [ 47%] [32mBuilding CXX object CMakeFiles/turtlesim__rosidl_typesupport_introspection_cpp.dir/rosidl_typesupport_introspection_cpp/turtlesim/srv/detail/teleport_absolute__type_support.cpp.o[0m
[6.371s] [ 48%] [32mBuilding CXX object CMakeFiles/turtlesim__rosidl_typesupport_fastrtps_c.dir/rosidl_typesupport_fastrtps_c/turtlesim/msg/detail/color__type_support_c.cpp.o[0m
[6.374s] [ 49%] [32mBuilding CXX object CMakeFiles/turtlesim__rosidl_typesupport_c.dir/rosidl_typesupport_c/turtlesim/srv/teleport_relative__type_support.cpp.o[0m
[6.414s] [ 50%] [32mBuilding CXX object CMakeFiles/turtlesim__rosidl_typesupport_fastrtps_cpp.dir/rosidl_typesupport_fastrtps_cpp/turtlesim/msg/detail/dds_fastrtps/pose__type_support.cpp.o[0m
[6.438s] [ 51%] [32mBuilding CXX object CMakeFiles/turtlesim_node.dir/src/turtlesim.cpp.o[0m
[6.439s] [ 52%] [32m[1mLinking CXX shared library libturtlesim__rosidl_typesupport_c.so[0m
[6.453s] [ 53%] [32mBuilding C object CMakeFiles/turtlesim__rosidl_typesupport_introspection_c.dir/rosidl_typesupport_introspection_c/turtlesim/srv/detail/kill__type_support.c.o[0m
[6.460s] [ 54%] [32mBuilding CXX object CMakeFiles/turtlesim__rosidl_typesupport_introspection_cpp.dir/rosidl_typesupport_introspection_cpp/turtlesim/srv/detail/teleport_relative__type_support.cpp.o[0m
[6.475s] [ 55%] [32mBuilding CXX object CMakeFiles/turtlesim__rosidl_typesupport_fastrtps_cpp.dir/rosidl_typesupport_fastrtps_cpp/turtlesim/srv/detail/dds_fastrtps/kill__type_support.cpp.o[0m
[6.552s] [ 56%] [32mBuilding C object CMakeFiles/turtlesim__rosidl_typesupport_introspection_c.dir/rosidl_typesupport_introspection_c/turtlesim/srv/detail/set_pen__type_support.c.o[0m
[6.573s] [ 56%] Built target turtlesim__rosidl_typesupport_c
[6.638s] [ 57%] [32mBuilding CXX object CMakeFiles/turtle_teleop_key.dir/tutorials/teleop_turtle_key.cpp.o[0m
[6.644s] [ 58%] [32mBuilding CXX object CMakeFiles/draw_square.dir/tutorials/draw_square.cpp.o[0m
[6.669s] [ 59%] [32mBuilding CXX object CMakeFiles/turtlesim_node.dir/src/turtle.cpp.o[0m
[6.691s] [ 60%] [32mBuilding C object CMakeFiles/turtlesim__rosidl_typesupport_introspection_c.dir/rosidl_typesupport_introspection_c/turtlesim/srv/detail/spawn__type_support.c.o[0m
[6.780s] [ 61%] [32mBuilding CXX object CMakeFiles/turtlesim__rosidl_typesupport_fastrtps_cpp.dir/rosidl_typesupport_fastrtps_cpp/turtlesim/srv/detail/dds_fastrtps/set_pen__type_support.cpp.o[0m
[6.850s] [ 62%] [32mBuilding C object CMakeFiles/turtlesim__rosidl_typesupport_introspection_c.dir/rosidl_typesupport_introspection_c/turtlesim/srv/detail/teleport_absolute__type_support.c.o[0m
[6.893s] [ 63%] [32mBuilding CXX object CMakeFiles/turtlesim__rosidl_typesupport_fastrtps_c.dir/rosidl_typesupport_fastrtps_c/turtlesim/msg/detail/pose__type_support_c.cpp.o[0m
[6.936s] [ 64%] [32mBuilding CXX object CMakeFiles/turtlesim__rosidl_typesupport_fastrtps_c.dir/rosidl_typesupport_fastrtps_c/turtlesim/srv/detail/kill__type_support_c.cpp.o[0m
[6.956s] [ 65%] [32mBuilding C object CMakeFiles/turtlesim__rosidl_typesupport_introspection_c.dir/rosidl_typesupport_introspection_c/turtlesim/srv/detail/teleport_relative__type_support.c.o[0m
[6.999s] [ 66%] [32mBuilding CXX object CMakeFiles/turtlesim__rosidl_typesupport_fastrtps_cpp.dir/rosidl_typesupport_fastrtps_cpp/turtlesim/srv/detail/dds_fastrtps/spawn__type_support.cpp.o[0m
[7.046s] [ 67%] [32m[1mLinking CXX shared library libturtlesim__rosidl_typesupport_introspection_cpp.so[0m
[7.048s] [ 68%] [32m[1mLinking C shared library libturtlesim__rosidl_typesupport_introspection_c.so[0m
[7.099s] [ 69%] [32mBuilding CXX object CMakeFiles/turtlesim__rosidl_typesupport_fastrtps_cpp.dir/rosidl_typesupport_fastrtps_cpp/turtlesim/srv/detail/dds_fastrtps/teleport_absolute__type_support.cpp.o[0m
[7.136s] [ 70%] [32mBuilding CXX object CMakeFiles/turtlesim__rosidl_typesupport_fastrtps_cpp.dir/rosidl_typesupport_fastrtps_cpp/turtlesim/srv/detail/dds_fastrtps/teleport_relative__type_support.cpp.o[0m
[7.154s] [ 70%] Built target turtlesim__rosidl_typesupport_introspection_c
[7.266s] [ 71%] [32mBuilding CXX object CMakeFiles/mimic.dir/tutorials/mimic.cpp.o[0m
[7.286s] [ 71%] Built target turtlesim__rosidl_typesupport_introspection_cpp
[7.303s] [ 72%] [32mBuilding CXX object CMakeFiles/turtlesim__rosidl_typesupport_fastrtps_c.dir/rosidl_typesupport_fastrtps_c/turtlesim/srv/detail/set_pen__type_support_c.cpp.o[0m
[7.477s] [ 73%] [32mBuilding CXX object CMakeFiles/turtlesim__rosidl_typesupport_fastrtps_c.dir/rosidl_typesupport_fastrtps_c/turtlesim/srv/detail/spawn__type_support_c.cpp.o[0m
[7.501s] [ 74%] [32mBuilding CXX object CMakeFiles/turtlesim__rosidl_typesupport_fastrtps_c.dir/rosidl_typesupport_fastrtps_c/turtlesim/srv/detail/teleport_absolute__type_support_c.cpp.o[0m
[7.598s] [ 75%] [32mBuilding CXX object CMakeFiles/turtlesim__rosidl_typesupport_fastrtps_c.dir/rosidl_typesupport_fastrtps_c/turtlesim/srv/detail/teleport_relative__type_support_c.cpp.o[0m
[7.720s] [ 76%] [32mBuilding CXX object CMakeFiles/turtlesim_node.dir/src/turtle_frame.cpp.o[0m
[7.805s] [ 77%] [32mBuilding CXX object CMakeFiles/turtlesim_node.dir/include/turtlesim/moc_turtle_frame.cpp.o[0m
[7.935s] [ 78%] [32m[1mLinking CXX shared library libturtlesim__rosidl_typesupport_fastrtps_cpp.so[0m
[8.198s] [ 78%] Built target turtlesim__rosidl_typesupport_fastrtps_cpp
[8.223s] [ 79%] [32m[1mLinking CXX shared library libturtlesim__rosidl_typesupport_fastrtps_c.so[0m
[8.466s] [ 79%] Built target turtlesim__rosidl_typesupport_fastrtps_c
[8.508s] [ 79%] Built target turtlesim
[8.554s] [ 80%] [34m[1mGenerating Python code for ROS interfaces[0m
[10.746s] [ 80%] Built target turtlesim__py
[10.776s] [ 84%] [32mBuilding C object CMakeFiles/turtlesim__rosidl_generator_py.dir/rosidl_generator_py/turtlesim/srv/_kill_s.c.o[0m
[10.776s] [ 84%] [32mBuilding C object CMakeFiles/turtlesim__rosidl_generator_py.dir/rosidl_generator_py/turtlesim/action/_rotate_absolute_s.c.o[0m
[10.776s] [ 84%] [32mBuilding C object CMakeFiles/turtlesim__rosidl_generator_py.dir/rosidl_generator_py/turtlesim/msg/_pose_s.c.o[0m
[10.776s] [ 84%] [32mBuilding C object CMakeFiles/turtlesim__rosidl_generator_py.dir/rosidl_generator_py/turtlesim/msg/_color_s.c.o[0m
[10.779s] [ 85%] [32mBuilding C object CMakeFiles/turtlesim__rosidl_generator_py.dir/rosidl_generator_py/turtlesim/srv/_set_pen_s.c.o[0m
[10.965s] [ 87%] [32mBuilding C object CMakeFiles/turtlesim__rosidl_generator_py.dir/rosidl_generator_py/turtlesim/srv/_teleport_absolute_s.c.o[0m
[10.966s] [ 87%] [32mBuilding C object CMakeFiles/turtlesim__rosidl_generator_py.dir/rosidl_generator_py/turtlesim/srv/_spawn_s.c.o[0m
[10.970s] [ 88%] [32mBuilding C object CMakeFiles/turtlesim__rosidl_generator_py.dir/rosidl_generator_py/turtlesim/srv/_teleport_relative_s.c.o[0m
[11.168s] [ 89%] [32m[1mLinking C shared library rosidl_generator_py/turtlesim/libturtlesim__rosidl_generator_py.so[0m
[11.264s] [ 89%] Built target turtlesim__rosidl_generator_py
[11.299s] [ 91%] [32mBuilding C object CMakeFiles/turtlesim__rosidl_typesupport_fastrtps_c__pyext.dir/rosidl_generator_py/turtlesim/_turtlesim_s.ep.rosidl_typesupport_fastrtps_c.c.o[0m
[11.299s] [ 91%] [32mBuilding C object CMakeFiles/turtlesim__rosidl_typesupport_introspection_c__pyext.dir/rosidl_generator_py/turtlesim/_turtlesim_s.ep.rosidl_typesupport_introspection_c.c.o[0m
[11.301s] [ 92%] [32mBuilding C object CMakeFiles/turtlesim__rosidl_typesupport_c__pyext.dir/rosidl_generator_py/turtlesim/_turtlesim_s.ep.rosidl_typesupport_c.c.o[0m
[11.571s] [ 93%] [32m[1mLinking C shared library rosidl_generator_py/turtlesim/turtlesim_s__rosidl_typesupport_fastrtps_c.cpython-310-x86_64-linux-gnu.so[0m
[11.575s] [ 94%] [32m[1mLinking C shared library rosidl_generator_py/turtlesim/turtlesim_s__rosidl_typesupport_c.cpython-310-x86_64-linux-gnu.so[0m
[11.600s] [ 95%] [32m[1mLinking C shared library rosidl_generator_py/turtlesim/turtlesim_s__rosidl_typesupport_introspection_c.cpython-310-x86_64-linux-gnu.so[0m
[11.654s] [ 95%] Built target turtlesim__rosidl_typesupport_c__pyext
[11.657s] [ 95%] Built target turtlesim__rosidl_typesupport_fastrtps_c__pyext
[11.682s] [ 95%] Built target turtlesim__rosidl_typesupport_introspection_c__pyext
[15.527s] [ 96%] [32m[1mLinking CXX executable turtle_teleop_key[0m
[16.126s] [ 96%] Built target turtle_teleop_key
[18.330s] [ 97%] [32m[1mLinking CXX executable mimic[0m
[18.772s] [ 98%] [32m[1mLinking CXX executable draw_square[0m
[19.201s] [ 98%] Built target mimic
[19.538s] [ 98%] Built target draw_square
[22.530s] [100%] [32m[1mLinking CXX executable turtlesim_node[0m
[25.103s] [100%] Built target turtlesim_node
[25.142s] Invoked command in '/workspaces/SESARS_Labs/src/ros2_ws/build/turtlesim' returned '0': CMAKE_PREFIX_PATH=${CMAKE_PREFIX_PATH}:/workspaces/SESARS_Labs/src/ros2_ws/install/py_pubsub:/workspaces/SESARS_Labs/src/ros2_ws/install/lab01_pkg:/opt/ros/humble /usr/bin/cmake --build /workspaces/SESARS_Labs/src/ros2_ws/build/turtlesim -- -j12 -l12
[25.458s] Invoking command in '/workspaces/SESARS_Labs/src/ros2_ws/build/turtlesim': CMAKE_PREFIX_PATH=${CMAKE_PREFIX_PATH}:/workspaces/SESARS_Labs/src/ros2_ws/install/py_pubsub:/workspaces/SESARS_Labs/src/ros2_ws/install/lab01_pkg:/opt/ros/humble /usr/bin/cmake --install /workspaces/SESARS_Labs/src/ros2_ws/build/turtlesim
[25.480s] -- Install configuration: ""
[25.480s] -- Installing: /workspaces/SESARS_Labs/src/ros2_ws/install/turtlesim/share/ament_index/resource_index/rosidl_interfaces/turtlesim
[25.480s] -- Installing: /workspaces/SESARS_Labs/src/ros2_ws/install/turtlesim/include/turtlesim/turtlesim
[25.480s] -- Installing: /workspaces/SESARS_Labs/src/ros2_ws/install/turtlesim/include/turtlesim/turtlesim/msg
[25.481s] -- Installing: /workspaces/SESARS_Labs/src/ros2_ws/install/turtlesim/include/turtlesim/turtlesim/msg/rosidl_generator_c__visibility_control.h
[25.481s] -- Installing: /workspaces/SESARS_Labs/src/ros2_ws/install/turtlesim/include/turtlesim/turtlesim/msg/detail
[25.481s] -- Installing: /workspaces/SESARS_Labs/src/ros2_ws/install/turtlesim/include/turtlesim/turtlesim/msg/detail/pose__type_support.h
[25.482s] -- Installing: /workspaces/SESARS_Labs/src/ros2_ws/install/turtlesim/include/turtlesim/turtlesim/msg/detail/pose__functions.c
[25.482s] -- Installing: /workspaces/SESARS_Labs/src/ros2_ws/install/turtlesim/include/turtlesim/turtlesim/msg/detail/color__functions.h
[25.482s] -- Installing: /workspaces/SESARS_Labs/src/ros2_ws/install/turtlesim/include/turtlesim/turtlesim/msg/detail/pose__struct.h
[25.482s] -- Installing: /workspaces/SESARS_Labs/src/ros2_ws/install/turtlesim/include/turtlesim/turtlesim/msg/detail/color__functions.c
[25.483s] -- Installing: /workspaces/SESARS_Labs/src/ros2_ws/install/turtlesim/include/turtlesim/turtlesim/msg/detail/color__type_support.h
[25.483s] -- Installing: /workspaces/SESARS_Labs/src/ros2_ws/install/turtlesim/include/turtlesim/turtlesim/msg/detail/color__struct.h
[25.483s] -- Installing: /workspaces/SESARS_Labs/src/ros2_ws/install/turtlesim/include/turtlesim/turtlesim/msg/detail/pose__functions.h
[25.484s] -- Installing: /workspaces/SESARS_Labs/src/ros2_ws/install/turtlesim/include/turtlesim/turtlesim/msg/color.h
[25.484s] -- Installing: /workspaces/SESARS_Labs/src/ros2_ws/install/turtlesim/include/turtlesim/turtlesim/msg/pose.h
[25.484s] -- Installing: /workspaces/SESARS_Labs/src/ros2_ws/install/turtlesim/include/turtlesim/turtlesim/srv
[25.484s] -- Installing: /workspaces/SESARS_Labs/src/ros2_ws/install/turtlesim/include/turtlesim/turtlesim/srv/teleport_relative.h
[25.485s] -- Installing: /workspaces/SESARS_Labs/src/ros2_ws/install/turtlesim/include/turtlesim/turtlesim/srv/teleport_absolute.h
[25.485s] -- Installing: /workspaces/SESARS_Labs/src/ros2_ws/install/turtlesim/include/turtlesim/turtlesim/srv/spawn.h
[25.485s] -- Installing: /workspaces/SESARS_Labs/src/ros2_ws/install/turtlesim/include/turtlesim/turtlesim/srv/detail
[25.486s] -- Installing: /workspaces/SESARS_Labs/src/ros2_ws/install/turtlesim/include/turtlesim/turtlesim/srv/detail/kill__type_support.h
[25.486s] -- Installing: /workspaces/SESARS_Labs/src/ros2_ws/install/turtlesim/include/turtlesim/turtlesim/srv/detail/spawn__functions.c
[25.486s] -- Installing: /workspaces/SESARS_Labs/src/ros2_ws/install/turtlesim/include/turtlesim/turtlesim/srv/detail/spawn__functions.h
[25.487s] -- Installing: /workspaces/SESARS_Labs/src/ros2_ws/install/turtlesim/include/turtlesim/turtlesim/srv/detail/set_pen__struct.h
[25.487s] -- Installing: /workspaces/SESARS_Labs/src/ros2_ws/install/turtlesim/include/turtlesim/turtlesim/srv/detail/spawn__struct.h
[25.488s] -- Installing: /workspaces/SESARS_Labs/src/ros2_ws/install/turtlesim/include/turtlesim/turtlesim/srv/detail/set_pen__functions.c
[25.488s] -- Installing: /workspaces/SESARS_Labs/src/ros2_ws/install/turtlesim/include/turtlesim/turtlesim/srv/detail/kill__functions.h
[25.488s] -- Installing: /workspaces/SESARS_Labs/src/ros2_ws/install/turtlesim/include/turtlesim/turtlesim/srv/detail/teleport_absolute__type_support.h
[25.489s] -- Installing: /workspaces/SESARS_Labs/src/ros2_ws/install/turtlesim/include/turtlesim/turtlesim/srv/detail/spawn__type_support.h
[25.489s] -- Installing: /workspaces/SESARS_Labs/src/ros2_ws/install/turtlesim/include/turtlesim/turtlesim/srv/detail/kill__struct.h
[25.489s] -- Installing: /workspaces/SESARS_Labs/src/ros2_ws/install/turtlesim/include/turtlesim/turtlesim/srv/detail/set_pen__functions.h
[25.490s] -- Installing: /workspaces/SESARS_Labs/src/ros2_ws/install/turtlesim/include/turtlesim/turtlesim/srv/detail/kill__functions.c
[25.490s] -- Installing: /workspaces/SESARS_Labs/src/ros2_ws/install/turtlesim/include/turtlesim/turtlesim/srv/detail/teleport_relative__struct.h
[25.490s] -- Installing: /workspaces/SESARS_Labs/src/ros2_ws/install/turtlesim/include/turtlesim/turtlesim/srv/detail/teleport_absolute__struct.h
[25.491s] -- Installing: /workspaces/SESARS_Labs/src/ros2_ws/install/turtlesim/include/turtlesim/turtlesim/srv/detail/teleport_relative__functions.c
[25.491s] -- Installing: /workspaces/SESARS_Labs/src/ros2_ws/install/turtlesim/include/turtlesim/turtlesim/srv/detail/teleport_absolute__functions.c
[25.491s] -- Installing: /workspaces/SESARS_Labs/src/ros2_ws/install/turtlesim/include/turtlesim/turtlesim/srv/detail/set_pen__type_support.h
[25.492s] -- Installing: /workspaces/SESARS_Labs/src/ros2_ws/install/turtlesim/include/turtlesim/turtlesim/srv/detail/teleport_absolute__functions.h
[25.492s] -- Installing: /workspaces/SESARS_Labs/src/ros2_ws/install/turtlesim/include/turtlesim/turtlesim/srv/detail/teleport_relative__functions.h
[25.492s] -- Installing: /workspaces/SESARS_Labs/src/ros2_ws/install/turtlesim/include/turtlesim/turtlesim/srv/detail/teleport_relative__type_support.h
[25.493s] -- Installing: /workspaces/SESARS_Labs/src/ros2_ws/install/turtlesim/include/turtlesim/turtlesim/srv/kill.h
[25.494s] -- Installing: /workspaces/SESARS_Labs/src/ros2_ws/install/turtlesim/include/turtlesim/turtlesim/srv/set_pen.h
[25.494s] -- Installing: /workspaces/SESARS_Labs/src/ros2_ws/install/turtlesim/include/turtlesim/turtlesim/action
[25.494s] -- Installing: /workspaces/SESARS_Labs/src/ros2_ws/install/turtlesim/include/turtlesim/turtlesim/action/detail
[25.494s] -- Installing: /workspaces/SESARS_Labs/src/ros2_ws/install/turtlesim/include/turtlesim/turtlesim/action/detail/rotate_absolute__functions.c
[25.495s] -- Installing: /workspaces/SESARS_Labs/src/ros2_ws/install/turtlesim/include/turtlesim/turtlesim/action/detail/rotate_absolute__type_support.h
[25.495s] -- Installing: /workspaces/SESARS_Labs/src/ros2_ws/install/turtlesim/include/turtlesim/turtlesim/action/detail/rotate_absolute__struct.h
[25.496s] -- Installing: /workspaces/SESARS_Labs/src/ros2_ws/install/turtlesim/include/turtlesim/turtlesim/action/detail/rotate_absolute__functions.h
[25.496s] -- Installing: /workspaces/SESARS_Labs/src/ros2_ws/install/turtlesim/include/turtlesim/turtlesim/action/rotate_absolute.h
[25.497s] -- Installing: /workspaces/SESARS_Labs/src/ros2_ws/install/turtlesim/share/turtlesim/environment/library_path.sh
[25.497s] -- Installing: /workspaces/SESARS_Labs/src/ros2_ws/install/turtlesim/share/turtlesim/environment/library_path.dsv
[25.497s] -- Installing: /workspaces/SESARS_Labs/src/ros2_ws/install/turtlesim/lib/libturtlesim__rosidl_generator_c.so
[25.499s] -- Set runtime path of "/workspaces/SESARS_Labs/src/ros2_ws/install/turtlesim/lib/libturtlesim__rosidl_generator_c.so" to ""
[25.499s] -- Up-to-date: /workspaces/SESARS_Labs/src/ros2_ws/install/turtlesim/include/turtlesim/turtlesim
[25.499s] -- Up-to-date: /workspaces/SESARS_Labs/src/ros2_ws/install/turtlesim/include/turtlesim/turtlesim/msg
[25.499s] -- Up-to-date: /workspaces/SESARS_Labs/src/ros2_ws/install/turtlesim/include/turtlesim/turtlesim/msg/detail
[25.499s] -- Installing: /workspaces/SESARS_Labs/src/ros2_ws/install/turtlesim/include/turtlesim/turtlesim/msg/detail/pose__rosidl_typesupport_fastrtps_c.h
[25.500s] -- Installing: /workspaces/SESARS_Labs/src/ros2_ws/install/turtlesim/include/turtlesim/turtlesim/msg/detail/color__rosidl_typesupport_fastrtps_c.h
[25.500s] -- Installing: /workspaces/SESARS_Labs/src/ros2_ws/install/turtlesim/include/turtlesim/turtlesim/msg/rosidl_typesupport_fastrtps_c__visibility_control.h
[25.500s] -- Up-to-date: /workspaces/SESARS_Labs/src/ros2_ws/install/turtlesim/include/turtlesim/turtlesim/srv
[25.500s] -- Up-to-date: /workspaces/SESARS_Labs/src/ros2_ws/install/turtlesim/include/turtlesim/turtlesim/srv/detail
[25.500s] -- Installing: /workspaces/SESARS_Labs/src/ros2_ws/install/turtlesim/include/turtlesim/turtlesim/srv/detail/kill__rosidl_typesupport_fastrtps_c.h
[25.500s] -- Installing: /workspaces/SESARS_Labs/src/ros2_ws/install/turtlesim/include/turtlesim/turtlesim/srv/detail/teleport_absolute__rosidl_typesupport_fastrtps_c.h
[25.501s] -- Installing: /workspaces/SESARS_Labs/src/ros2_ws/install/turtlesim/include/turtlesim/turtlesim/srv/detail/teleport_relative__rosidl_typesupport_fastrtps_c.h
[25.501s] -- Installing: /workspaces/SESARS_Labs/src/ros2_ws/install/turtlesim/include/turtlesim/turtlesim/srv/detail/spawn__rosidl_typesupport_fastrtps_c.h
[25.501s] -- Installing: /workspaces/SESARS_Labs/src/ros2_ws/install/turtlesim/include/turtlesim/turtlesim/srv/detail/set_pen__rosidl_typesupport_fastrtps_c.h
[25.502s] -- Up-to-date: /workspaces/SESARS_Labs/src/ros2_ws/install/turtlesim/include/turtlesim/turtlesim/action
[25.502s] -- Up-to-date: /workspaces/SESARS_Labs/src/ros2_ws/install/turtlesim/include/turtlesim/turtlesim/action/detail
[25.502s] -- Installing: /workspaces/SESARS_Labs/src/ros2_ws/install/turtlesim/include/turtlesim/turtlesim/action/detail/rotate_absolute__rosidl_typesupport_fastrtps_c.h
[25.502s] -- Installing: /workspaces/SESARS_Labs/src/ros2_ws/install/turtlesim/lib/libturtlesim__rosidl_typesupport_fastrtps_c.so
[25.503s] -- Set runtime path of "/workspaces/SESARS_Labs/src/ros2_ws/install/turtlesim/lib/libturtlesim__rosidl_typesupport_fastrtps_c.so" to ""
[25.504s] -- Up-to-date: /workspaces/SESARS_Labs/src/ros2_ws/install/turtlesim/include/turtlesim/turtlesim
[25.504s] -- Up-to-date: /workspaces/SESARS_Labs/src/ros2_ws/install/turtlesim/include/turtlesim/turtlesim/msg
[25.504s] -- Up-to-date: /workspaces/SESARS_Labs/src/ros2_ws/install/turtlesim/include/turtlesim/turtlesim/msg/detail
[25.504s] -- Installing: /workspaces/SESARS_Labs/src/ros2_ws/install/turtlesim/include/turtlesim/turtlesim/msg/detail/color__struct.hpp
[25.504s] -- Installing: /workspaces/SESARS_Labs/src/ros2_ws/install/turtlesim/include/turtlesim/turtlesim/msg/detail/pose__struct.hpp
[25.504s] -- Installing: /workspaces/SESARS_Labs/src/ros2_ws/install/turtlesim/include/turtlesim/turtlesim/msg/detail/pose__builder.hpp
[25.505s] -- Installing: /workspaces/SESARS_Labs/src/ros2_ws/install/turtlesim/include/turtlesim/turtlesim/msg/detail/pose__traits.hpp
[25.505s] -- Installing: /workspaces/SESARS_Labs/src/ros2_ws/install/turtlesim/include/turtlesim/turtlesim/msg/detail/color__builder.hpp
[25.505s] -- Installing: /workspaces/SESARS_Labs/src/ros2_ws/install/turtlesim/include/turtlesim/turtlesim/msg/detail/color__traits.hpp
[25.506s] -- Installing: /workspaces/SESARS_Labs/src/ros2_ws/install/turtlesim/include/turtlesim/turtlesim/msg/pose.hpp
[25.506s] -- Installing: /workspaces/SESARS_Labs/src/ros2_ws/install/turtlesim/include/turtlesim/turtlesim/msg/color.hpp
[25.506s] -- Up-to-date: /workspaces/SESARS_Labs/src/ros2_ws/install/turtlesim/include/turtlesim/turtlesim/srv
[25.506s] -- Installing: /workspaces/SESARS_Labs/src/ros2_ws/install/turtlesim/include/turtlesim/turtlesim/srv/spawn.hpp
[25.506s] -- Up-to-date: /workspaces/SESARS_Labs/src/ros2_ws/install/turtlesim/include/turtlesim/turtlesim/srv/detail
[25.507s] -- Installing: /workspaces/SESARS_Labs/src/ros2_ws/install/turtlesim/include/turtlesim/turtlesim/srv/detail/spawn__builder.hpp
[25.507s] -- Installing: /workspaces/SESARS_Labs/src/ros2_ws/install/turtlesim/include/turtlesim/turtlesim/srv/detail/set_pen__struct.hpp
[25.507s] -- Installing: /workspaces/SESARS_Labs/src/ros2_ws/install/turtlesim/include/turtlesim/turtlesim/srv/detail/kill__builder.hpp
[25.508s] -- Installing: /workspaces/SESARS_Labs/src/ros2_ws/install/turtlesim/include/turtlesim/turtlesim/srv/detail/kill__struct.hpp
[25.508s] -- Installing: /workspaces/SESARS_Labs/src/ros2_ws/install/turtlesim/include/turtlesim/turtlesim/srv/detail/spawn__traits.hpp
[25.508s] -- Installing: /workspaces/SESARS_Labs/src/ros2_ws/install/turtlesim/include/turtlesim/turtlesim/srv/detail/teleport_relative__traits.hpp
[25.509s] -- Installing: /workspaces/SESARS_Labs/src/ros2_ws/install/turtlesim/include/turtlesim/turtlesim/srv/detail/spawn__struct.hpp
[25.509s] -- Installing: /workspaces/SESARS_Labs/src/ros2_ws/install/turtlesim/include/turtlesim/turtlesim/srv/detail/teleport_absolute__traits.hpp
[25.509s] -- Installing: /workspaces/SESARS_Labs/src/ros2_ws/install/turtlesim/include/turtlesim/turtlesim/srv/detail/set_pen__builder.hpp
[25.510s] -- Installing: /workspaces/SESARS_Labs/src/ros2_ws/install/turtlesim/include/turtlesim/turtlesim/srv/detail/teleport_absolute__builder.hpp
[25.510s] -- Installing: /workspaces/SESARS_Labs/src/ros2_ws/install/turtlesim/include/turtlesim/turtlesim/srv/detail/kill__traits.hpp
[25.510s] -- Installing: /workspaces/SESARS_Labs/src/ros2_ws/install/turtlesim/include/turtlesim/turtlesim/srv/detail/teleport_relative__struct.hpp
[25.510s] -- Installing: /workspaces/SESARS_Labs/src/ros2_ws/install/turtlesim/include/turtlesim/turtlesim/srv/detail/teleport_absolute__struct.hpp
[25.511s] -- Installing: /workspaces/SESARS_Labs/src/ros2_ws/install/turtlesim/include/turtlesim/turtlesim/srv/detail/set_pen__traits.hpp
[25.511s] -- Installing: /workspaces/SESARS_Labs/src/ros2_ws/install/turtlesim/include/turtlesim/turtlesim/srv/detail/teleport_relative__builder.hpp
[25.511s] -- Installing: /workspaces/SESARS_Labs/src/ros2_ws/install/turtlesim/include/turtlesim/turtlesim/srv/teleport_absolute.hpp
[25.511s] -- Installing: /workspaces/SESARS_Labs/src/ros2_ws/install/turtlesim/include/turtlesim/turtlesim/srv/teleport_relative.hpp
[25.511s] -- Installing: /workspaces/SESARS_Labs/src/ros2_ws/install/turtlesim/include/turtlesim/turtlesim/srv/kill.hpp
[25.512s] -- Installing: /workspaces/SESARS_Labs/src/ros2_ws/install/turtlesim/include/turtlesim/turtlesim/srv/set_pen.hpp
[25.512s] -- Up-to-date: /workspaces/SESARS_Labs/src/ros2_ws/install/turtlesim/include/turtlesim/turtlesim/action
[25.512s] -- Installing: /workspaces/SESARS_Labs/src/ros2_ws/install/turtlesim/include/turtlesim/turtlesim/action/rotate_absolute.hpp
[25.512s] -- Up-to-date: /workspaces/SESARS_Labs/src/ros2_ws/install/turtlesim/include/turtlesim/turtlesim/action/detail
[25.512s] -- Installing: /workspaces/SESARS_Labs/src/ros2_ws/install/turtlesim/include/turtlesim/turtlesim/action/detail/rotate_absolute__traits.hpp
[25.512s] -- Installing: /workspaces/SESARS_Labs/src/ros2_ws/install/turtlesim/include/turtlesim/turtlesim/action/detail/rotate_absolute__struct.hpp
[25.512s] -- Installing: /workspaces/SESARS_Labs/src/ros2_ws/install/turtlesim/include/turtlesim/turtlesim/action/detail/rotate_absolute__builder.hpp
[25.512s] -- Up-to-date: /workspaces/SESARS_Labs/src/ros2_ws/install/turtlesim/include/turtlesim/turtlesim
[25.512s] -- Up-to-date: /workspaces/SESARS_Labs/src/ros2_ws/install/turtlesim/include/turtlesim/turtlesim/msg
[25.513s] -- Up-to-date: /workspaces/SESARS_Labs/src/ros2_ws/install/turtlesim/include/turtlesim/turtlesim/msg/detail
[25.513s] -- Installing: /workspaces/SESARS_Labs/src/ros2_ws/install/turtlesim/include/turtlesim/turtlesim/msg/detail/color__rosidl_typesupport_fastrtps_cpp.hpp
[25.513s] -- Installing: /workspaces/SESARS_Labs/src/ros2_ws/install/turtlesim/include/turtlesim/turtlesim/msg/detail/dds_fastrtps
[25.513s] -- Installing: /workspaces/SESARS_Labs/src/ros2_ws/install/turtlesim/include/turtlesim/turtlesim/msg/detail/pose__rosidl_typesupport_fastrtps_cpp.hpp
[25.513s] -- Installing: /workspaces/SESARS_Labs/src/ros2_ws/install/turtlesim/include/turtlesim/turtlesim/msg/rosidl_typesupport_fastrtps_cpp__visibility_control.h
[25.513s] -- Up-to-date: /workspaces/SESARS_Labs/src/ros2_ws/install/turtlesim/include/turtlesim/turtlesim/srv
[25.513s] -- Up-to-date: /workspaces/SESARS_Labs/src/ros2_ws/install/turtlesim/include/turtlesim/turtlesim/srv/detail
[25.513s] -- Installing: /workspaces/SESARS_Labs/src/ros2_ws/install/turtlesim/include/turtlesim/turtlesim/srv/detail/dds_fastrtps
[25.513s] -- Installing: /workspaces/SESARS_Labs/src/ros2_ws/install/turtlesim/include/turtlesim/turtlesim/srv/detail/kill__rosidl_typesupport_fastrtps_cpp.hpp
[25.513s] -- Installing: /workspaces/SESARS_Labs/src/ros2_ws/install/turtlesim/include/turtlesim/turtlesim/srv/detail/set_pen__rosidl_typesupport_fastrtps_cpp.hpp
[25.513s] -- Installing: /workspaces/SESARS_Labs/src/ros2_ws/install/turtlesim/include/turtlesim/turtlesim/srv/detail/teleport_absolute__rosidl_typesupport_fastrtps_cpp.hpp
[25.513s] -- Installing: /workspaces/SESARS_Labs/src/ros2_ws/install/turtlesim/include/turtlesim/turtlesim/srv/detail/spawn__rosidl_typesupport_fastrtps_cpp.hpp
[25.513s] -- Installing: /workspaces/SESARS_Labs/src/ros2_ws/install/turtlesim/include/turtlesim/turtlesim/srv/detail/teleport_relative__rosidl_typesupport_fastrtps_cpp.hpp
[25.514s] -- Up-to-date: /workspaces/SESARS_Labs/src/ros2_ws/install/turtlesim/include/turtlesim/turtlesim/action
[25.514s] -- Up-to-date: /workspaces/SESARS_Labs/src/ros2_ws/install/turtlesim/include/turtlesim/turtlesim/action/detail
[25.514s] -- Installing: /workspaces/SESARS_Labs/src/ros2_ws/install/turtlesim/include/turtlesim/turtlesim/action/detail/dds_fastrtps
[25.514s] -- Installing: /workspaces/SESARS_Labs/src/ros2_ws/install/turtlesim/include/turtlesim/turtlesim/action/detail/rotate_absolute__rosidl_typesupport_fastrtps_cpp.hpp
[25.514s] -- Installing: /workspaces/SESARS_Labs/src/ros2_ws/install/turtlesim/lib/libturtlesim__rosidl_typesupport_fastrtps_cpp.so
[25.515s] -- Set runtime path of "/workspaces/SESARS_Labs/src/ros2_ws/install/turtlesim/lib/libturtlesim__rosidl_typesupport_fastrtps_cpp.so" to ""
[25.515s] -- Up-to-date: /workspaces/SESARS_Labs/src/ros2_ws/install/turtlesim/include/turtlesim/turtlesim
[25.515s] -- Up-to-date: /workspaces/SESARS_Labs/src/ros2_ws/install/turtlesim/include/turtlesim/turtlesim/msg
[25.515s] -- Up-to-date: /workspaces/SESARS_Labs/src/ros2_ws/install/turtlesim/include/turtlesim/turtlesim/msg/detail
[25.516s] -- Installing: /workspaces/SESARS_Labs/src/ros2_ws/install/turtlesim/include/turtlesim/turtlesim/msg/detail/pose__type_support.c
[25.516s] -- Installing: /workspaces/SESARS_Labs/src/ros2_ws/install/turtlesim/include/turtlesim/turtlesim/msg/detail/color__type_support.c
[25.516s] -- Installing: /workspaces/SESARS_Labs/src/ros2_ws/install/turtlesim/include/turtlesim/turtlesim/msg/detail/pose__rosidl_typesupport_introspection_c.h
[25.516s] -- Installing: /workspaces/SESARS_Labs/src/ros2_ws/install/turtlesim/include/turtlesim/turtlesim/msg/detail/color__rosidl_typesupport_introspection_c.h
[25.516s] -- Installing: /workspaces/SESARS_Labs/src/ros2_ws/install/turtlesim/include/turtlesim/turtlesim/msg/rosidl_typesupport_introspection_c__visibility_control.h
[25.516s] -- Up-to-date: /workspaces/SESARS_Labs/src/ros2_ws/install/turtlesim/include/turtlesim/turtlesim/srv
[25.516s] -- Up-to-date: /workspaces/SESARS_Labs/src/ros2_ws/install/turtlesim/include/turtlesim/turtlesim/srv/detail
[25.516s] -- Installing: /workspaces/SESARS_Labs/src/ros2_ws/install/turtlesim/include/turtlesim/turtlesim/srv/detail/spawn__type_support.c
[25.517s] -- Installing: /workspaces/SESARS_Labs/src/ros2_ws/install/turtlesim/include/turtlesim/turtlesim/srv/detail/spawn__rosidl_typesupport_introspection_c.h
[25.517s] -- Installing: /workspaces/SESARS_Labs/src/ros2_ws/install/turtlesim/include/turtlesim/turtlesim/srv/detail/kill__rosidl_typesupport_introspection_c.h
[25.517s] -- Installing: /workspaces/SESARS_Labs/src/ros2_ws/install/turtlesim/include/turtlesim/turtlesim/srv/detail/teleport_relative__type_support.c
[25.517s] -- Installing: /workspaces/SESARS_Labs/src/ros2_ws/install/turtlesim/include/turtlesim/turtlesim/srv/detail/teleport_absolute__type_support.c
[25.517s] -- Installing: /workspaces/SESARS_Labs/src/ros2_ws/install/turtlesim/include/turtlesim/turtlesim/srv/detail/set_pen__rosidl_typesupport_introspection_c.h
[25.517s] -- Installing: /workspaces/SESARS_Labs/src/ros2_ws/install/turtlesim/include/turtlesim/turtlesim/srv/detail/kill__type_support.c
[25.517s] -- Installing: /workspaces/SESARS_Labs/src/ros2_ws/install/turtlesim/include/turtlesim/turtlesim/srv/detail/teleport_relative__rosidl_typesupport_introspection_c.h
[25.518s] -- Installing: /workspaces/SESARS_Labs/src/ros2_ws/install/turtlesim/include/turtlesim/turtlesim/srv/detail/teleport_absolute__rosidl_typesupport_introspection_c.h
[25.518s] -- Installing: /workspaces/SESARS_Labs/src/ros2_ws/install/turtlesim/include/turtlesim/turtlesim/srv/detail/set_pen__type_support.c
[25.518s] -- Up-to-date: /workspaces/SESARS_Labs/src/ros2_ws/install/turtlesim/include/turtlesim/turtlesim/action
[25.518s] -- Up-to-date: /workspaces/SESARS_Labs/src/ros2_ws/install/turtlesim/include/turtlesim/turtlesim/action/detail
[25.518s] -- Installing: /workspaces/SESARS_Labs/src/ros2_ws/install/turtlesim/include/turtlesim/turtlesim/action/detail/rotate_absolute__type_support.c
[25.518s] -- Installing: /workspaces/SESARS_Labs/src/ros2_ws/install/turtlesim/include/turtlesim/turtlesim/action/detail/rotate_absolute__rosidl_typesupport_introspection_c.h
[25.518s] -- Installing: /workspaces/SESARS_Labs/src/ros2_ws/install/turtlesim/lib/libturtlesim__rosidl_typesupport_introspection_c.so
[25.519s] -- Set runtime path of "/workspaces/SESARS_Labs/src/ros2_ws/install/turtlesim/lib/libturtlesim__rosidl_typesupport_introspection_c.so" to ""
[25.519s] -- Installing: /workspaces/SESARS_Labs/src/ros2_ws/install/turtlesim/lib/libturtlesim__rosidl_typesupport_c.so
[25.519s] -- Set runtime path of "/workspaces/SESARS_Labs/src/ros2_ws/install/turtlesim/lib/libturtlesim__rosidl_typesupport_c.so" to ""
[25.519s] -- Up-to-date: /workspaces/SESARS_Labs/src/ros2_ws/install/turtlesim/include/turtlesim/turtlesim
[25.519s] -- Up-to-date: /workspaces/SESARS_Labs/src/ros2_ws/install/turtlesim/include/turtlesim/turtlesim/msg
[25.520s] -- Up-to-date: /workspaces/SESARS_Labs/src/ros2_ws/install/turtlesim/include/turtlesim/turtlesim/msg/detail
[25.520s] -- Installing: /workspaces/SESARS_Labs/src/ros2_ws/install/turtlesim/include/turtlesim/turtlesim/msg/detail/pose__rosidl_typesupport_introspection_cpp.hpp
[25.520s] -- Installing: /workspaces/SESARS_Labs/src/ros2_ws/install/turtlesim/include/turtlesim/turtlesim/msg/detail/color__rosidl_typesupport_introspection_cpp.hpp
[25.520s] -- Installing: /workspaces/SESARS_Labs/src/ros2_ws/install/turtlesim/include/turtlesim/turtlesim/msg/detail/color__type_support.cpp
[25.520s] -- Installing: /workspaces/SESARS_Labs/src/ros2_ws/install/turtlesim/include/turtlesim/turtlesim/msg/detail/pose__type_support.cpp
[25.520s] -- Up-to-date: /workspaces/SESARS_Labs/src/ros2_ws/install/turtlesim/include/turtlesim/turtlesim/srv
[25.521s] -- Up-to-date: /workspaces/SESARS_Labs/src/ros2_ws/install/turtlesim/include/turtlesim/turtlesim/srv/detail
[25.521s] -- Installing: /workspaces/SESARS_Labs/src/ros2_ws/install/turtlesim/include/turtlesim/turtlesim/srv/detail/spawn__rosidl_typesupport_introspection_cpp.hpp
[25.521s] -- Installing: /workspaces/SESARS_Labs/src/ros2_ws/install/turtlesim/include/turtlesim/turtlesim/srv/detail/set_pen__type_support.cpp
[25.521s] -- Installing: /workspaces/SESARS_Labs/src/ros2_ws/install/turtlesim/include/turtlesim/turtlesim/srv/detail/kill__rosidl_typesupport_introspection_cpp.hpp
[25.521s] -- Installing: /workspaces/SESARS_Labs/src/ros2_ws/install/turtlesim/include/turtlesim/turtlesim/srv/detail/spawn__type_support.cpp
[25.521s] -- Installing: /workspaces/SESARS_Labs/src/ros2_ws/install/turtlesim/include/turtlesim/turtlesim/srv/detail/teleport_relative__type_support.cpp
[25.521s] -- Installing: /workspaces/SESARS_Labs/src/ros2_ws/install/turtlesim/include/turtlesim/turtlesim/srv/detail/teleport_relative__rosidl_typesupport_introspection_cpp.hpp
[25.522s] -- Installing: /workspaces/SESARS_Labs/src/ros2_ws/install/turtlesim/include/turtlesim/turtlesim/srv/detail/set_pen__rosidl_typesupport_introspection_cpp.hpp
[25.522s] -- Installing: /workspaces/SESARS_Labs/src/ros2_ws/install/turtlesim/include/turtlesim/turtlesim/srv/detail/teleport_absolute__rosidl_typesupport_introspection_cpp.hpp
[25.522s] -- Installing: /workspaces/SESARS_Labs/src/ros2_ws/install/turtlesim/include/turtlesim/turtlesim/srv/detail/kill__type_support.cpp
[25.522s] -- Installing: /workspaces/SESARS_Labs/src/ros2_ws/install/turtlesim/include/turtlesim/turtlesim/srv/detail/teleport_absolute__type_support.cpp
[25.522s] -- Up-to-date: /workspaces/SESARS_Labs/src/ros2_ws/install/turtlesim/include/turtlesim/turtlesim/action
[25.522s] -- Up-to-date: /workspaces/SESARS_Labs/src/ros2_ws/install/turtlesim/include/turtlesim/turtlesim/action/detail
[25.522s] -- Installing: /workspaces/SESARS_Labs/src/ros2_ws/install/turtlesim/include/turtlesim/turtlesim/action/detail/rotate_absolute__type_support.cpp
[25.522s] -- Installing: /workspaces/SESARS_Labs/src/ros2_ws/install/turtlesim/include/turtlesim/turtlesim/action/detail/rotate_absolute__rosidl_typesupport_introspection_cpp.hpp
[25.523s] -- Installing: /workspaces/SESARS_Labs/src/ros2_ws/install/turtlesim/lib/libturtlesim__rosidl_typesupport_introspection_cpp.so
[25.523s] -- Set runtime path of "/workspaces/SESARS_Labs/src/ros2_ws/install/turtlesim/lib/libturtlesim__rosidl_typesupport_introspection_cpp.so" to ""
[25.523s] -- Installing: /workspaces/SESARS_Labs/src/ros2_ws/install/turtlesim/lib/libturtlesim__rosidl_typesupport_cpp.so
[25.524s] -- Set runtime path of "/workspaces/SESARS_Labs/src/ros2_ws/install/turtlesim/lib/libturtlesim__rosidl_typesupport_cpp.so" to ""
[25.524s] -- Installing: /workspaces/SESARS_Labs/src/ros2_ws/install/turtlesim/share/turtlesim/environment/pythonpath.sh
[25.524s] -- Installing: /workspaces/SESARS_Labs/src/ros2_ws/install/turtlesim/share/turtlesim/environment/pythonpath.dsv
[25.524s] -- Installing: /workspaces/SESARS_Labs/src/ros2_ws/install/turtlesim/local/lib/python3.10/dist-packages/turtlesim-1.4.2-py3.10.egg-info
[25.524s] -- Installing: /workspaces/SESARS_Labs/src/ros2_ws/install/turtlesim/local/lib/python3.10/dist-packages/turtlesim-1.4.2-py3.10.egg-info/PKG-INFO
[25.524s] -- Installing: /workspaces/SESARS_Labs/src/ros2_ws/install/turtlesim/local/lib/python3.10/dist-packages/turtlesim-1.4.2-py3.10.egg-info/SOURCES.txt
[25.525s] -- Installing: /workspaces/SESARS_Labs/src/ros2_ws/install/turtlesim/local/lib/python3.10/dist-packages/turtlesim-1.4.2-py3.10.egg-info/top_level.txt
[25.525s] -- Installing: /workspaces/SESARS_Labs/src/ros2_ws/install/turtlesim/local/lib/python3.10/dist-packages/turtlesim-1.4.2-py3.10.egg-info/dependency_links.txt
[25.525s] -- Installing: /workspaces/SESARS_Labs/src/ros2_ws/install/turtlesim/local/lib/python3.10/dist-packages/turtlesim
[25.525s] -- Installing: /workspaces/SESARS_Labs/src/ros2_ws/install/turtlesim/local/lib/python3.10/dist-packages/turtlesim/_turtlesim_s.ep.rosidl_typesupport_c.c
[25.526s] -- Installing: /workspaces/SESARS_Labs/src/ros2_ws/install/turtlesim/local/lib/python3.10/dist-packages/turtlesim/_turtlesim_s.ep.rosidl_typesupport_fastrtps_c.c
[25.526s] -- Installing: /workspaces/SESARS_Labs/src/ros2_ws/install/turtlesim/local/lib/python3.10/dist-packages/turtlesim/msg
[25.526s] -- Installing: /workspaces/SESARS_Labs/src/ros2_ws/install/turtlesim/local/lib/python3.10/dist-packages/turtlesim/msg/_color_s.c
[25.526s] -- Installing: /workspaces/SESARS_Labs/src/ros2_ws/install/turtlesim/local/lib/python3.10/dist-packages/turtlesim/msg/__init__.py
[25.526s] -- Installing: /workspaces/SESARS_Labs/src/ros2_ws/install/turtlesim/local/lib/python3.10/dist-packages/turtlesim/msg/_color.py
[25.526s] -- Installing: /workspaces/SESARS_Labs/src/ros2_ws/install/turtlesim/local/lib/python3.10/dist-packages/turtlesim/msg/_pose.py
[25.527s] -- Installing: /workspaces/SESARS_Labs/src/ros2_ws/install/turtlesim/local/lib/python3.10/dist-packages/turtlesim/msg/_pose_s.c
[25.527s] -- Installing: /workspaces/SESARS_Labs/src/ros2_ws/install/turtlesim/local/lib/python3.10/dist-packages/turtlesim/turtlesim_s__rosidl_typesupport_c.cpython-310-x86_64-linux-gnu.so
[25.527s] -- Installing: /workspaces/SESARS_Labs/src/ros2_ws/install/turtlesim/local/lib/python3.10/dist-packages/turtlesim/turtlesim_s__rosidl_typesupport_introspection_c.cpython-310-x86_64-linux-gnu.so
[25.527s] -- Installing: /workspaces/SESARS_Labs/src/ros2_ws/install/turtlesim/local/lib/python3.10/dist-packages/turtlesim/libturtlesim__rosidl_generator_py.so
[25.527s] -- Installing: /workspaces/SESARS_Labs/src/ros2_ws/install/turtlesim/local/lib/python3.10/dist-packages/turtlesim/__init__.py
[25.528s] -- Installing: /workspaces/SESARS_Labs/src/ros2_ws/install/turtlesim/local/lib/python3.10/dist-packages/turtlesim/_turtlesim_s.ep.rosidl_typesupport_introspection_c.c
[25.528s] -- Installing: /workspaces/SESARS_Labs/src/ros2_ws/install/turtlesim/local/lib/python3.10/dist-packages/turtlesim/srv
[25.528s] -- Installing: /workspaces/SESARS_Labs/src/ros2_ws/install/turtlesim/local/lib/python3.10/dist-packages/turtlesim/srv/_teleport_relative_s.c
[25.528s] -- Installing: /workspaces/SESARS_Labs/src/ros2_ws/install/turtlesim/local/lib/python3.10/dist-packages/turtlesim/srv/_set_pen_s.c
[25.528s] -- Installing: /workspaces/SESARS_Labs/src/ros2_ws/install/turtlesim/local/lib/python3.10/dist-packages/turtlesim/srv/_kill_s.c
[25.529s] -- Installing: /workspaces/SESARS_Labs/src/ros2_ws/install/turtlesim/local/lib/python3.10/dist-packages/turtlesim/srv/_teleport_absolute.py
[25.529s] -- Installing: /workspaces/SESARS_Labs/src/ros2_ws/install/turtlesim/local/lib/python3.10/dist-packages/turtlesim/srv/_set_pen.py
[25.529s] -- Installing: /workspaces/SESARS_Labs/src/ros2_ws/install/turtlesim/local/lib/python3.10/dist-packages/turtlesim/srv/_teleport_absolute_s.c
[25.529s] -- Installing: /workspaces/SESARS_Labs/src/ros2_ws/install/turtlesim/local/lib/python3.10/dist-packages/turtlesim/srv/_teleport_relative.py
[25.529s] -- Installing: /workspaces/SESARS_Labs/src/ros2_ws/install/turtlesim/local/lib/python3.10/dist-packages/turtlesim/srv/_spawn.py
[25.529s] -- Installing: /workspaces/SESARS_Labs/src/ros2_ws/install/turtlesim/local/lib/python3.10/dist-packages/turtlesim/srv/__init__.py
[25.530s] -- Installing: /workspaces/SESARS_Labs/src/ros2_ws/install/turtlesim/local/lib/python3.10/dist-packages/turtlesim/srv/_kill.py
[25.530s] -- Installing: /workspaces/SESARS_Labs/src/ros2_ws/install/turtlesim/local/lib/python3.10/dist-packages/turtlesim/srv/_spawn_s.c
[25.530s] -- Installing: /workspaces/SESARS_Labs/src/ros2_ws/install/turtlesim/local/lib/python3.10/dist-packages/turtlesim/turtlesim_s__rosidl_typesupport_fastrtps_c.cpython-310-x86_64-linux-gnu.so
[25.530s] -- Installing: /workspaces/SESARS_Labs/src/ros2_ws/install/turtlesim/local/lib/python3.10/dist-packages/turtlesim/action
[25.530s] -- Installing: /workspaces/SESARS_Labs/src/ros2_ws/install/turtlesim/local/lib/python3.10/dist-packages/turtlesim/action/_rotate_absolute_s.c
[25.530s] -- Installing: /workspaces/SESARS_Labs/src/ros2_ws/install/turtlesim/local/lib/python3.10/dist-packages/turtlesim/action/_rotate_absolute.py
[25.530s] -- Installing: /workspaces/SESARS_Labs/src/ros2_ws/install/turtlesim/local/lib/python3.10/dist-packages/turtlesim/action/__init__.py
[25.572s] Listing '/workspaces/SESARS_Labs/src/ros2_ws/install/turtlesim/local/lib/python3.10/dist-packages/turtlesim'...
[25.573s] Compiling '/workspaces/SESARS_Labs/src/ros2_ws/install/turtlesim/local/lib/python3.10/dist-packages/turtlesim/__init__.py'...
[25.573s] Listing '/workspaces/SESARS_Labs/src/ros2_ws/install/turtlesim/local/lib/python3.10/dist-packages/turtlesim/action'...
[25.573s] Compiling '/workspaces/SESARS_Labs/src/ros2_ws/install/turtlesim/local/lib/python3.10/dist-packages/turtlesim/action/__init__.py'...
[25.573s] Compiling '/workspaces/SESARS_Labs/src/ros2_ws/install/turtlesim/local/lib/python3.10/dist-packages/turtlesim/action/_rotate_absolute.py'...
[25.573s] Listing '/workspaces/SESARS_Labs/src/ros2_ws/install/turtlesim/local/lib/python3.10/dist-packages/turtlesim/msg'...
[25.573s] Compiling '/workspaces/SESARS_Labs/src/ros2_ws/install/turtlesim/local/lib/python3.10/dist-packages/turtlesim/msg/__init__.py'...
[25.574s] Compiling '/workspaces/SESARS_Labs/src/ros2_ws/install/turtlesim/local/lib/python3.10/dist-packages/turtlesim/msg/_color.py'...
[25.574s] Compiling '/workspaces/SESARS_Labs/src/ros2_ws/install/turtlesim/local/lib/python3.10/dist-packages/turtlesim/msg/_pose.py'...
[25.574s] Listing '/workspaces/SESARS_Labs/src/ros2_ws/install/turtlesim/local/lib/python3.10/dist-packages/turtlesim/srv'...
[25.574s] Compiling '/workspaces/SESARS_Labs/src/ros2_ws/install/turtlesim/local/lib/python3.10/dist-packages/turtlesim/srv/__init__.py'...
[25.574s] Compiling '/workspaces/SESARS_Labs/src/ros2_ws/install/turtlesim/local/lib/python3.10/dist-packages/turtlesim/srv/_kill.py'...
[25.574s] Compiling '/workspaces/SESARS_Labs/src/ros2_ws/install/turtlesim/local/lib/python3.10/dist-packages/turtlesim/srv/_set_pen.py'...
[25.574s] Compiling '/workspaces/SESARS_Labs/src/ros2_ws/install/turtlesim/local/lib/python3.10/dist-packages/turtlesim/srv/_spawn.py'...
[25.575s] Compiling '/workspaces/SESARS_Labs/src/ros2_ws/install/turtlesim/local/lib/python3.10/dist-packages/turtlesim/srv/_teleport_absolute.py'...
[25.575s] Compiling '/workspaces/SESARS_Labs/src/ros2_ws/install/turtlesim/local/lib/python3.10/dist-packages/turtlesim/srv/_teleport_relative.py'...
[25.578s] -- Installing: /workspaces/SESARS_Labs/src/ros2_ws/install/turtlesim/local/lib/python3.10/dist-packages/turtlesim/turtlesim_s__rosidl_typesupport_fastrtps_c.cpython-310-x86_64-linux-gnu.so
[25.578s] -- Set runtime path of "/workspaces/SESARS_Labs/src/ros2_ws/install/turtlesim/local/lib/python3.10/dist-packages/turtlesim/turtlesim_s__rosidl_typesupport_fastrtps_c.cpython-310-x86_64-linux-gnu.so" to ""
[25.579s] -- Installing: /workspaces/SESARS_Labs/src/ros2_ws/install/turtlesim/local/lib/python3.10/dist-packages/turtlesim/turtlesim_s__rosidl_typesupport_introspection_c.cpython-310-x86_64-linux-gnu.so
[25.579s] -- Set runtime path of "/workspaces/SESARS_Labs/src/ros2_ws/install/turtlesim/local/lib/python3.10/dist-packages/turtlesim/turtlesim_s__rosidl_typesupport_introspection_c.cpython-310-x86_64-linux-gnu.so" to ""
[25.579s] -- Installing: /workspaces/SESARS_Labs/src/ros2_ws/install/turtlesim/local/lib/python3.10/dist-packages/turtlesim/turtlesim_s__rosidl_typesupport_c.cpython-310-x86_64-linux-gnu.so
[25.579s] -- Set runtime path of "/workspaces/SESARS_Labs/src/ros2_ws/install/turtlesim/local/lib/python3.10/dist-packages/turtlesim/turtlesim_s__rosidl_typesupport_c.cpython-310-x86_64-linux-gnu.so" to ""
[25.580s] -- Installing: /workspaces/SESARS_Labs/src/ros2_ws/install/turtlesim/lib/libturtlesim__rosidl_generator_py.so
[25.580s] -- Set runtime path of "/workspaces/SESARS_Labs/src/ros2_ws/install/turtlesim/lib/libturtlesim__rosidl_generator_py.so" to ""
[25.580s] -- Installing: /workspaces/SESARS_Labs/src/ros2_ws/install/turtlesim/share/turtlesim/action/RotateAbsolute.idl
[25.580s] -- Installing: /workspaces/SESARS_Labs/src/ros2_ws/install/turtlesim/share/turtlesim/msg/Color.idl
[25.581s] -- Installing: /workspaces/SESARS_Labs/src/ros2_ws/install/turtlesim/share/turtlesim/msg/Pose.idl
[25.581s] -- Installing: /workspaces/SESARS_Labs/src/ros2_ws/install/turtlesim/share/turtlesim/srv/Kill.idl
[25.581s] -- Installing: /workspaces/SESARS_Labs/src/ros2_ws/install/turtlesim/share/turtlesim/srv/SetPen.idl
[25.581s] -- Installing: /workspaces/SESARS_Labs/src/ros2_ws/install/turtlesim/share/turtlesim/srv/Spawn.idl
[25.582s] -- Installing: /workspaces/SESARS_Labs/src/ros2_ws/install/turtlesim/share/turtlesim/srv/TeleportAbsolute.idl
[25.582s] -- Installing: /workspaces/SESARS_Labs/src/ros2_ws/install/turtlesim/share/turtlesim/srv/TeleportRelative.idl
[25.582s] -- Installing: /workspaces/SESARS_Labs/src/ros2_ws/install/turtlesim/share/turtlesim/action/RotateAbsolute.action
[25.582s] -- Installing: /workspaces/SESARS_Labs/src/ros2_ws/install/turtlesim/share/turtlesim/msg/Color.msg
[25.582s] -- Installing: /workspaces/SESARS_Labs/src/ros2_ws/install/turtlesim/share/turtlesim/msg/Pose.msg
[25.582s] -- Installing: /workspaces/SESARS_Labs/src/ros2_ws/install/turtlesim/share/turtlesim/srv/Kill.srv
[25.583s] -- Installing: /workspaces/SESARS_Labs/src/ros2_ws/install/turtlesim/share/turtlesim/srv/Kill_Request.msg
[25.583s] -- Installing: /workspaces/SESARS_Labs/src/ros2_ws/install/turtlesim/share/turtlesim/srv/Kill_Response.msg
[25.583s] -- Installing: /workspaces/SESARS_Labs/src/ros2_ws/install/turtlesim/share/turtlesim/srv/SetPen.srv
[25.583s] -- Installing: /workspaces/SESARS_Labs/src/ros2_ws/install/turtlesim/share/turtlesim/srv/SetPen_Request.msg
[25.584s] -- Installing: /workspaces/SESARS_Labs/src/ros2_ws/install/turtlesim/share/turtlesim/srv/SetPen_Response.msg
[25.584s] -- Installing: /workspaces/SESARS_Labs/src/ros2_ws/install/turtlesim/share/turtlesim/srv/Spawn.srv
[25.584s] -- Installing: /workspaces/SESARS_Labs/src/ros2_ws/install/turtlesim/share/turtlesim/srv/Spawn_Request.msg
[25.584s] -- Installing: /workspaces/SESARS_Labs/src/ros2_ws/install/turtlesim/share/turtlesim/srv/Spawn_Response.msg
[25.585s] -- Installing: /workspaces/SESARS_Labs/src/ros2_ws/install/turtlesim/share/turtlesim/srv/TeleportAbsolute.srv
[25.585s] -- Installing: /workspaces/SESARS_Labs/src/ros2_ws/install/turtlesim/share/turtlesim/srv/TeleportAbsolute_Request.msg
[25.585s] -- Installing: /workspaces/SESARS_Labs/src/ros2_ws/install/turtlesim/share/turtlesim/srv/TeleportAbsolute_Response.msg
[25.585s] -- Installing: /workspaces/SESARS_Labs/src/ros2_ws/install/turtlesim/share/turtlesim/srv/TeleportRelative.srv
[25.586s] -- Installing: /workspaces/SESARS_Labs/src/ros2_ws/install/turtlesim/share/turtlesim/srv/TeleportRelative_Request.msg
[25.586s] -- Installing: /workspaces/SESARS_Labs/src/ros2_ws/install/turtlesim/share/turtlesim/srv/TeleportRelative_Response.msg
[25.586s] -- Installing: /workspaces/SESARS_Labs/src/ros2_ws/install/turtlesim/lib/turtlesim/turtlesim_node
[25.600s] -- Set runtime path of "/workspaces/SESARS_Labs/src/ros2_ws/install/turtlesim/lib/turtlesim/turtlesim_node" to ""
[25.600s] -- Installing: /workspaces/SESARS_Labs/src/ros2_ws/install/turtlesim/lib/turtlesim/turtle_teleop_key
[25.603s] -- Set runtime path of "/workspaces/SESARS_Labs/src/ros2_ws/install/turtlesim/lib/turtlesim/turtle_teleop_key" to ""
[25.603s] -- Installing: /workspaces/SESARS_Labs/src/ros2_ws/install/turtlesim/lib/turtlesim/draw_square
[25.610s] -- Set runtime path of "/workspaces/SESARS_Labs/src/ros2_ws/install/turtlesim/lib/turtlesim/draw_square" to ""
[25.610s] -- Installing: /workspaces/SESARS_Labs/src/ros2_ws/install/turtlesim/lib/turtlesim/mimic
[25.617s] -- Set runtime path of "/workspaces/SESARS_Labs/src/ros2_ws/install/turtlesim/lib/turtlesim/mimic" to ""
[25.618s] -- Installing: /workspaces/SESARS_Labs/src/ros2_ws/install/turtlesim/share/turtlesim/images
[25.618s] -- Installing: /workspaces/SESARS_Labs/src/ros2_ws/install/turtlesim/share/turtlesim/images/rolling.png
[25.626s] -- Installing: /workspaces/SESARS_Labs/src/ros2_ws/install/turtlesim/share/turtlesim/images/ardent.png
[25.626s] -- Installing: /workspaces/SESARS_Labs/src/ros2_ws/install/turtlesim/share/turtlesim/images/crystal.png
[25.627s] -- Installing: /workspaces/SESARS_Labs/src/ros2_ws/install/turtlesim/share/turtlesim/images/galactic.png
[25.627s] -- Installing: /workspaces/SESARS_Labs/src/ros2_ws/install/turtlesim/share/turtlesim/images/bouncy.png
[25.627s] -- Installing: /workspaces/SESARS_Labs/src/ros2_ws/install/turtlesim/share/turtlesim/images/dashing.png
[25.627s] -- Installing: /workspaces/SESARS_Labs/src/ros2_ws/install/turtlesim/share/turtlesim/images/eloquent.png
[25.628s] -- Installing: /workspaces/SESARS_Labs/src/ros2_ws/install/turtlesim/share/turtlesim/images/humble.png
[25.628s] -- Installing: /workspaces/SESARS_Labs/src/ros2_ws/install/turtlesim/share/turtlesim/images/foxy.png
[25.628s] -- Installing: /workspaces/SESARS_Labs/src/ros2_ws/install/turtlesim/share/turtlesim/launch
[25.628s] -- Installing: /workspaces/SESARS_Labs/src/ros2_ws/install/turtlesim/share/turtlesim/launch/multisim.launch.py
[25.629s] -- Installing: /workspaces/SESARS_Labs/src/ros2_ws/install/turtlesim/share/ament_index/resource_index/package_run_dependencies/turtlesim
[25.629s] -- Installing: /workspaces/SESARS_Labs/src/ros2_ws/install/turtlesim/share/ament_index/resource_index/parent_prefix_path/turtlesim
[25.629s] -- Installing: /workspaces/SESARS_Labs/src/ros2_ws/install/turtlesim/share/turtlesim/environment/ament_prefix_path.sh
[25.629s] -- Installing: /workspaces/SESARS_Labs/src/ros2_ws/install/turtlesim/share/turtlesim/environment/ament_prefix_path.dsv
[25.630s] -- Installing: /workspaces/SESARS_Labs/src/ros2_ws/install/turtlesim/share/turtlesim/environment/path.sh
[25.630s] -- Installing: /workspaces/SESARS_Labs/src/ros2_ws/install/turtlesim/share/turtlesim/environment/path.dsv
[25.630s] -- Installing: /workspaces/SESARS_Labs/src/ros2_ws/install/turtlesim/share/turtlesim/local_setup.bash
[25.630s] -- Installing: /workspaces/SESARS_Labs/src/ros2_ws/install/turtlesim/share/turtlesim/local_setup.sh
[25.631s] -- Installing: /workspaces/SESARS_Labs/src/ros2_ws/install/turtlesim/share/turtlesim/local_setup.zsh
[25.631s] -- Installing: /workspaces/SESARS_Labs/src/ros2_ws/install/turtlesim/share/turtlesim/local_setup.dsv
[25.631s] -- Installing: /workspaces/SESARS_Labs/src/ros2_ws/install/turtlesim/share/turtlesim/package.dsv
[25.631s] -- Installing: /workspaces/SESARS_Labs/src/ros2_ws/install/turtlesim/share/ament_index/resource_index/packages/turtlesim
[25.632s] -- Installing: /workspaces/SESARS_Labs/src/ros2_ws/install/turtlesim/share/turtlesim/cmake/export_turtlesim__rosidl_generator_cExport.cmake
[25.632s] -- Installing: /workspaces/SESARS_Labs/src/ros2_ws/install/turtlesim/share/turtlesim/cmake/export_turtlesim__rosidl_generator_cExport-noconfig.cmake
[25.632s] -- Installing: /workspaces/SESARS_Labs/src/ros2_ws/install/turtlesim/share/turtlesim/cmake/export_turtlesim__rosidl_typesupport_fastrtps_cExport.cmake
[25.632s] -- Installing: /workspaces/SESARS_Labs/src/ros2_ws/install/turtlesim/share/turtlesim/cmake/export_turtlesim__rosidl_typesupport_fastrtps_cExport-noconfig.cmake
[25.633s] -- Installing: /workspaces/SESARS_Labs/src/ros2_ws/install/turtlesim/share/turtlesim/cmake/export_turtlesim__rosidl_generator_cppExport.cmake
[25.633s] -- Installing: /workspaces/SESARS_Labs/src/ros2_ws/install/turtlesim/share/turtlesim/cmake/export_turtlesim__rosidl_typesupport_fastrtps_cppExport.cmake
[25.633s] -- Installing: /workspaces/SESARS_Labs/src/ros2_ws/install/turtlesim/share/turtlesim/cmake/export_turtlesim__rosidl_typesupport_fastrtps_cppExport-noconfig.cmake
[25.633s] -- Installing: /workspaces/SESARS_Labs/src/ros2_ws/install/turtlesim/share/turtlesim/cmake/turtlesim__rosidl_typesupport_introspection_cExport.cmake
[25.633s] -- Installing: /workspaces/SESARS_Labs/src/ros2_ws/install/turtlesim/share/turtlesim/cmake/turtlesim__rosidl_typesupport_introspection_cExport-noconfig.cmake
[25.634s] -- Installing: /workspaces/SESARS_Labs/src/ros2_ws/install/turtlesim/share/turtlesim/cmake/turtlesim__rosidl_typesupport_cExport.cmake
[25.634s] -- Installing: /workspaces/SESARS_Labs/src/ros2_ws/install/turtlesim/share/turtlesim/cmake/turtlesim__rosidl_typesupport_cExport-noconfig.cmake
[25.634s] -- Installing: /workspaces/SESARS_Labs/src/ros2_ws/install/turtlesim/share/turtlesim/cmake/turtlesim__rosidl_typesupport_introspection_cppExport.cmake
[25.634s] -- Installing: /workspaces/SESARS_Labs/src/ros2_ws/install/turtlesim/share/turtlesim/cmake/turtlesim__rosidl_typesupport_introspection_cppExport-noconfig.cmake
[25.635s] -- Installing: /workspaces/SESARS_Labs/src/ros2_ws/install/turtlesim/share/turtlesim/cmake/turtlesim__rosidl_typesupport_cppExport.cmake
[25.635s] -- Installing: /workspaces/SESARS_Labs/src/ros2_ws/install/turtlesim/share/turtlesim/cmake/turtlesim__rosidl_typesupport_cppExport-noconfig.cmake
[25.635s] -- Installing: /workspaces/SESARS_Labs/src/ros2_ws/install/turtlesim/share/turtlesim/cmake/export_turtlesim__rosidl_generator_pyExport.cmake
[25.635s] -- Installing: /workspaces/SESARS_Labs/src/ros2_ws/install/turtlesim/share/turtlesim/cmake/export_turtlesim__rosidl_generator_pyExport-noconfig.cmake
[25.636s] -- Installing: /workspaces/SESARS_Labs/src/ros2_ws/install/turtlesim/share/turtlesim/cmake/rosidl_cmake-extras.cmake
[25.636s] -- Installing: /workspaces/SESARS_Labs/src/ros2_ws/install/turtlesim/share/turtlesim/cmake/ament_cmake_export_dependencies-extras.cmake
[25.636s] -- Installing: /workspaces/SESARS_Labs/src/ros2_ws/install/turtlesim/share/turtlesim/cmake/ament_cmake_export_include_directories-extras.cmake
[25.636s] -- Installing: /workspaces/SESARS_Labs/src/ros2_ws/install/turtlesim/share/turtlesim/cmake/ament_cmake_export_libraries-extras.cmake
[25.636s] -- Installing: /workspaces/SESARS_Labs/src/ros2_ws/install/turtlesim/share/turtlesim/cmake/ament_cmake_export_targets-extras.cmake
[25.636s] -- Installing: /workspaces/SESARS_Labs/src/ros2_ws/install/turtlesim/share/turtlesim/cmake/rosidl_cmake_export_typesupport_targets-extras.cmake
[25.637s] -- Installing: /workspaces/SESARS_Labs/src/ros2_ws/install/turtlesim/share/turtlesim/cmake/rosidl_cmake_export_typesupport_libraries-extras.cmake
[25.637s] -- Installing: /workspaces/SESARS_Labs/src/ros2_ws/install/turtlesim/share/turtlesim/cmake/turtlesimConfig.cmake
[25.637s] -- Installing: /workspaces/SESARS_Labs/src/ros2_ws/install/turtlesim/share/turtlesim/cmake/turtlesimConfig-version.cmake
[25.637s] -- Installing: /workspaces/SESARS_Labs/src/ros2_ws/install/turtlesim/share/turtlesim/package.xml
[25.638s] Invoked command in '/workspaces/SESARS_Labs/src/ros2_ws/build/turtlesim' returned '0': CMAKE_PREFIX_PATH=${CMAKE_PREFIX_PATH}:/workspaces/SESARS_Labs/src/ros2_ws/install/py_pubsub:/workspaces/SESARS_Labs/src/ros2_ws/install/lab01_pkg:/opt/ros/humble /usr/bin/cmake --install /workspaces/SESARS_Labs/src/ros2_ws/build/turtlesim
