[1.095s] Invoking command in '/home/kristoffer/ros2_ws/src/py_pubsub': PYTHONPATH=/home/kristoffer/ros2_ws/build/py_pubsub/prefix_override:/home/kristoffer/ros2_ws/install/py_pubsub/lib/python3.10/site-packages:${PYTHONPATH} /usr/bin/python3 setup.py egg_info --egg-base ../../build/py_pubsub build --build-base /home/kristoffer/ros2_ws/build/py_pubsub/build install --record /home/kristoffer/ros2_ws/build/py_pubsub/install.log --single-version-externally-managed
[1.290s] running egg_info
[1.291s] writing ../../build/py_pubsub/py_pubsub.egg-info/PKG-INFO
[1.291s] writing dependency_links to ../../build/py_pubsub/py_pubsub.egg-info/dependency_links.txt
[1.291s] writing entry points to ../../build/py_pubsub/py_pubsub.egg-info/entry_points.txt
[1.292s] writing requirements to ../../build/py_pubsub/py_pubsub.egg-info/requires.txt
[1.292s] writing top-level names to ../../build/py_pubsub/py_pubsub.egg-info/top_level.txt
[1.293s] reading manifest file '../../build/py_pubsub/py_pubsub.egg-info/SOURCES.txt'
[1.294s] writing manifest file '../../build/py_pubsub/py_pubsub.egg-info/SOURCES.txt'
[1.294s] running build
[1.294s] running build_py
[1.294s] running install
[1.295s] /usr/lib/python3/dist-packages/setuptools/command/install.py:34: SetuptoolsDeprecationWarning: setup.py install is deprecated. Use build and pip and other standards-based tools.
[1.295s]   warnings.warn(
[1.295s] running install_lib
[1.296s] running install_data
[1.296s] copying package.xml -> /home/kristoffer/ros2_ws/install/py_pubsub/share/py_pubsub
[1.297s] running install_egg_info
[1.298s] removing '/home/kristoffer/ros2_ws/install/py_pubsub/lib/python3.10/site-packages/py_pubsub-0.0.0-py3.10.egg-info' (and everything under it)
[1.298s] Copying ../../build/py_pubsub/py_pubsub.egg-info to /home/kristoffer/ros2_ws/install/py_pubsub/lib/python3.10/site-packages/py_pubsub-0.0.0-py3.10.egg-info
[1.299s] running install_scripts
[1.319s] Installing listener script to /home/kristoffer/ros2_ws/install/py_pubsub/lib/py_pubsub
[1.319s] Installing talker script to /home/kristoffer/ros2_ws/install/py_pubsub/lib/py_pubsub
[1.319s] writing list of installed files to '/home/kristoffer/ros2_ws/build/py_pubsub/install.log'
[1.384s] Invoked command in '/home/kristoffer/ros2_ws/src/py_pubsub' returned '0': PYTHONPATH=/home/kristoffer/ros2_ws/build/py_pubsub/prefix_override:/home/kristoffer/ros2_ws/install/py_pubsub/lib/python3.10/site-packages:${PYTHONPATH} /usr/bin/python3 setup.py egg_info --egg-base ../../build/py_pubsub build --build-base /home/kristoffer/ros2_ws/build/py_pubsub/build install --record /home/kristoffer/ros2_ws/build/py_pubsub/install.log --single-version-externally-managed
