[0.636s] DEBUG:colcon:Command line arguments: ['/usr/bin/colcon', 'build']
[0.636s] DEBUG:colcon:Parsed command line arguments: Namespace(log_base=None, log_level=None, verb_name='build', build_base='build', install_base='install', merge_install=False, symlink_install=False, test_result_base=None, continue_on_error=False, executor='parallel', parallel_workers=12, event_handlers=None, ignore_user_meta=False, metas=['./colcon.meta'], base_paths=['.'], packages_ignore=None, packages_ignore_regex=None, paths=None, packages_up_to=None, packages_up_to_regex=None, packages_above=None, packages_above_and_dependencies=None, packages_above_depth=None, packages_select_by_dep=None, packages_skip_by_dep=None, packages_skip_up_to=None, packages_select_build_failed=False, packages_skip_build_finished=False, packages_select_test_failures=False, packages_skip_test_passed=False, packages_select=None, packages_skip=None, packages_select_regex=None, packages_skip_regex=None, packages_start=None, packages_end=None, cmake_args=None, cmake_target=None, cmake_target_skip_unavailable=False, cmake_clean_cache=False, cmake_clean_first=False, cmake_force_configure=False, ament_cmake_args=None, catkin_cmake_args=None, catkin_skip_building_tests=False, verb_parser=<colcon_defaults.argument_parser.defaults.DefaultArgumentsDecorator object at 0x7f344b2435b0>, verb_extension=<colcon_core.verb.build.BuildVerb object at 0x7f344b243070>, main=<bound method BuildVerb.main of <colcon_core.verb.build.BuildVerb object at 0x7f344b243070>>)
[0.670s] Level 1:colcon.colcon_core.package_discovery:discover_packages(colcon_meta) check parameters
[0.670s] Level 1:colcon.colcon_core.package_discovery:discover_packages(recursive) check parameters
[0.670s] Level 1:colcon.colcon_core.package_discovery:discover_packages(ignore) check parameters
[0.670s] Level 1:colcon.colcon_core.package_discovery:discover_packages(path) check parameters
[0.670s] Level 1:colcon.colcon_core.package_discovery:discover_packages(colcon_meta) discover
[0.670s] Level 1:colcon.colcon_core.package_discovery:discover_packages(recursive) discover
[0.671s] INFO:colcon.colcon_core.package_discovery:Crawling recursively for packages in '/workspaces/SESARS_Labs/src/ros2_ws'
[0.671s] Level 1:colcon.colcon_core.package_identification:_identify(.) by extensions ['ignore', 'ignore_ament_install']
[0.671s] Level 1:colcon.colcon_core.package_identification:_identify(.) by extension 'ignore'
[0.671s] Level 1:colcon.colcon_core.package_identification:_identify(.) by extension 'ignore_ament_install'
[0.671s] Level 1:colcon.colcon_core.package_identification:_identify(.) by extensions ['colcon_pkg']
[0.671s] Level 1:colcon.colcon_core.package_identification:_identify(.) by extension 'colcon_pkg'
[0.671s] Level 1:colcon.colcon_core.package_identification:_identify(.) by extensions ['colcon_meta']
[0.671s] Level 1:colcon.colcon_core.package_identification:_identify(.) by extension 'colcon_meta'
[0.671s] Level 1:colcon.colcon_core.package_identification:_identify(.) by extensions ['ros']
[0.671s] Level 1:colcon.colcon_core.package_identification:_identify(.) by extension 'ros'
[0.681s] Level 1:colcon.colcon_core.package_identification:_identify(.) by extensions ['cmake', 'python']
[0.681s] Level 1:colcon.colcon_core.package_identification:_identify(.) by extension 'cmake'
[0.681s] Level 1:colcon.colcon_core.package_identification:_identify(.) by extension 'python'
[0.681s] Level 1:colcon.colcon_core.package_identification:_identify(.) by extensions ['python_setup_py']
[0.681s] Level 1:colcon.colcon_core.package_identification:_identify(.) by extension 'python_setup_py'
[0.681s] Level 1:colcon.colcon_core.package_identification:_identify(build) by extensions ['ignore', 'ignore_ament_install']
[0.681s] Level 1:colcon.colcon_core.package_identification:_identify(build) by extension 'ignore'
[0.681s] Level 1:colcon.colcon_core.package_identification:_identify(build) ignored
[0.681s] Level 1:colcon.colcon_core.package_identification:_identify(install) by extensions ['ignore', 'ignore_ament_install']
[0.682s] Level 1:colcon.colcon_core.package_identification:_identify(install) by extension 'ignore'
[0.682s] Level 1:colcon.colcon_core.package_identification:_identify(install) ignored
[0.682s] Level 1:colcon.colcon_core.package_identification:_identify(log) by extensions ['ignore', 'ignore_ament_install']
[0.682s] Level 1:colcon.colcon_core.package_identification:_identify(log) by extension 'ignore'
[0.682s] Level 1:colcon.colcon_core.package_identification:_identify(log) ignored
[0.682s] Level 1:colcon.colcon_core.package_identification:_identify(src) by extensions ['ignore', 'ignore_ament_install']
[0.682s] Level 1:colcon.colcon_core.package_identification:_identify(src) by extension 'ignore'
[0.682s] Level 1:colcon.colcon_core.package_identification:_identify(src) by extension 'ignore_ament_install'
[0.682s] Level 1:colcon.colcon_core.package_identification:_identify(src) by extensions ['colcon_pkg']
[0.682s] Level 1:colcon.colcon_core.package_identification:_identify(src) by extension 'colcon_pkg'
[0.682s] Level 1:colcon.colcon_core.package_identification:_identify(src) by extensions ['colcon_meta']
[0.682s] Level 1:colcon.colcon_core.package_identification:_identify(src) by extension 'colcon_meta'
[0.682s] Level 1:colcon.colcon_core.package_identification:_identify(src) by extensions ['ros']
[0.682s] Level 1:colcon.colcon_core.package_identification:_identify(src) by extension 'ros'
[0.682s] Level 1:colcon.colcon_core.package_identification:_identify(src) by extensions ['cmake', 'python']
[0.682s] Level 1:colcon.colcon_core.package_identification:_identify(src) by extension 'cmake'
[0.682s] Level 1:colcon.colcon_core.package_identification:_identify(src) by extension 'python'
[0.682s] Level 1:colcon.colcon_core.package_identification:_identify(src) by extensions ['python_setup_py']
[0.682s] Level 1:colcon.colcon_core.package_identification:_identify(src) by extension 'python_setup_py'
[0.683s] Level 1:colcon.colcon_core.package_identification:_identify(src/lab01_pkg) by extensions ['ignore', 'ignore_ament_install']
[0.683s] Level 1:colcon.colcon_core.package_identification:_identify(src/lab01_pkg) by extension 'ignore'
[0.683s] Level 1:colcon.colcon_core.package_identification:_identify(src/lab01_pkg) by extension 'ignore_ament_install'
[0.683s] Level 1:colcon.colcon_core.package_identification:_identify(src/lab01_pkg) by extensions ['colcon_pkg']
[0.683s] Level 1:colcon.colcon_core.package_identification:_identify(src/lab01_pkg) by extension 'colcon_pkg'
[0.683s] Level 1:colcon.colcon_core.package_identification:_identify(src/lab01_pkg) by extensions ['colcon_meta']
[0.683s] Level 1:colcon.colcon_core.package_identification:_identify(src/lab01_pkg) by extension 'colcon_meta'
[0.683s] Level 1:colcon.colcon_core.package_identification:_identify(src/lab01_pkg) by extensions ['ros']
[0.683s] Level 1:colcon.colcon_core.package_identification:_identify(src/lab01_pkg) by extension 'ros'
[0.685s] DEBUG:colcon.colcon_core.package_identification:Package 'src/lab01_pkg' with type 'ros.ament_python' and name 'lab01_pkg'
[0.685s] Level 1:colcon.colcon_core.package_identification:_identify(src/py_pubsub) by extensions ['ignore', 'ignore_ament_install']
[0.685s] Level 1:colcon.colcon_core.package_identification:_identify(src/py_pubsub) by extension 'ignore'
[0.685s] Level 1:colcon.colcon_core.package_identification:_identify(src/py_pubsub) by extension 'ignore_ament_install'
[0.685s] Level 1:colcon.colcon_core.package_identification:_identify(src/py_pubsub) by extensions ['colcon_pkg']
[0.685s] Level 1:colcon.colcon_core.package_identification:_identify(src/py_pubsub) by extension 'colcon_pkg'
[0.685s] Level 1:colcon.colcon_core.package_identification:_identify(src/py_pubsub) by extensions ['colcon_meta']
[0.685s] Level 1:colcon.colcon_core.package_identification:_identify(src/py_pubsub) by extension 'colcon_meta'
[0.685s] Level 1:colcon.colcon_core.package_identification:_identify(src/py_pubsub) by extensions ['ros']
[0.685s] Level 1:colcon.colcon_core.package_identification:_identify(src/py_pubsub) by extension 'ros'
[0.686s] DEBUG:colcon.colcon_core.package_identification:Package 'src/py_pubsub' with type 'ros.ament_python' and name 'py_pubsub'
[0.686s] Level 1:colcon.colcon_core.package_identification:_identify(src/ros_tutorials) by extensions ['ignore', 'ignore_ament_install']
[0.686s] Level 1:colcon.colcon_core.package_identification:_identify(src/ros_tutorials) by extension 'ignore'
[0.686s] Level 1:colcon.colcon_core.package_identification:_identify(src/ros_tutorials) by extension 'ignore_ament_install'
[0.686s] Level 1:colcon.colcon_core.package_identification:_identify(src/ros_tutorials) by extensions ['colcon_pkg']
[0.686s] Level 1:colcon.colcon_core.package_identification:_identify(src/ros_tutorials) by extension 'colcon_pkg'
[0.686s] Level 1:colcon.colcon_core.package_identification:_identify(src/ros_tutorials) by extensions ['colcon_meta']
[0.686s] Level 1:colcon.colcon_core.package_identification:_identify(src/ros_tutorials) by extension 'colcon_meta'
[0.686s] Level 1:colcon.colcon_core.package_identification:_identify(src/ros_tutorials) by extensions ['ros']
[0.686s] Level 1:colcon.colcon_core.package_identification:_identify(src/ros_tutorials) by extension 'ros'
[0.686s] Level 1:colcon.colcon_core.package_identification:_identify(src/ros_tutorials) by extensions ['cmake', 'python']
[0.686s] Level 1:colcon.colcon_core.package_identification:_identify(src/ros_tutorials) by extension 'cmake'
[0.686s] Level 1:colcon.colcon_core.package_identification:_identify(src/ros_tutorials) by extension 'python'
[0.686s] Level 1:colcon.colcon_core.package_identification:_identify(src/ros_tutorials) by extensions ['python_setup_py']
[0.686s] Level 1:colcon.colcon_core.package_identification:_identify(src/ros_tutorials) by extension 'python_setup_py'
[0.687s] Level 1:colcon.colcon_core.package_identification:_identify(src/ros_tutorials/ros_tutorials) by extensions ['ignore', 'ignore_ament_install']
[0.687s] Level 1:colcon.colcon_core.package_identification:_identify(src/ros_tutorials/ros_tutorials) by extension 'ignore'
[0.687s] Level 1:colcon.colcon_core.package_identification:_identify(src/ros_tutorials/ros_tutorials) ignored
[0.687s] Level 1:colcon.colcon_core.package_identification:_identify(src/ros_tutorials/roscpp_tutorials) by extensions ['ignore', 'ignore_ament_install']
[0.687s] Level 1:colcon.colcon_core.package_identification:_identify(src/ros_tutorials/roscpp_tutorials) by extension 'ignore'
[0.687s] Level 1:colcon.colcon_core.package_identification:_identify(src/ros_tutorials/roscpp_tutorials) ignored
[0.687s] Level 1:colcon.colcon_core.package_identification:_identify(src/ros_tutorials/rospy_tutorials) by extensions ['ignore', 'ignore_ament_install']
[0.687s] Level 1:colcon.colcon_core.package_identification:_identify(src/ros_tutorials/rospy_tutorials) by extension 'ignore'
[0.687s] Level 1:colcon.colcon_core.package_identification:_identify(src/ros_tutorials/rospy_tutorials) ignored
[0.687s] Level 1:colcon.colcon_core.package_identification:_identify(src/ros_tutorials/turtlesim) by extensions ['ignore', 'ignore_ament_install']
[0.687s] Level 1:colcon.colcon_core.package_identification:_identify(src/ros_tutorials/turtlesim) by extension 'ignore'
[0.687s] Level 1:colcon.colcon_core.package_identification:_identify(src/ros_tutorials/turtlesim) by extension 'ignore_ament_install'
[0.687s] Level 1:colcon.colcon_core.package_identification:_identify(src/ros_tutorials/turtlesim) by extensions ['colcon_pkg']
[0.687s] Level 1:colcon.colcon_core.package_identification:_identify(src/ros_tutorials/turtlesim) by extension 'colcon_pkg'
[0.687s] Level 1:colcon.colcon_core.package_identification:_identify(src/ros_tutorials/turtlesim) by extensions ['colcon_meta']
[0.687s] Level 1:colcon.colcon_core.package_identification:_identify(src/ros_tutorials/turtlesim) by extension 'colcon_meta'
[0.687s] Level 1:colcon.colcon_core.package_identification:_identify(src/ros_tutorials/turtlesim) by extensions ['ros']
[0.688s] Level 1:colcon.colcon_core.package_identification:_identify(src/ros_tutorials/turtlesim) by extension 'ros'
[0.688s] DEBUG:colcon.colcon_core.package_identification:Package 'src/ros_tutorials/turtlesim' with type 'ros.ament_cmake' and name 'turtlesim'
[0.689s] Level 1:colcon.colcon_core.package_discovery:discover_packages(recursive) using defaults
[0.689s] Level 1:colcon.colcon_core.package_discovery:discover_packages(ignore) discover
[0.689s] Level 1:colcon.colcon_core.package_discovery:discover_packages(ignore) using defaults
[0.689s] Level 1:colcon.colcon_core.package_discovery:discover_packages(path) discover
[0.689s] Level 1:colcon.colcon_core.package_discovery:discover_packages(path) using defaults
[0.745s] Level 5:colcon.colcon_core.verb:set package 'lab01_pkg' build argument 'cmake_args' from command line to 'None'
[0.745s] Level 5:colcon.colcon_core.verb:set package 'lab01_pkg' build argument 'cmake_target' from command line to 'None'
[0.745s] Level 5:colcon.colcon_core.verb:set package 'lab01_pkg' build argument 'cmake_target_skip_unavailable' from command line to 'False'
[0.745s] Level 5:colcon.colcon_core.verb:set package 'lab01_pkg' build argument 'cmake_clean_cache' from command line to 'False'
[0.745s] Level 5:colcon.colcon_core.verb:set package 'lab01_pkg' build argument 'cmake_clean_first' from command line to 'False'
[0.745s] Level 5:colcon.colcon_core.verb:set package 'lab01_pkg' build argument 'cmake_force_configure' from command line to 'False'
[0.745s] Level 5:colcon.colcon_core.verb:set package 'lab01_pkg' build argument 'ament_cmake_args' from command line to 'None'
[0.745s] Level 5:colcon.colcon_core.verb:set package 'lab01_pkg' build argument 'catkin_cmake_args' from command line to 'None'
[0.745s] Level 5:colcon.colcon_core.verb:set package 'lab01_pkg' build argument 'catkin_skip_building_tests' from command line to 'False'
[0.745s] DEBUG:colcon.colcon_core.verb:Building package 'lab01_pkg' with the following arguments: {'ament_cmake_args': None, 'build_base': '/workspaces/SESARS_Labs/src/ros2_ws/build/lab01_pkg', 'catkin_cmake_args': None, 'catkin_skip_building_tests': False, 'cmake_args': None, 'cmake_clean_cache': False, 'cmake_clean_first': False, 'cmake_force_configure': False, 'cmake_target': None, 'cmake_target_skip_unavailable': False, 'install_base': '/workspaces/SESARS_Labs/src/ros2_ws/install/lab01_pkg', 'merge_install': False, 'path': '/workspaces/SESARS_Labs/src/ros2_ws/src/lab01_pkg', 'symlink_install': False, 'test_result_base': None}
[0.755s] Level 5:colcon.colcon_core.verb:set package 'py_pubsub' build argument 'cmake_args' from command line to 'None'
[0.755s] Level 5:colcon.colcon_core.verb:set package 'py_pubsub' build argument 'cmake_target' from command line to 'None'
[0.755s] Level 5:colcon.colcon_core.verb:set package 'py_pubsub' build argument 'cmake_target_skip_unavailable' from command line to 'False'
[0.755s] Level 5:colcon.colcon_core.verb:set package 'py_pubsub' build argument 'cmake_clean_cache' from command line to 'False'
[0.755s] Level 5:colcon.colcon_core.verb:set package 'py_pubsub' build argument 'cmake_clean_first' from command line to 'False'
[0.755s] Level 5:colcon.colcon_core.verb:set package 'py_pubsub' build argument 'cmake_force_configure' from command line to 'False'
[0.755s] Level 5:colcon.colcon_core.verb:set package 'py_pubsub' build argument 'ament_cmake_args' from command line to 'None'
[0.755s] Level 5:colcon.colcon_core.verb:set package 'py_pubsub' build argument 'catkin_cmake_args' from command line to 'None'
[0.755s] Level 5:colcon.colcon_core.verb:set package 'py_pubsub' build argument 'catkin_skip_building_tests' from command line to 'False'
[0.755s] DEBUG:colcon.colcon_core.verb:Building package 'py_pubsub' with the following arguments: {'ament_cmake_args': None, 'build_base': '/workspaces/SESARS_Labs/src/ros2_ws/build/py_pubsub', 'catkin_cmake_args': None, 'catkin_skip_building_tests': False, 'cmake_args': None, 'cmake_clean_cache': False, 'cmake_clean_first': False, 'cmake_force_configure': False, 'cmake_target': None, 'cmake_target_skip_unavailable': False, 'install_base': '/workspaces/SESARS_Labs/src/ros2_ws/install/py_pubsub', 'merge_install': False, 'path': '/workspaces/SESARS_Labs/src/ros2_ws/src/py_pubsub', 'symlink_install': False, 'test_result_base': None}
[0.765s] Level 5:colcon.colcon_core.verb:set package 'turtlesim' build argument 'cmake_args' from command line to 'None'
[0.765s] Level 5:colcon.colcon_core.verb:set package 'turtlesim' build argument 'cmake_target' from command line to 'None'
[0.765s] Level 5:colcon.colcon_core.verb:set package 'turtlesim' build argument 'cmake_target_skip_unavailable' from command line to 'False'
[0.765s] Level 5:colcon.colcon_core.verb:set package 'turtlesim' build argument 'cmake_clean_cache' from command line to 'False'
[0.765s] Level 5:colcon.colcon_core.verb:set package 'turtlesim' build argument 'cmake_clean_first' from command line to 'False'
[0.765s] Level 5:colcon.colcon_core.verb:set package 'turtlesim' build argument 'cmake_force_configure' from command line to 'False'
[0.765s] Level 5:colcon.colcon_core.verb:set package 'turtlesim' build argument 'ament_cmake_args' from command line to 'None'
[0.765s] Level 5:colcon.colcon_core.verb:set package 'turtlesim' build argument 'catkin_cmake_args' from command line to 'None'
[0.765s] Level 5:colcon.colcon_core.verb:set package 'turtlesim' build argument 'catkin_skip_building_tests' from command line to 'False'
[0.765s] DEBUG:colcon.colcon_core.verb:Building package 'turtlesim' with the following arguments: {'ament_cmake_args': None, 'build_base': '/workspaces/SESARS_Labs/src/ros2_ws/build/turtlesim', 'catkin_cmake_args': None, 'catkin_skip_building_tests': False, 'cmake_args': None, 'cmake_clean_cache': False, 'cmake_clean_first': False, 'cmake_force_configure': False, 'cmake_target': None, 'cmake_target_skip_unavailable': False, 'install_base': '/workspaces/SESARS_Labs/src/ros2_ws/install/turtlesim', 'merge_install': False, 'path': '/workspaces/SESARS_Labs/src/ros2_ws/src/ros_tutorials/turtlesim', 'symlink_install': False, 'test_result_base': None}
[0.775s] INFO:colcon.colcon_core.executor:Executing jobs using 'parallel' executor
[0.785s] DEBUG:colcon.colcon_parallel_executor.executor.parallel:run_until_complete
[0.786s] INFO:colcon.colcon_ros.task.ament_python.build:Building ROS package in '/workspaces/SESARS_Labs/src/ros2_ws/src/lab01_pkg' with build type 'ament_python'
[0.786s] Level 1:colcon.colcon_core.shell:create_environment_hook('lab01_pkg', 'ament_prefix_path')
[0.798s] INFO:colcon.colcon_core.plugin_system:Skipping extension 'colcon_core.shell.bat': Not used on non-Windows systems
[0.798s] INFO:colcon.colcon_core.shell:Creating environment hook '/workspaces/SESARS_Labs/src/ros2_ws/install/lab01_pkg/share/lab01_pkg/hook/ament_prefix_path.ps1'
[0.799s] INFO:colcon.colcon_core.shell:Creating environment descriptor '/workspaces/SESARS_Labs/src/ros2_ws/install/lab01_pkg/share/lab01_pkg/hook/ament_prefix_path.dsv'
[0.799s] INFO:colcon.colcon_core.shell:Creating environment hook '/workspaces/SESARS_Labs/src/ros2_ws/install/lab01_pkg/share/lab01_pkg/hook/ament_prefix_path.sh'
[0.809s] INFO:colcon.colcon_core.shell:Skip shell extension 'powershell' for command environment: Not usable outside of PowerShell
[0.809s] DEBUG:colcon.colcon_core.shell:Skip shell extension 'dsv' for command environment
[0.842s] INFO:colcon.colcon_ros.task.ament_python.build:Building ROS package in '/workspaces/SESARS_Labs/src/ros2_ws/src/py_pubsub' with build type 'ament_python'
[0.842s] Level 1:colcon.colcon_core.shell:create_environment_hook('py_pubsub', 'ament_prefix_path')
[0.852s] INFO:colcon.colcon_core.shell:Creating environment hook '/workspaces/SESARS_Labs/src/ros2_ws/install/py_pubsub/share/py_pubsub/hook/ament_prefix_path.ps1'
[0.853s] INFO:colcon.colcon_core.shell:Creating environment descriptor '/workspaces/SESARS_Labs/src/ros2_ws/install/py_pubsub/share/py_pubsub/hook/ament_prefix_path.dsv'
[0.853s] INFO:colcon.colcon_core.shell:Creating environment hook '/workspaces/SESARS_Labs/src/ros2_ws/install/py_pubsub/share/py_pubsub/hook/ament_prefix_path.sh'
[0.863s] INFO:colcon.colcon_core.shell:Skip shell extension 'powershell' for command environment: Not usable outside of PowerShell
[0.863s] DEBUG:colcon.colcon_core.shell:Skip shell extension 'dsv' for command environment
[0.896s] INFO:colcon.colcon_ros.task.ament_cmake.build:Building ROS package in '/workspaces/SESARS_Labs/src/ros2_ws/src/ros_tutorials/turtlesim' with build type 'ament_cmake'
[0.896s] INFO:colcon.colcon_cmake.task.cmake.build:Building CMake package in '/workspaces/SESARS_Labs/src/ros2_ws/src/ros_tutorials/turtlesim'
[0.906s] INFO:colcon.colcon_core.shell:Skip shell extension 'powershell' for command environment: Not usable outside of PowerShell
[0.906s] DEBUG:colcon.colcon_core.shell:Skip shell extension 'dsv' for command environment
[1.130s] INFO:colcon.colcon_core.task.python.build:Building Python package in '/workspaces/SESARS_Labs/src/ros2_ws/src/lab01_pkg'
[1.140s] INFO:colcon.colcon_core.shell:Skip shell extension 'powershell' for command environment: Not usable outside of PowerShell
[1.140s] DEBUG:colcon.colcon_core.shell:Skip shell extension 'dsv' for command environment
[1.388s] INFO:colcon.colcon_core.task.python.build:Building Python package in '/workspaces/SESARS_Labs/src/ros2_ws/src/py_pubsub'
[1.412s] INFO:colcon.colcon_core.shell:Skip shell extension 'powershell' for command environment: Not usable outside of PowerShell
[1.412s] DEBUG:colcon.colcon_core.shell:Skip shell extension 'dsv' for command environment
[1.487s] DEBUG:colcon.colcon_core.event_handler.log_command:Invoking command in '/workspaces/SESARS_Labs/src/ros2_ws/build/turtlesim': CMAKE_PREFIX_PATH=${CMAKE_PREFIX_PATH}:/workspaces/SESARS_Labs/src/ros2_ws/install/py_pubsub:/workspaces/SESARS_Labs/src/ros2_ws/install/lab01_pkg:/opt/ros/humble /usr/bin/cmake --build /workspaces/SESARS_Labs/src/ros2_ws/build/turtlesim -- -j12 -l12
[1.799s] DEBUG:colcon.colcon_core.event_handler.log_command:Invoking command in '/workspaces/SESARS_Labs/src/ros2_ws/src/lab01_pkg': PYTHONPATH=/workspaces/SESARS_Labs/src/ros2_ws/build/lab01_pkg/prefix_override:/workspaces/SESARS_Labs/src/ros2_ws/install/lab01_pkg/lib/python3.10/site-packages:${PYTHONPATH} /usr/bin/python3 setup.py egg_info --egg-base ../../build/lab01_pkg build --build-base /workspaces/SESARS_Labs/src/ros2_ws/build/lab01_pkg/build install --record /workspaces/SESARS_Labs/src/ros2_ws/build/lab01_pkg/install.log --single-version-externally-managed
[1.815s] DEBUG:colcon.colcon_core.event_handler.log_command:Invoking command in '/workspaces/SESARS_Labs/src/ros2_ws/src/py_pubsub': PYTHONPATH=/workspaces/SESARS_Labs/src/ros2_ws/build/py_pubsub/prefix_override:/workspaces/SESARS_Labs/src/ros2_ws/install/py_pubsub/lib/python3.10/site-packages:${PYTHONPATH} /usr/bin/python3 setup.py egg_info --egg-base ../../build/py_pubsub build --build-base /workspaces/SESARS_Labs/src/ros2_ws/build/py_pubsub/build install --record /workspaces/SESARS_Labs/src/ros2_ws/build/py_pubsub/install.log --single-version-externally-managed
[1.867s] DEBUG:colcon.colcon_core.event_handler.log_command:Invoked command in '/workspaces/SESARS_Labs/src/ros2_ws/build/turtlesim' returned '0': CMAKE_PREFIX_PATH=${CMAKE_PREFIX_PATH}:/workspaces/SESARS_Labs/src/ros2_ws/install/py_pubsub:/workspaces/SESARS_Labs/src/ros2_ws/install/lab01_pkg:/opt/ros/humble /usr/bin/cmake --build /workspaces/SESARS_Labs/src/ros2_ws/build/turtlesim -- -j12 -l12
[2.048s] DEBUG:colcon.colcon_core.event_handler.log_command:Invoked command in '/workspaces/SESARS_Labs/src/ros2_ws/src/lab01_pkg' returned '0': PYTHONPATH=/workspaces/SESARS_Labs/src/ros2_ws/build/lab01_pkg/prefix_override:/workspaces/SESARS_Labs/src/ros2_ws/install/lab01_pkg/lib/python3.10/site-packages:${PYTHONPATH} /usr/bin/python3 setup.py egg_info --egg-base ../../build/lab01_pkg build --build-base /workspaces/SESARS_Labs/src/ros2_ws/build/lab01_pkg/build install --record /workspaces/SESARS_Labs/src/ros2_ws/build/lab01_pkg/install.log --single-version-externally-managed
[2.059s] Level 1:colcon.colcon_core.environment:checking '/workspaces/SESARS_Labs/src/ros2_ws/install/lab01_pkg' for CMake module files
[2.060s] Level 1:colcon.colcon_core.environment:checking '/workspaces/SESARS_Labs/src/ros2_ws/install/lab01_pkg' for CMake config files
[2.060s] Level 1:colcon.colcon_core.environment:checking '/workspaces/SESARS_Labs/src/ros2_ws/install/lab01_pkg/lib'
[2.061s] Level 1:colcon.colcon_core.environment:checking '/workspaces/SESARS_Labs/src/ros2_ws/install/lab01_pkg/bin'
[2.061s] Level 1:colcon.colcon_core.environment:checking '/workspaces/SESARS_Labs/src/ros2_ws/install/lab01_pkg/lib/pkgconfig/lab01_pkg.pc'
[2.061s] Level 1:colcon.colcon_core.environment:checking '/workspaces/SESARS_Labs/src/ros2_ws/install/lab01_pkg/lib/python3.10/site-packages'
[2.061s] Level 1:colcon.colcon_core.shell:create_environment_hook('lab01_pkg', 'pythonpath')
[2.071s] INFO:colcon.colcon_core.shell:Creating environment hook '/workspaces/SESARS_Labs/src/ros2_ws/install/lab01_pkg/share/lab01_pkg/hook/pythonpath.ps1'
[2.071s] INFO:colcon.colcon_core.shell:Creating environment descriptor '/workspaces/SESARS_Labs/src/ros2_ws/install/lab01_pkg/share/lab01_pkg/hook/pythonpath.dsv'
[2.071s] INFO:colcon.colcon_core.shell:Creating environment hook '/workspaces/SESARS_Labs/src/ros2_ws/install/lab01_pkg/share/lab01_pkg/hook/pythonpath.sh'
[2.072s] Level 1:colcon.colcon_core.environment:checking '/workspaces/SESARS_Labs/src/ros2_ws/install/lab01_pkg/bin'
[2.072s] Level 1:colcon.colcon_core.environment:create_environment_scripts_only(lab01_pkg)
[2.081s] INFO:colcon.colcon_core.shell:Creating package script '/workspaces/SESARS_Labs/src/ros2_ws/install/lab01_pkg/share/lab01_pkg/package.ps1'
[2.082s] INFO:colcon.colcon_core.shell:Creating package descriptor '/workspaces/SESARS_Labs/src/ros2_ws/install/lab01_pkg/share/lab01_pkg/package.dsv'
[2.083s] INFO:colcon.colcon_core.shell:Creating package script '/workspaces/SESARS_Labs/src/ros2_ws/install/lab01_pkg/share/lab01_pkg/package.sh'
[2.083s] INFO:colcon.colcon_core.shell:Creating package script '/workspaces/SESARS_Labs/src/ros2_ws/install/lab01_pkg/share/lab01_pkg/package.bash'
[2.084s] INFO:colcon.colcon_core.shell:Creating package script '/workspaces/SESARS_Labs/src/ros2_ws/install/lab01_pkg/share/lab01_pkg/package.zsh'
[2.084s] Level 1:colcon.colcon_core.environment:create_file_with_runtime_dependencies(/workspaces/SESARS_Labs/src/ros2_ws/install/lab01_pkg/share/colcon-core/packages/lab01_pkg)
[2.086s] DEBUG:colcon.colcon_core.event_handler.log_command:Invoked command in '/workspaces/SESARS_Labs/src/ros2_ws/src/py_pubsub' returned '0': PYTHONPATH=/workspaces/SESARS_Labs/src/ros2_ws/build/py_pubsub/prefix_override:/workspaces/SESARS_Labs/src/ros2_ws/install/py_pubsub/lib/python3.10/site-packages:${PYTHONPATH} /usr/bin/python3 setup.py egg_info --egg-base ../../build/py_pubsub build --build-base /workspaces/SESARS_Labs/src/ros2_ws/build/py_pubsub/build install --record /workspaces/SESARS_Labs/src/ros2_ws/build/py_pubsub/install.log --single-version-externally-managed
[2.095s] Level 1:colcon.colcon_core.environment:checking '/workspaces/SESARS_Labs/src/ros2_ws/install/py_pubsub' for CMake module files
[2.096s] Level 1:colcon.colcon_core.environment:checking '/workspaces/SESARS_Labs/src/ros2_ws/install/py_pubsub' for CMake config files
[2.096s] Level 1:colcon.colcon_core.environment:checking '/workspaces/SESARS_Labs/src/ros2_ws/install/py_pubsub/lib'
[2.096s] Level 1:colcon.colcon_core.environment:checking '/workspaces/SESARS_Labs/src/ros2_ws/install/py_pubsub/bin'
[2.097s] Level 1:colcon.colcon_core.environment:checking '/workspaces/SESARS_Labs/src/ros2_ws/install/py_pubsub/lib/pkgconfig/py_pubsub.pc'
[2.097s] Level 1:colcon.colcon_core.environment:checking '/workspaces/SESARS_Labs/src/ros2_ws/install/py_pubsub/lib/python3.10/site-packages'
[2.097s] Level 1:colcon.colcon_core.shell:create_environment_hook('py_pubsub', 'pythonpath')
[2.107s] INFO:colcon.colcon_core.shell:Creating environment hook '/workspaces/SESARS_Labs/src/ros2_ws/install/py_pubsub/share/py_pubsub/hook/pythonpath.ps1'
[2.107s] INFO:colcon.colcon_core.shell:Creating environment descriptor '/workspaces/SESARS_Labs/src/ros2_ws/install/py_pubsub/share/py_pubsub/hook/pythonpath.dsv'
[2.107s] INFO:colcon.colcon_core.shell:Creating environment hook '/workspaces/SESARS_Labs/src/ros2_ws/install/py_pubsub/share/py_pubsub/hook/pythonpath.sh'
[2.108s] Level 1:colcon.colcon_core.environment:checking '/workspaces/SESARS_Labs/src/ros2_ws/install/py_pubsub/bin'
[2.108s] Level 1:colcon.colcon_core.environment:create_environment_scripts_only(py_pubsub)
[2.118s] INFO:colcon.colcon_core.shell:Creating package script '/workspaces/SESARS_Labs/src/ros2_ws/install/py_pubsub/share/py_pubsub/package.ps1'
[2.119s] INFO:colcon.colcon_core.shell:Creating package descriptor '/workspaces/SESARS_Labs/src/ros2_ws/install/py_pubsub/share/py_pubsub/package.dsv'
[2.119s] INFO:colcon.colcon_core.shell:Creating package script '/workspaces/SESARS_Labs/src/ros2_ws/install/py_pubsub/share/py_pubsub/package.sh'
[2.119s] INFO:colcon.colcon_core.shell:Creating package script '/workspaces/SESARS_Labs/src/ros2_ws/install/py_pubsub/share/py_pubsub/package.bash'
[2.120s] INFO:colcon.colcon_core.shell:Creating package script '/workspaces/SESARS_Labs/src/ros2_ws/install/py_pubsub/share/py_pubsub/package.zsh'
[2.120s] Level 1:colcon.colcon_core.environment:create_file_with_runtime_dependencies(/workspaces/SESARS_Labs/src/ros2_ws/install/py_pubsub/share/colcon-core/packages/py_pubsub)
[2.144s] DEBUG:colcon.colcon_core.event_handler.log_command:Invoking command in '/workspaces/SESARS_Labs/src/ros2_ws/build/turtlesim': CMAKE_PREFIX_PATH=${CMAKE_PREFIX_PATH}:/workspaces/SESARS_Labs/src/ros2_ws/install/py_pubsub:/workspaces/SESARS_Labs/src/ros2_ws/install/lab01_pkg:/opt/ros/humble /usr/bin/cmake --install /workspaces/SESARS_Labs/src/ros2_ws/build/turtlesim
[2.205s] Level 1:colcon.colcon_core.environment:create_environment_scripts_only(turtlesim)
[2.206s] DEBUG:colcon.colcon_core.event_handler.log_command:Invoked command in '/workspaces/SESARS_Labs/src/ros2_ws/build/turtlesim' returned '0': CMAKE_PREFIX_PATH=${CMAKE_PREFIX_PATH}:/workspaces/SESARS_Labs/src/ros2_ws/install/py_pubsub:/workspaces/SESARS_Labs/src/ros2_ws/install/lab01_pkg:/opt/ros/humble /usr/bin/cmake --install /workspaces/SESARS_Labs/src/ros2_ws/build/turtlesim
[2.218s] Level 1:colcon.colcon_core.environment:checking '/workspaces/SESARS_Labs/src/ros2_ws/install/turtlesim' for CMake module files
[2.219s] Level 1:colcon.colcon_core.environment:checking '/workspaces/SESARS_Labs/src/ros2_ws/install/turtlesim' for CMake config files
[2.219s] Level 1:colcon.colcon_core.shell:create_environment_hook('turtlesim', 'cmake_prefix_path')
[2.231s] INFO:colcon.colcon_core.shell:Creating environment hook '/workspaces/SESARS_Labs/src/ros2_ws/install/turtlesim/share/turtlesim/hook/cmake_prefix_path.ps1'
[2.231s] INFO:colcon.colcon_core.shell:Creating environment descriptor '/workspaces/SESARS_Labs/src/ros2_ws/install/turtlesim/share/turtlesim/hook/cmake_prefix_path.dsv'
[2.232s] INFO:colcon.colcon_core.shell:Creating environment hook '/workspaces/SESARS_Labs/src/ros2_ws/install/turtlesim/share/turtlesim/hook/cmake_prefix_path.sh'
[2.232s] Level 1:colcon.colcon_core.environment:checking '/workspaces/SESARS_Labs/src/ros2_ws/install/turtlesim/lib'
[2.232s] Level 1:colcon.colcon_core.shell:create_environment_hook('turtlesim', 'ld_library_path_lib')
[2.244s] INFO:colcon.colcon_core.shell:Creating environment hook '/workspaces/SESARS_Labs/src/ros2_ws/install/turtlesim/share/turtlesim/hook/ld_library_path_lib.ps1'
[2.244s] INFO:colcon.colcon_core.shell:Creating environment descriptor '/workspaces/SESARS_Labs/src/ros2_ws/install/turtlesim/share/turtlesim/hook/ld_library_path_lib.dsv'
[2.245s] INFO:colcon.colcon_core.shell:Creating environment hook '/workspaces/SESARS_Labs/src/ros2_ws/install/turtlesim/share/turtlesim/hook/ld_library_path_lib.sh'
[2.245s] Level 1:colcon.colcon_core.environment:checking '/workspaces/SESARS_Labs/src/ros2_ws/install/turtlesim/bin'
[2.245s] Level 1:colcon.colcon_core.environment:checking '/workspaces/SESARS_Labs/src/ros2_ws/install/turtlesim/lib/pkgconfig/turtlesim.pc'
[2.245s] Level 1:colcon.colcon_core.environment:checking '/workspaces/SESARS_Labs/src/ros2_ws/install/turtlesim/lib/python3.10/site-packages'
[2.245s] Level 1:colcon.colcon_core.environment:checking '/workspaces/SESARS_Labs/src/ros2_ws/install/turtlesim/bin'
[2.254s] INFO:colcon.colcon_core.shell:Creating package script '/workspaces/SESARS_Labs/src/ros2_ws/install/turtlesim/share/turtlesim/package.ps1'
[2.255s] INFO:colcon.colcon_core.shell:Creating package descriptor '/workspaces/SESARS_Labs/src/ros2_ws/install/turtlesim/share/turtlesim/package.dsv'
[2.255s] INFO:colcon.colcon_core.shell:Creating package script '/workspaces/SESARS_Labs/src/ros2_ws/install/turtlesim/share/turtlesim/package.sh'
[2.255s] INFO:colcon.colcon_core.shell:Creating package script '/workspaces/SESARS_Labs/src/ros2_ws/install/turtlesim/share/turtlesim/package.bash'
[2.256s] INFO:colcon.colcon_core.shell:Creating package script '/workspaces/SESARS_Labs/src/ros2_ws/install/turtlesim/share/turtlesim/package.zsh'
[2.256s] Level 1:colcon.colcon_core.environment:create_file_with_runtime_dependencies(/workspaces/SESARS_Labs/src/ros2_ws/install/turtlesim/share/colcon-core/packages/turtlesim)
[2.767s] Level 1:colcon.colcon_core.environment:create_environment_scripts_only(turtlesim)
[2.791s] Level 1:colcon.colcon_core.environment:checking '/workspaces/SESARS_Labs/src/ros2_ws/install/turtlesim' for CMake module files
[2.793s] Level 1:colcon.colcon_core.environment:checking '/workspaces/SESARS_Labs/src/ros2_ws/install/turtlesim' for CMake config files
[2.794s] Level 1:colcon.colcon_core.shell:create_environment_hook('turtlesim', 'cmake_prefix_path')
[2.818s] INFO:colcon.colcon_core.shell:Creating environment hook '/workspaces/SESARS_Labs/src/ros2_ws/install/turtlesim/share/turtlesim/hook/cmake_prefix_path.ps1'
[2.819s] INFO:colcon.colcon_core.shell:Creating environment descriptor '/workspaces/SESARS_Labs/src/ros2_ws/install/turtlesim/share/turtlesim/hook/cmake_prefix_path.dsv'
[2.819s] INFO:colcon.colcon_core.shell:Creating environment hook '/workspaces/SESARS_Labs/src/ros2_ws/install/turtlesim/share/turtlesim/hook/cmake_prefix_path.sh'
[2.820s] Level 1:colcon.colcon_core.environment:checking '/workspaces/SESARS_Labs/src/ros2_ws/install/turtlesim/lib'
[2.821s] Level 1:colcon.colcon_core.shell:create_environment_hook('turtlesim', 'ld_library_path_lib')
[2.831s] INFO:colcon.colcon_core.shell:Creating environment hook '/workspaces/SESARS_Labs/src/ros2_ws/install/turtlesim/share/turtlesim/hook/ld_library_path_lib.ps1'
[2.831s] INFO:colcon.colcon_core.shell:Creating environment descriptor '/workspaces/SESARS_Labs/src/ros2_ws/install/turtlesim/share/turtlesim/hook/ld_library_path_lib.dsv'
[2.831s] INFO:colcon.colcon_core.shell:Creating environment hook '/workspaces/SESARS_Labs/src/ros2_ws/install/turtlesim/share/turtlesim/hook/ld_library_path_lib.sh'
[2.832s] Level 1:colcon.colcon_core.environment:checking '/workspaces/SESARS_Labs/src/ros2_ws/install/turtlesim/bin'
[2.832s] Level 1:colcon.colcon_core.environment:checking '/workspaces/SESARS_Labs/src/ros2_ws/install/turtlesim/lib/pkgconfig/turtlesim.pc'
[2.832s] Level 1:colcon.colcon_core.environment:checking '/workspaces/SESARS_Labs/src/ros2_ws/install/turtlesim/lib/python3.10/site-packages'
[2.832s] Level 1:colcon.colcon_core.environment:checking '/workspaces/SESARS_Labs/src/ros2_ws/install/turtlesim/bin'
[2.841s] INFO:colcon.colcon_core.shell:Creating package script '/workspaces/SESARS_Labs/src/ros2_ws/install/turtlesim/share/turtlesim/package.ps1'
[2.842s] INFO:colcon.colcon_core.shell:Creating package descriptor '/workspaces/SESARS_Labs/src/ros2_ws/install/turtlesim/share/turtlesim/package.dsv'
[2.842s] INFO:colcon.colcon_core.shell:Creating package script '/workspaces/SESARS_Labs/src/ros2_ws/install/turtlesim/share/turtlesim/package.sh'
[2.843s] INFO:colcon.colcon_core.shell:Creating package script '/workspaces/SESARS_Labs/src/ros2_ws/install/turtlesim/share/turtlesim/package.bash'
[2.843s] INFO:colcon.colcon_core.shell:Creating package script '/workspaces/SESARS_Labs/src/ros2_ws/install/turtlesim/share/turtlesim/package.zsh'
[2.843s] Level 1:colcon.colcon_core.environment:create_file_with_runtime_dependencies(/workspaces/SESARS_Labs/src/ros2_ws/install/turtlesim/share/colcon-core/packages/turtlesim)
[2.843s] DEBUG:colcon.colcon_parallel_executor.executor.parallel:closing loop
[2.844s] DEBUG:colcon.colcon_parallel_executor.executor.parallel:loop closed
[2.844s] DEBUG:colcon.colcon_parallel_executor.executor.parallel:run_until_complete finished with '0'
[2.844s] DEBUG:colcon.colcon_core.event_reactor:joining thread
[2.882s] INFO:colcon.colcon_core.plugin_system:Skipping extension 'colcon_notification.desktop_notification.notify_send': Could not find 'notify-send'
[2.882s] INFO:colcon.colcon_core.plugin_system:Skipping extension 'colcon_notification.desktop_notification.terminal_notifier': Not used on non-Darwin systems
[2.882s] INFO:colcon.colcon_core.plugin_system:Skipping extension 'colcon_notification.desktop_notification.win32': Not used on non-Windows systems
[2.882s] INFO:colcon.colcon_notification.desktop_notification:Sending desktop notification using 'notify2'
[2.888s] DEBUG:colcon.colcon_notification.desktop_notification.notify2:Failed to initialize notify2: org.freedesktop.DBus.Error.Spawn.ExecFailed: /usr/bin/dbus-launch terminated abnormally without any error message
[2.889s] DEBUG:colcon.colcon_core.event_reactor:joined thread
[2.899s] INFO:colcon.colcon_core.shell:Creating prefix script '/workspaces/SESARS_Labs/src/ros2_ws/install/local_setup.ps1'
[2.900s] INFO:colcon.colcon_core.shell:Creating prefix util module '/workspaces/SESARS_Labs/src/ros2_ws/install/_local_setup_util_ps1.py'
[2.901s] INFO:colcon.colcon_core.shell:Creating prefix chain script '/workspaces/SESARS_Labs/src/ros2_ws/install/setup.ps1'
[2.911s] INFO:colcon.colcon_core.shell:Creating prefix script '/workspaces/SESARS_Labs/src/ros2_ws/install/local_setup.sh'
[2.912s] INFO:colcon.colcon_core.shell:Creating prefix util module '/workspaces/SESARS_Labs/src/ros2_ws/install/_local_setup_util_sh.py'
[2.912s] INFO:colcon.colcon_core.shell:Creating prefix chain script '/workspaces/SESARS_Labs/src/ros2_ws/install/setup.sh'
[2.922s] INFO:colcon.colcon_core.shell:Creating prefix script '/workspaces/SESARS_Labs/src/ros2_ws/install/local_setup.bash'
[2.923s] INFO:colcon.colcon_core.shell:Creating prefix chain script '/workspaces/SESARS_Labs/src/ros2_ws/install/setup.bash'
[2.933s] INFO:colcon.colcon_core.shell:Creating prefix script '/workspaces/SESARS_Labs/src/ros2_ws/install/local_setup.zsh'
[2.933s] INFO:colcon.colcon_core.shell:Creating prefix chain script '/workspaces/SESARS_Labs/src/ros2_ws/install/setup.zsh'
