[0.541s] Invoking command in '/home/kristoffer/ros2_ws/src/py_pubsub': PYTHONPATH=/home/kristoffer/ros2_ws/build/py_pubsub/prefix_override:/home/kristoffer/ros2_ws/install/py_pubsub/lib/python3.10/site-packages: /usr/bin/python3 setup.py egg_info --egg-base ../../build/py_pubsub build --build-base /home/kristoffer/ros2_ws/build/py_pubsub/build install --record /home/kristoffer/ros2_ws/build/py_pubsub/install.log --single-version-externally-managed
[0.704s] running egg_info
[0.704s] creating ../../build/py_pubsub/py_pubsub.egg-info
[0.705s] writing ../../build/py_pubsub/py_pubsub.egg-info/PKG-INFO
[0.705s] writing dependency_links to ../../build/py_pubsub/py_pubsub.egg-info/dependency_links.txt
[0.705s] writing entry points to ../../build/py_pubsub/py_pubsub.egg-info/entry_points.txt
[0.705s] writing requirements to ../../build/py_pubsub/py_pubsub.egg-info/requires.txt
[0.705s] writing top-level names to ../../build/py_pubsub/py_pubsub.egg-info/top_level.txt
[0.706s] writing manifest file '../../build/py_pubsub/py_pubsub.egg-info/SOURCES.txt'
[0.707s] reading manifest file '../../build/py_pubsub/py_pubsub.egg-info/SOURCES.txt'
[0.708s] writing manifest file '../../build/py_pubsub/py_pubsub.egg-info/SOURCES.txt'
[0.709s] running build
[0.709s] running build_py
[0.709s] creating /home/kristoffer/ros2_ws/build/py_pubsub/build
[0.709s] creating /home/kristoffer/ros2_ws/build/py_pubsub/build/lib
[0.710s] creating /home/kristoffer/ros2_ws/build/py_pubsub/build/lib/py_pubsub
[0.710s] copying py_pubsub/publisher_member_function.py -> /home/kristoffer/ros2_ws/build/py_pubsub/build/lib/py_pubsub
[0.710s] copying py_pubsub/__init__.py -> /home/kristoffer/ros2_ws/build/py_pubsub/build/lib/py_pubsub
[0.710s] copying py_pubsub/subscriber_member_function.py -> /home/kristoffer/ros2_ws/build/py_pubsub/build/lib/py_pubsub
[0.710s] running install
[0.717s] /usr/lib/python3/dist-packages/setuptools/command/install.py:34: SetuptoolsDeprecationWarning: setup.py install is deprecated. Use build and pip and other standards-based tools.
[0.717s]   warnings.warn(
[0.717s] running install_lib
[0.718s] creating /home/kristoffer/ros2_ws/install/py_pubsub/lib/python3.10/site-packages/py_pubsub
[0.718s] copying /home/kristoffer/ros2_ws/build/py_pubsub/build/lib/py_pubsub/publisher_member_function.py -> /home/kristoffer/ros2_ws/install/py_pubsub/lib/python3.10/site-packages/py_pubsub
[0.718s] copying /home/kristoffer/ros2_ws/build/py_pubsub/build/lib/py_pubsub/__init__.py -> /home/kristoffer/ros2_ws/install/py_pubsub/lib/python3.10/site-packages/py_pubsub
[0.719s] copying /home/kristoffer/ros2_ws/build/py_pubsub/build/lib/py_pubsub/subscriber_member_function.py -> /home/kristoffer/ros2_ws/install/py_pubsub/lib/python3.10/site-packages/py_pubsub
[0.719s] byte-compiling /home/kristoffer/ros2_ws/install/py_pubsub/lib/python3.10/site-packages/py_pubsub/publisher_member_function.py to publisher_member_function.cpython-310.pyc
[0.719s] byte-compiling /home/kristoffer/ros2_ws/install/py_pubsub/lib/python3.10/site-packages/py_pubsub/__init__.py to __init__.cpython-310.pyc
[0.719s] byte-compiling /home/kristoffer/ros2_ws/install/py_pubsub/lib/python3.10/site-packages/py_pubsub/subscriber_member_function.py to subscriber_member_function.cpython-310.pyc
[0.720s] running install_data
[0.720s] creating /home/kristoffer/ros2_ws/install/py_pubsub/share/ament_index
[0.720s] creating /home/kristoffer/ros2_ws/install/py_pubsub/share/ament_index/resource_index
[0.721s] creating /home/kristoffer/ros2_ws/install/py_pubsub/share/ament_index/resource_index/packages
[0.721s] copying resource/py_pubsub -> /home/kristoffer/ros2_ws/install/py_pubsub/share/ament_index/resource_index/packages
[0.721s] copying package.xml -> /home/kristoffer/ros2_ws/install/py_pubsub/share/py_pubsub
[0.721s] running install_egg_info
[0.722s] Copying ../../build/py_pubsub/py_pubsub.egg-info to /home/kristoffer/ros2_ws/install/py_pubsub/lib/python3.10/site-packages/py_pubsub-0.0.0-py3.10.egg-info
[0.723s] running install_scripts
[0.741s] Installing listener script to /home/kristoffer/ros2_ws/install/py_pubsub/lib/py_pubsub
[0.741s] Installing talker script to /home/kristoffer/ros2_ws/install/py_pubsub/lib/py_pubsub
[0.741s] writing list of installed files to '/home/kristoffer/ros2_ws/build/py_pubsub/install.log'
[0.771s] Invoked command in '/home/kristoffer/ros2_ws/src/py_pubsub' returned '0': PYTHONPATH=/home/kristoffer/ros2_ws/build/py_pubsub/prefix_override:/home/kristoffer/ros2_ws/install/py_pubsub/lib/python3.10/site-packages: /usr/bin/python3 setup.py egg_info --egg-base ../../build/py_pubsub build --build-base /home/kristoffer/ros2_ws/build/py_pubsub/build install --record /home/kristoffer/ros2_ws/build/py_pubsub/install.log --single-version-externally-managed
